[0.016s] Invoking command in '/home/ibz/uav_ws/build/px4_ros_com': AMENT_PREFIX_PATH=/home/ibz/uav_ws/install/px4_msgs:${AMENT_PREFIX_PATH} CMAKE_PREFIX_PATH=/home/ibz/uav_ws/install/px4_msgs:/opt/ros/humble LD_LIBRARY_PATH=/home/ibz/uav_ws/install/px4_msgs/lib:/usr/lib/x86_64-linux-gnu/gazebo-11/plugins:/opt/ros/humble/opt/rviz_ogre_vendor/lib:/opt/ros/humble/lib/x86_64-linux-gnu:/opt/ros/humble/lib:/tmp/.mount_cursorJoKCTQ/usr/lib/:/tmp/.mount_cursorJoKCTQ/usr/lib32/:/tmp/.mount_cursorJoKCTQ/usr/lib64/:/tmp/.mount_cursorJoKCTQ/lib/:/tmp/.mount_cursorJoKCTQ/lib/i386-linux-gnu/:/tmp/.mount_cursorJoKCTQ/lib/x86_64-linux-gnu/:/tmp/.mount_cursorJoKCTQ/lib/aarch64-linux-gnu/:/tmp/.mount_cursorJoKCTQ/lib32/:/tmp/.mount_cursorJoKCTQ/lib64/:/tmp/.mount_cursormEaCen/usr/lib/:/tmp/.mount_cursormEaCen/usr/lib32/:/tmp/.mount_cursormEaCen/usr/lib64/:/tmp/.mount_cursormEaCen/lib/:/tmp/.mount_cursormEaCen/lib/i386-linux-gnu/:/tmp/.mount_cursormEaCen/lib/x86_64-linux-gnu/:/tmp/.mount_cursormEaCen/lib/aarch64-linux-gnu/:/tmp/.mount_cursormEaCen/lib32/:/tmp/.mount_cursormEaCen/lib64/ PYTHONPATH=/home/ibz/uav_ws/install/px4_msgs/local/lib/python3.10/dist-packages:${PYTHONPATH} /usr/bin/cmake /home/ibz/uav_ws/src/px4_ros_com -DCMAKE_INSTALL_PREFIX=/home/ibz/uav_ws/install/px4_ros_com
[0.095s] -- The C compiler identification is GNU 11.4.0
[0.159s] -- The CXX compiler identification is GNU 11.4.0
[0.169s] -- Detecting C compiler ABI info
[0.261s] -- Detecting C compiler ABI info - done
[0.267s] -- Check for working C compiler: /usr/bin/cc - skipped
[0.267s] -- Detecting C compile features
[0.267s] -- Detecting C compile features - done
[0.269s] -- Detecting CXX compiler ABI info
[0.373s] -- Detecting CXX compiler ABI info - done
[0.379s] -- Check for working CXX compiler: /usr/bin/c++ - skipped
[0.379s] -- Detecting CXX compile features
[0.379s] -- Detecting CXX compile features - done
[0.381s] -- Found ament_cmake: 1.3.11 (/opt/ros/humble/share/ament_cmake/cmake)
[0.530s] -- Found Python3: /usr/bin/python3 (found version "3.10.12") found components: Interpreter 
[0.602s] -- Found builtin_interfaces: 1.2.1 (/opt/ros/humble/share/builtin_interfaces/cmake)
[0.625s] -- Found rosidl_generator_c: 3.1.6 (/opt/ros/humble/share/rosidl_generator_c/cmake)
[0.628s] -- Found rosidl_adapter: 3.1.6 (/opt/ros/humble/share/rosidl_adapter/cmake)
[0.634s] -- Found rosidl_generator_cpp: 3.1.6 (/opt/ros/humble/share/rosidl_generator_cpp/cmake)
[0.642s] -- Using all available rosidl_typesupport_c: rosidl_typesupport_fastrtps_c;rosidl_typesupport_introspection_c
[0.654s] -- Using all available rosidl_typesupport_cpp: rosidl_typesupport_fastrtps_cpp;rosidl_typesupport_introspection_cpp
[0.672s] -- Found eigen3_cmake_module: 0.1.1 (/opt/ros/humble/share/eigen3_cmake_module/cmake)
[0.680s] -- Found Eigen3: TRUE (found version "3.4.0") 
[0.681s] -- Found geometry_msgs: 4.2.4 (/opt/ros/humble/share/geometry_msgs/cmake)
[0.701s] -- Found px4_msgs: 2.0.1 (/home/ibz/uav_ws/install/px4_msgs/share/px4_msgs/cmake)
[0.711s] -- Found rclcpp: 16.0.11 (/opt/ros/humble/share/rclcpp/cmake)
[0.738s] -- Found rmw_implementation_cmake: 6.1.2 (/opt/ros/humble/share/rmw_implementation_cmake/cmake)
[0.740s] -- Found rmw_fastrtps_cpp: 6.2.7 (/opt/ros/humble/share/rmw_fastrtps_cpp/cmake)
[0.857s] -- Found OpenSSL: /usr/lib/x86_64-linux-gnu/libcrypto.so (found version "3.0.2")  
[0.883s] -- Found FastRTPS: /opt/ros/humble/include  
[0.927s] -- Using RMW implementation 'rmw_fastrtps_cpp' as default
[0.935s] -- Looking for pthread.h
[1.023s] -- Looking for pthread.h - found
[1.023s] -- Performing Test CMAKE_HAVE_LIBC_PTHREAD
[1.113s] -- Performing Test CMAKE_HAVE_LIBC_PTHREAD - Success
[1.114s] -- Found Threads: TRUE  
[1.145s] -- Found sensor_msgs: 4.2.4 (/opt/ros/humble/share/sensor_msgs/cmake)
[1.158s] -- Found rclpy: 3.3.15 (/opt/ros/humble/share/rclpy/cmake)
[1.166s] -- Found ament_lint_auto: 0.12.11 (/opt/ros/humble/share/ament_lint_auto/cmake)
[1.250s] -- Added test 'copyright' to check source files copyright and LICENSE
[1.254s] -- Added test 'cppcheck' to perform static code analysis on C / C++ code
[1.254s] -- Configured cppcheck include dirs: /home/ibz/uav_ws/src/px4_ros_com/include;$<BUILD_INTERFACE:/home/ibz/uav_ws/src/px4_ros_com/include/px4_ros_com>
[1.254s] -- Configured cppcheck exclude dirs and/or files: 
[1.256s] -- Added test 'cpplint' to check C / C++ code against the Google style
[1.256s] -- Configured cpplint exclude dirs and/or files: 
[1.257s] -- Added test 'flake8' to check Python code syntax and style conventions
[1.258s] -- Added test 'lint_cmake' to check CMake code style
[1.258s] -- Added test 'pep257' to check Python code against some of the docstring style conventions in PEP 257
[1.261s] -- Added test 'uncrustify' to check C / C++ code style
[1.261s] -- Configured uncrustify additional arguments: 
[1.261s] -- Added test 'xmllint' to check XML markup files
[1.263s] -- Configuring done
[1.278s] -- Generating done
[1.285s] -- Build files have been written to: /home/ibz/uav_ws/build/px4_ros_com
[1.295s] Invoked command in '/home/ibz/uav_ws/build/px4_ros_com' returned '0': AMENT_PREFIX_PATH=/home/ibz/uav_ws/install/px4_msgs:${AMENT_PREFIX_PATH} CMAKE_PREFIX_PATH=/home/ibz/uav_ws/install/px4_msgs:/opt/ros/humble LD_LIBRARY_PATH=/home/ibz/uav_ws/install/px4_msgs/lib:/usr/lib/x86_64-linux-gnu/gazebo-11/plugins:/opt/ros/humble/opt/rviz_ogre_vendor/lib:/opt/ros/humble/lib/x86_64-linux-gnu:/opt/ros/humble/lib:/tmp/.mount_cursorJoKCTQ/usr/lib/:/tmp/.mount_cursorJoKCTQ/usr/lib32/:/tmp/.mount_cursorJoKCTQ/usr/lib64/:/tmp/.mount_cursorJoKCTQ/lib/:/tmp/.mount_cursorJoKCTQ/lib/i386-linux-gnu/:/tmp/.mount_cursorJoKCTQ/lib/x86_64-linux-gnu/:/tmp/.mount_cursorJoKCTQ/lib/aarch64-linux-gnu/:/tmp/.mount_cursorJoKCTQ/lib32/:/tmp/.mount_cursorJoKCTQ/lib64/:/tmp/.mount_cursormEaCen/usr/lib/:/tmp/.mount_cursormEaCen/usr/lib32/:/tmp/.mount_cursormEaCen/usr/lib64/:/tmp/.mount_cursormEaCen/lib/:/tmp/.mount_cursormEaCen/lib/i386-linux-gnu/:/tmp/.mount_cursormEaCen/lib/x86_64-linux-gnu/:/tmp/.mount_cursormEaCen/lib/aarch64-linux-gnu/:/tmp/.mount_cursormEaCen/lib32/:/tmp/.mount_cursormEaCen/lib64/ PYTHONPATH=/home/ibz/uav_ws/install/px4_msgs/local/lib/python3.10/dist-packages:${PYTHONPATH} /usr/bin/cmake /home/ibz/uav_ws/src/px4_ros_com -DCMAKE_INSTALL_PREFIX=/home/ibz/uav_ws/install/px4_ros_com
[1.295s] Invoking command in '/home/ibz/uav_ws/build/px4_ros_com': AMENT_PREFIX_PATH=/home/ibz/uav_ws/install/px4_msgs:${AMENT_PREFIX_PATH} CMAKE_PREFIX_PATH=/home/ibz/uav_ws/install/px4_msgs:/opt/ros/humble LD_LIBRARY_PATH=/home/ibz/uav_ws/install/px4_msgs/lib:/usr/lib/x86_64-linux-gnu/gazebo-11/plugins:/opt/ros/humble/opt/rviz_ogre_vendor/lib:/opt/ros/humble/lib/x86_64-linux-gnu:/opt/ros/humble/lib:/tmp/.mount_cursorJoKCTQ/usr/lib/:/tmp/.mount_cursorJoKCTQ/usr/lib32/:/tmp/.mount_cursorJoKCTQ/usr/lib64/:/tmp/.mount_cursorJoKCTQ/lib/:/tmp/.mount_cursorJoKCTQ/lib/i386-linux-gnu/:/tmp/.mount_cursorJoKCTQ/lib/x86_64-linux-gnu/:/tmp/.mount_cursorJoKCTQ/lib/aarch64-linux-gnu/:/tmp/.mount_cursorJoKCTQ/lib32/:/tmp/.mount_cursorJoKCTQ/lib64/:/tmp/.mount_cursormEaCen/usr/lib/:/tmp/.mount_cursormEaCen/usr/lib32/:/tmp/.mount_cursormEaCen/usr/lib64/:/tmp/.mount_cursormEaCen/lib/:/tmp/.mount_cursormEaCen/lib/i386-linux-gnu/:/tmp/.mount_cursormEaCen/lib/x86_64-linux-gnu/:/tmp/.mount_cursormEaCen/lib/aarch64-linux-gnu/:/tmp/.mount_cursormEaCen/lib32/:/tmp/.mount_cursormEaCen/lib64/ PYTHONPATH=/home/ibz/uav_ws/install/px4_msgs/local/lib/python3.10/dist-packages:${PYTHONPATH} /usr/bin/cmake --build /home/ibz/uav_ws/build/px4_ros_com -- -j12 -l12
[1.413s] [  8%] [32mBuilding CXX object CMakeFiles/offboard_control.dir/src/examples/offboard/offboard_control.cpp.o[0m
[1.422s] [ 16%] [32mBuilding CXX object CMakeFiles/frame_transforms.dir/src/lib/frame_transforms.cpp.o[0m
[1.425s] [ 25%] [32mBuilding CXX object CMakeFiles/debug_vect_advertiser.dir/src/examples/advertisers/debug_vect_advertiser.cpp.o[0m
[1.431s] [ 33%] [32mBuilding CXX object CMakeFiles/offboard_control_srv.dir/src/examples/offboard/offboard_control_srv.cpp.o[0m
[1.439s] [ 41%] [32mBuilding CXX object CMakeFiles/vehicle_gps_position_listener.dir/src/examples/listeners/vehicle_gps_position_listener.cpp.o[0m
[1.445s] [ 50%] [32mBuilding CXX object CMakeFiles/sensor_combined_listener.dir/src/examples/listeners/sensor_combined_listener.cpp.o[0m
[1.456s] [ 50%] Built target ament_cmake_python_copy_px4_ros_com
[1.766s] running egg_info
[1.767s] creating px4_ros_com.egg-info
[1.767s] writing px4_ros_com.egg-info/PKG-INFO
[1.767s] writing dependency_links to px4_ros_com.egg-info/dependency_links.txt
[1.767s] writing top-level names to px4_ros_com.egg-info/top_level.txt
[1.768s] writing manifest file 'px4_ros_com.egg-info/SOURCES.txt'
[1.770s] reading manifest file 'px4_ros_com.egg-info/SOURCES.txt'
[1.770s] writing manifest file 'px4_ros_com.egg-info/SOURCES.txt'
[1.817s] [ 50%] Built target ament_cmake_python_build_px4_ros_com_egg
[5.910s] [ 58%] [32m[1mLinking CXX executable debug_vect_advertiser[0m
[6.155s] [ 58%] Built target debug_vect_advertiser
[6.829s] [ 66%] [32m[1mLinking CXX executable offboard_control[0m
[7.067s] [ 66%] Built target offboard_control
[7.494s] [ 75%] [32m[1mLinking CXX executable offboard_control_srv[0m
[7.734s] [ 75%] Built target offboard_control_srv
[8.579s] [ 83%] [32m[1mLinking CXX shared library libframe_transforms.so[0m
[8.829s] [ 83%] Built target frame_transforms
[9.841s] [ 91%] [32m[1mLinking CXX executable sensor_combined_listener[0m
[9.860s] [100%] [32m[1mLinking CXX executable vehicle_gps_position_listener[0m
[10.165s] [100%] Built target sensor_combined_listener
[10.187s] [100%] Built target vehicle_gps_position_listener
[10.200s] Invoked command in '/home/ibz/uav_ws/build/px4_ros_com' returned '0': AMENT_PREFIX_PATH=/home/ibz/uav_ws/install/px4_msgs:${AMENT_PREFIX_PATH} CMAKE_PREFIX_PATH=/home/ibz/uav_ws/install/px4_msgs:/opt/ros/humble LD_LIBRARY_PATH=/home/ibz/uav_ws/install/px4_msgs/lib:/usr/lib/x86_64-linux-gnu/gazebo-11/plugins:/opt/ros/humble/opt/rviz_ogre_vendor/lib:/opt/ros/humble/lib/x86_64-linux-gnu:/opt/ros/humble/lib:/tmp/.mount_cursorJoKCTQ/usr/lib/:/tmp/.mount_cursorJoKCTQ/usr/lib32/:/tmp/.mount_cursorJoKCTQ/usr/lib64/:/tmp/.mount_cursorJoKCTQ/lib/:/tmp/.mount_cursorJoKCTQ/lib/i386-linux-gnu/:/tmp/.mount_cursorJoKCTQ/lib/x86_64-linux-gnu/:/tmp/.mount_cursorJoKCTQ/lib/aarch64-linux-gnu/:/tmp/.mount_cursorJoKCTQ/lib32/:/tmp/.mount_cursorJoKCTQ/lib64/:/tmp/.mount_cursormEaCen/usr/lib/:/tmp/.mount_cursormEaCen/usr/lib32/:/tmp/.mount_cursormEaCen/usr/lib64/:/tmp/.mount_cursormEaCen/lib/:/tmp/.mount_cursormEaCen/lib/i386-linux-gnu/:/tmp/.mount_cursormEaCen/lib/x86_64-linux-gnu/:/tmp/.mount_cursormEaCen/lib/aarch64-linux-gnu/:/tmp/.mount_cursormEaCen/lib32/:/tmp/.mount_cursormEaCen/lib64/ PYTHONPATH=/home/ibz/uav_ws/install/px4_msgs/local/lib/python3.10/dist-packages:${PYTHONPATH} /usr/bin/cmake --build /home/ibz/uav_ws/build/px4_ros_com -- -j12 -l12
[10.202s] Invoking command in '/home/ibz/uav_ws/build/px4_ros_com': AMENT_PREFIX_PATH=/home/ibz/uav_ws/install/px4_msgs:${AMENT_PREFIX_PATH} CMAKE_PREFIX_PATH=/home/ibz/uav_ws/install/px4_msgs:/opt/ros/humble LD_LIBRARY_PATH=/home/ibz/uav_ws/install/px4_msgs/lib:/usr/lib/x86_64-linux-gnu/gazebo-11/plugins:/opt/ros/humble/opt/rviz_ogre_vendor/lib:/opt/ros/humble/lib/x86_64-linux-gnu:/opt/ros/humble/lib:/tmp/.mount_cursorJoKCTQ/usr/lib/:/tmp/.mount_cursorJoKCTQ/usr/lib32/:/tmp/.mount_cursorJoKCTQ/usr/lib64/:/tmp/.mount_cursorJoKCTQ/lib/:/tmp/.mount_cursorJoKCTQ/lib/i386-linux-gnu/:/tmp/.mount_cursorJoKCTQ/lib/x86_64-linux-gnu/:/tmp/.mount_cursorJoKCTQ/lib/aarch64-linux-gnu/:/tmp/.mount_cursorJoKCTQ/lib32/:/tmp/.mount_cursorJoKCTQ/lib64/:/tmp/.mount_cursormEaCen/usr/lib/:/tmp/.mount_cursormEaCen/usr/lib32/:/tmp/.mount_cursormEaCen/usr/lib64/:/tmp/.mount_cursormEaCen/lib/:/tmp/.mount_cursormEaCen/lib/i386-linux-gnu/:/tmp/.mount_cursormEaCen/lib/x86_64-linux-gnu/:/tmp/.mount_cursormEaCen/lib/aarch64-linux-gnu/:/tmp/.mount_cursormEaCen/lib32/:/tmp/.mount_cursormEaCen/lib64/ PYTHONPATH=/home/ibz/uav_ws/install/px4_msgs/local/lib/python3.10/dist-packages:${PYTHONPATH} /usr/bin/cmake --install /home/ibz/uav_ws/build/px4_ros_com
[10.210s] -- Install configuration: ""
[10.210s] -- Installing: /home/ibz/uav_ws/install/px4_ros_com/lib/px4_ros_com/sensor_combined_listener
[10.213s] -- Set runtime path of "/home/ibz/uav_ws/install/px4_ros_com/lib/px4_ros_com/sensor_combined_listener" to ""
[10.213s] -- Installing: /home/ibz/uav_ws/install/px4_ros_com/lib/px4_ros_com/vehicle_gps_position_listener
[10.215s] -- Set runtime path of "/home/ibz/uav_ws/install/px4_ros_com/lib/px4_ros_com/vehicle_gps_position_listener" to ""
[10.215s] -- Installing: /home/ibz/uav_ws/install/px4_ros_com/lib/px4_ros_com/debug_vect_advertiser
[10.215s] -- Set runtime path of "/home/ibz/uav_ws/install/px4_ros_com/lib/px4_ros_com/debug_vect_advertiser" to ""
[10.215s] -- Installing: /home/ibz/uav_ws/install/px4_ros_com/lib/px4_ros_com/offboard_control
[10.216s] -- Set runtime path of "/home/ibz/uav_ws/install/px4_ros_com/lib/px4_ros_com/offboard_control" to ""
[10.216s] -- Installing: /home/ibz/uav_ws/install/px4_ros_com/lib/px4_ros_com/offboard_control_srv
[10.217s] -- Set runtime path of "/home/ibz/uav_ws/install/px4_ros_com/lib/px4_ros_com/offboard_control_srv" to ""
[10.218s] -- Installing: /home/ibz/uav_ws/install/px4_ros_com/share/px4_ros_com/environment/library_path.sh
[10.218s] -- Installing: /home/ibz/uav_ws/install/px4_ros_com/share/px4_ros_com/environment/library_path.dsv
[10.218s] -- Installing: /home/ibz/uav_ws/install/px4_ros_com/include/px4_ros_com
[10.218s] -- Installing: /home/ibz/uav_ws/install/px4_ros_com/include/px4_ros_com/frame_transforms.h
[10.218s] -- Installing: /home/ibz/uav_ws/install/px4_ros_com/lib/libframe_transforms.so
[10.220s] -- Set runtime path of "/home/ibz/uav_ws/install/px4_ros_com/lib/libframe_transforms.so" to ""
[10.220s] -- Installing: /home/ibz/uav_ws/install/px4_ros_com/share/px4_ros_com//launch
[10.220s] -- Installing: /home/ibz/uav_ws/install/px4_ros_com/share/px4_ros_com//launch/sensor_combined_listener.launch.py
[10.220s] -- Installing: /home/ibz/uav_ws/install/px4_ros_com/share/px4_ros_com//launch/offboard_control_launch.yaml
[10.220s] -- Installing: /home/ibz/uav_ws/install/px4_ros_com/share/px4_ros_com//test
[10.220s] -- Installing: /home/ibz/uav_ws/install/px4_ros_com/share/px4_ros_com//test/__init__.py
[10.220s] -- Installing: /home/ibz/uav_ws/install/px4_ros_com/share/px4_ros_com//test/pipeline_io_test.py
[10.220s] -- Installing: /home/ibz/uav_ws/install/px4_ros_com/share/px4_ros_com//test/test_input.py
[10.220s] -- Installing: /home/ibz/uav_ws/install/px4_ros_com/share/px4_ros_com//test/test_output.py
[10.220s] -- Installing: /home/ibz/uav_ws/install/px4_ros_com/share/px4_ros_com/environment/pythonpath.sh
[10.220s] -- Installing: /home/ibz/uav_ws/install/px4_ros_com/share/px4_ros_com/environment/pythonpath.dsv
[10.220s] -- Installing: /home/ibz/uav_ws/install/px4_ros_com/local/lib/python3.10/dist-packages/px4_ros_com-0.1.0-py3.10.egg-info
[10.221s] -- Installing: /home/ibz/uav_ws/install/px4_ros_com/local/lib/python3.10/dist-packages/px4_ros_com-0.1.0-py3.10.egg-info/top_level.txt
[10.221s] -- Installing: /home/ibz/uav_ws/install/px4_ros_com/local/lib/python3.10/dist-packages/px4_ros_com-0.1.0-py3.10.egg-info/PKG-INFO
[10.221s] -- Installing: /home/ibz/uav_ws/install/px4_ros_com/local/lib/python3.10/dist-packages/px4_ros_com-0.1.0-py3.10.egg-info/SOURCES.txt
[10.221s] -- Installing: /home/ibz/uav_ws/install/px4_ros_com/local/lib/python3.10/dist-packages/px4_ros_com-0.1.0-py3.10.egg-info/dependency_links.txt
[10.221s] -- Installing: /home/ibz/uav_ws/install/px4_ros_com/local/lib/python3.10/dist-packages/px4_ros_com
[10.221s] -- Installing: /home/ibz/uav_ws/install/px4_ros_com/local/lib/python3.10/dist-packages/px4_ros_com/__init__.py
[10.221s] -- Installing: /home/ibz/uav_ws/install/px4_ros_com/local/lib/python3.10/dist-packages/px4_ros_com/module_to_import.py
[10.248s] Listing '/home/ibz/uav_ws/install/px4_ros_com/local/lib/python3.10/dist-packages/px4_ros_com'...
[10.248s] Compiling '/home/ibz/uav_ws/install/px4_ros_com/local/lib/python3.10/dist-packages/px4_ros_com/__init__.py'...
[10.248s] Compiling '/home/ibz/uav_ws/install/px4_ros_com/local/lib/python3.10/dist-packages/px4_ros_com/module_to_import.py'...
[10.252s] -- Installing: /home/ibz/uav_ws/install/px4_ros_com/lib/px4_ros_com/offboard_control.py
[10.252s] -- Installing: /home/ibz/uav_ws/install/px4_ros_com/share/ament_index/resource_index/package_run_dependencies/px4_ros_com
[10.252s] -- Installing: /home/ibz/uav_ws/install/px4_ros_com/share/ament_index/resource_index/parent_prefix_path/px4_ros_com
[10.252s] -- Installing: /home/ibz/uav_ws/install/px4_ros_com/share/px4_ros_com/environment/ament_prefix_path.sh
[10.252s] -- Installing: /home/ibz/uav_ws/install/px4_ros_com/share/px4_ros_com/environment/ament_prefix_path.dsv
[10.252s] -- Installing: /home/ibz/uav_ws/install/px4_ros_com/share/px4_ros_com/environment/path.sh
[10.252s] -- Installing: /home/ibz/uav_ws/install/px4_ros_com/share/px4_ros_com/environment/path.dsv
[10.252s] -- Installing: /home/ibz/uav_ws/install/px4_ros_com/share/px4_ros_com/local_setup.bash
[10.252s] -- Installing: /home/ibz/uav_ws/install/px4_ros_com/share/px4_ros_com/local_setup.sh
[10.253s] -- Installing: /home/ibz/uav_ws/install/px4_ros_com/share/px4_ros_com/local_setup.zsh
[10.253s] -- Installing: /home/ibz/uav_ws/install/px4_ros_com/share/px4_ros_com/local_setup.dsv
[10.253s] -- Installing: /home/ibz/uav_ws/install/px4_ros_com/share/px4_ros_com/package.dsv
[10.253s] -- Installing: /home/ibz/uav_ws/install/px4_ros_com/share/ament_index/resource_index/packages/px4_ros_com
[10.253s] -- Installing: /home/ibz/uav_ws/install/px4_ros_com/share/px4_ros_com/cmake/export_frame_transformsExport.cmake
[10.253s] -- Installing: /home/ibz/uav_ws/install/px4_ros_com/share/px4_ros_com/cmake/export_frame_transformsExport-noconfig.cmake
[10.253s] -- Installing: /home/ibz/uav_ws/install/px4_ros_com/share/px4_ros_com/cmake/ament_cmake_export_dependencies-extras.cmake
[10.253s] -- Installing: /home/ibz/uav_ws/install/px4_ros_com/share/px4_ros_com/cmake/ament_cmake_export_targets-extras.cmake
[10.253s] -- Installing: /home/ibz/uav_ws/install/px4_ros_com/share/px4_ros_com/cmake/ament_cmake_export_include_directories-extras.cmake
[10.253s] -- Installing: /home/ibz/uav_ws/install/px4_ros_com/share/px4_ros_com/cmake/ament_cmake_export_libraries-extras.cmake
[10.253s] -- Installing: /home/ibz/uav_ws/install/px4_ros_com/share/px4_ros_com/cmake/px4_ros_comConfig.cmake
[10.253s] -- Installing: /home/ibz/uav_ws/install/px4_ros_com/share/px4_ros_com/cmake/px4_ros_comConfig-version.cmake
[10.253s] -- Installing: /home/ibz/uav_ws/install/px4_ros_com/share/px4_ros_com/package.xml
[10.255s] Invoked command in '/home/ibz/uav_ws/build/px4_ros_com' returned '0': AMENT_PREFIX_PATH=/home/ibz/uav_ws/install/px4_msgs:${AMENT_PREFIX_PATH} CMAKE_PREFIX_PATH=/home/ibz/uav_ws/install/px4_msgs:/opt/ros/humble LD_LIBRARY_PATH=/home/ibz/uav_ws/install/px4_msgs/lib:/usr/lib/x86_64-linux-gnu/gazebo-11/plugins:/opt/ros/humble/opt/rviz_ogre_vendor/lib:/opt/ros/humble/lib/x86_64-linux-gnu:/opt/ros/humble/lib:/tmp/.mount_cursorJoKCTQ/usr/lib/:/tmp/.mount_cursorJoKCTQ/usr/lib32/:/tmp/.mount_cursorJoKCTQ/usr/lib64/:/tmp/.mount_cursorJoKCTQ/lib/:/tmp/.mount_cursorJoKCTQ/lib/i386-linux-gnu/:/tmp/.mount_cursorJoKCTQ/lib/x86_64-linux-gnu/:/tmp/.mount_cursorJoKCTQ/lib/aarch64-linux-gnu/:/tmp/.mount_cursorJoKCTQ/lib32/:/tmp/.mount_cursorJoKCTQ/lib64/:/tmp/.mount_cursormEaCen/usr/lib/:/tmp/.mount_cursormEaCen/usr/lib32/:/tmp/.mount_cursormEaCen/usr/lib64/:/tmp/.mount_cursormEaCen/lib/:/tmp/.mount_cursormEaCen/lib/i386-linux-gnu/:/tmp/.mount_cursormEaCen/lib/x86_64-linux-gnu/:/tmp/.mount_cursormEaCen/lib/aarch64-linux-gnu/:/tmp/.mount_cursormEaCen/lib32/:/tmp/.mount_cursormEaCen/lib64/ PYTHONPATH=/home/ibz/uav_ws/install/px4_msgs/local/lib/python3.10/dist-packages:${PYTHONPATH} /usr/bin/cmake --install /home/ibz/uav_ws/build/px4_ros_com
