[0.728s] Invoking command in '/home/ibz/uav_ws/src/object_detection': PYTHONPATH=/home/ibz/uav_ws/build/object_detection/prefix_override:/usr/lib/python3/dist-packages/colcon_core/task/python/colcon_distutils_commands:/home/ibz/uav_ws/install/object_detection/lib/python3.10/site-packages:${PYTHONPATH} /usr/bin/python3 -W ignore:setup.py install is deprecated -W ignore:easy_install command is deprecated setup.py egg_info --egg-base ../../build/object_detection build --build-base /home/ibz/uav_ws/build/object_detection/build install --record /home/ibz/uav_ws/build/object_detection/install.log --single-version-externally-managed install_data
[0.918s] running egg_info
[0.919s] creating ../../build/object_detection/object_detection.egg-info
[0.919s] writing ../../build/object_detection/object_detection.egg-info/PKG-INFO
[0.919s] writing dependency_links to ../../build/object_detection/object_detection.egg-info/dependency_links.txt
[0.919s] writing entry points to ../../build/object_detection/object_detection.egg-info/entry_points.txt
[0.919s] writing requirements to ../../build/object_detection/object_detection.egg-info/requires.txt
[0.919s] writing top-level names to ../../build/object_detection/object_detection.egg-info/top_level.txt
[0.919s] writing manifest file '../../build/object_detection/object_detection.egg-info/SOURCES.txt'
[0.920s] reading manifest file '../../build/object_detection/object_detection.egg-info/SOURCES.txt'
[0.921s] writing manifest file '../../build/object_detection/object_detection.egg-info/SOURCES.txt'
[0.921s] running build
[0.921s] running build_py
[0.921s] creating /home/ibz/uav_ws/build/object_detection/build
[0.921s] creating /home/ibz/uav_ws/build/object_detection/build/lib
[0.921s] creating /home/ibz/uav_ws/build/object_detection/build/lib/object_detection
[0.921s] copying object_detection/__init__.py -> /home/ibz/uav_ws/build/object_detection/build/lib/object_detection
[0.921s] copying object_detection/detection_node.py -> /home/ibz/uav_ws/build/object_detection/build/lib/object_detection
[0.921s] running install
[0.921s] running install_lib
[0.922s] creating /home/ibz/uav_ws/install/object_detection/lib/python3.10/site-packages/object_detection
[0.922s] copying /home/ibz/uav_ws/build/object_detection/build/lib/object_detection/__init__.py -> /home/ibz/uav_ws/install/object_detection/lib/python3.10/site-packages/object_detection
[0.922s] copying /home/ibz/uav_ws/build/object_detection/build/lib/object_detection/detection_node.py -> /home/ibz/uav_ws/install/object_detection/lib/python3.10/site-packages/object_detection
[0.922s] byte-compiling /home/ibz/uav_ws/install/object_detection/lib/python3.10/site-packages/object_detection/__init__.py to __init__.cpython-310.pyc
[0.922s] byte-compiling /home/ibz/uav_ws/install/object_detection/lib/python3.10/site-packages/object_detection/detection_node.py to detection_node.cpython-310.pyc
[0.923s] running install_data
[0.923s] creating /home/ibz/uav_ws/install/object_detection/share/ament_index
[0.923s] creating /home/ibz/uav_ws/install/object_detection/share/ament_index/resource_index
[0.923s] creating /home/ibz/uav_ws/install/object_detection/share/ament_index/resource_index/packages
[0.923s] copying resource/object_detection -> /home/ibz/uav_ws/install/object_detection/share/ament_index/resource_index/packages
[0.923s] copying package.xml -> /home/ibz/uav_ws/install/object_detection/share/object_detection
[0.923s] creating /home/ibz/uav_ws/install/object_detection/share/object_detection/launch
[0.923s] copying launch/detection_launch.py -> /home/ibz/uav_ws/install/object_detection/share/object_detection/launch
[0.923s] running install_egg_info
[0.924s] Copying ../../build/object_detection/object_detection.egg-info to /home/ibz/uav_ws/install/object_detection/lib/python3.10/site-packages/object_detection-0.0.1-py3.10.egg-info
[0.925s] running install_scripts
[0.942s] Installing detection_node script to /home/ibz/uav_ws/install/object_detection/bin
[0.942s] writing list of installed files to '/home/ibz/uav_ws/build/object_detection/install.log'
[0.966s] Invoked command in '/home/ibz/uav_ws/src/object_detection' returned '0': PYTHONPATH=/home/ibz/uav_ws/build/object_detection/prefix_override:/usr/lib/python3/dist-packages/colcon_core/task/python/colcon_distutils_commands:/home/ibz/uav_ws/install/object_detection/lib/python3.10/site-packages:${PYTHONPATH} /usr/bin/python3 -W ignore:setup.py install is deprecated -W ignore:easy_install command is deprecated setup.py egg_info --egg-base ../../build/object_detection build --build-base /home/ibz/uav_ws/build/object_detection/build install --record /home/ibz/uav_ws/build/object_detection/install.log --single-version-externally-managed install_data
