running develop
running egg_info
creating object_tracking.egg-info
writing object_tracking.egg-info/PKG-INFO
writing dependency_links to object_tracking.egg-info/dependency_links.txt
writing entry points to object_tracking.egg-info/entry_points.txt
writing requirements to object_tracking.egg-info/requires.txt
writing top-level names to object_tracking.egg-info/top_level.txt
writing manifest file 'object_tracking.egg-info/SOURCES.txt'
reading manifest file 'object_tracking.egg-info/SOURCES.txt'
writing manifest file 'object_tracking.egg-info/SOURCES.txt'
running build_ext
Creating /home/ibz/uav_ws/install/object_tracking/lib/python3.10/site-packages/object-tracking.egg-link (link to .)
Installing tracking_node script to /home/ibz/uav_ws/install/object_tracking/bin

Installed /home/ibz/uav_ws/build/object_tracking
running symlink_data
creating /home/ibz/uav_ws/install/object_tracking/share/ament_index
creating /home/ibz/uav_ws/install/object_tracking/share/ament_index/resource_index
creating /home/ibz/uav_ws/install/object_tracking/share/ament_index/resource_index/packages
symbolically linking /home/ibz/uav_ws/build/object_tracking/resource/object_tracking -> /home/ibz/uav_ws/install/object_tracking/share/ament_index/resource_index/packages
symbolically linking /home/ibz/uav_ws/build/object_tracking/package.xml -> /home/ibz/uav_ws/install/object_tracking/share/object_tracking
creating /home/ibz/uav_ws/install/object_tracking/share/object_tracking/launch
symbolically linking /home/ibz/uav_ws/build/object_tracking/launch/tracking_launch.py -> /home/ibz/uav_ws/install/object_tracking/share/object_tracking/launch
