[0.962s] Invoking command in '/home/ibz/uav_ws/build/object_tracking': PYTHONPATH=/home/ibz/uav_ws/build/object_tracking/prefix_override:/usr/lib/python3/dist-packages/colcon_core/task/python/colcon_distutils_commands:/home/ibz/uav_ws/install/object_tracking/lib/python3.10/site-packages:${PYTHONPATH} /usr/bin/python3 -W ignore:setup.py install is deprecated -W ignore:easy_install command is deprecated setup.py develop --editable --build-directory /home/ibz/uav_ws/build/object_tracking/build --no-deps symlink_data
[1.274s] running develop
[1.486s] running egg_info
[1.487s] creating object_tracking.egg-info
[1.487s] writing object_tracking.egg-info/PKG-INFO
[1.487s] writing dependency_links to object_tracking.egg-info/dependency_links.txt
[1.487s] writing entry points to object_tracking.egg-info/entry_points.txt
[1.487s] writing requirements to object_tracking.egg-info/requires.txt
[1.487s] writing top-level names to object_tracking.egg-info/top_level.txt
[1.487s] writing manifest file 'object_tracking.egg-info/SOURCES.txt'
[1.489s] reading manifest file 'object_tracking.egg-info/SOURCES.txt'
[1.489s] writing manifest file 'object_tracking.egg-info/SOURCES.txt'
[1.491s] running build_ext
[1.492s] Creating /home/ibz/uav_ws/install/object_tracking/lib/python3.10/site-packages/object-tracking.egg-link (link to .)
[1.492s] Installing tracking_node script to /home/ibz/uav_ws/install/object_tracking/bin
[1.492s] 
[1.492s] Installed /home/ibz/uav_ws/build/object_tracking
[1.492s] running symlink_data
[1.492s] creating /home/ibz/uav_ws/install/object_tracking/share/ament_index
[1.492s] creating /home/ibz/uav_ws/install/object_tracking/share/ament_index/resource_index
[1.492s] creating /home/ibz/uav_ws/install/object_tracking/share/ament_index/resource_index/packages
[1.492s] symbolically linking /home/ibz/uav_ws/build/object_tracking/resource/object_tracking -> /home/ibz/uav_ws/install/object_tracking/share/ament_index/resource_index/packages
[1.492s] symbolically linking /home/ibz/uav_ws/build/object_tracking/package.xml -> /home/ibz/uav_ws/install/object_tracking/share/object_tracking
[1.492s] creating /home/ibz/uav_ws/install/object_tracking/share/object_tracking/launch
[1.492s] symbolically linking /home/ibz/uav_ws/build/object_tracking/launch/tracking_launch.py -> /home/ibz/uav_ws/install/object_tracking/share/object_tracking/launch
[1.539s] Invoked command in '/home/ibz/uav_ws/build/object_tracking' returned '0': PYTHONPATH=/home/ibz/uav_ws/build/object_tracking/prefix_override:/usr/lib/python3/dist-packages/colcon_core/task/python/colcon_distutils_commands:/home/ibz/uav_ws/install/object_tracking/lib/python3.10/site-packages:${PYTHONPATH} /usr/bin/python3 -W ignore:setup.py install is deprecated -W ignore:easy_install command is deprecated setup.py develop --editable --build-directory /home/ibz/uav_ws/build/object_tracking/build --no-deps symlink_data
