running egg_info
creating ../../build/object_tracking/object_tracking.egg-info
writing ../../build/object_tracking/object_tracking.egg-info/PKG-INFO
writing dependency_links to ../../build/object_tracking/object_tracking.egg-info/dependency_links.txt
writing entry points to ../../build/object_tracking/object_tracking.egg-info/entry_points.txt
writing requirements to ../../build/object_tracking/object_tracking.egg-info/requires.txt
writing top-level names to ../../build/object_tracking/object_tracking.egg-info/top_level.txt
writing manifest file '../../build/object_tracking/object_tracking.egg-info/SOURCES.txt'
reading manifest file '../../build/object_tracking/object_tracking.egg-info/SOURCES.txt'
writing manifest file '../../build/object_tracking/object_tracking.egg-info/SOURCES.txt'
running build
running build_py
creating /home/ibz/uav_ws/build/object_tracking/build
creating /home/ibz/uav_ws/build/object_tracking/build/lib
creating /home/ibz/uav_ws/build/object_tracking/build/lib/object_tracking
copying object_tracking/__init__.py -> /home/ibz/uav_ws/build/object_tracking/build/lib/object_tracking
copying object_tracking/tracking_node.py -> /home/ibz/uav_ws/build/object_tracking/build/lib/object_tracking
running install
running install_lib
creating /home/ibz/uav_ws/install/object_tracking/lib/python3.10/site-packages/object_tracking
copying /home/ibz/uav_ws/build/object_tracking/build/lib/object_tracking/__init__.py -> /home/ibz/uav_ws/install/object_tracking/lib/python3.10/site-packages/object_tracking
copying /home/ibz/uav_ws/build/object_tracking/build/lib/object_tracking/tracking_node.py -> /home/ibz/uav_ws/install/object_tracking/lib/python3.10/site-packages/object_tracking
byte-compiling /home/ibz/uav_ws/install/object_tracking/lib/python3.10/site-packages/object_tracking/__init__.py to __init__.cpython-310.pyc
byte-compiling /home/ibz/uav_ws/install/object_tracking/lib/python3.10/site-packages/object_tracking/tracking_node.py to tracking_node.cpython-310.pyc
running install_data
creating /home/ibz/uav_ws/install/object_tracking/share/ament_index
creating /home/ibz/uav_ws/install/object_tracking/share/ament_index/resource_index
creating /home/ibz/uav_ws/install/object_tracking/share/ament_index/resource_index/packages
copying resource/object_tracking -> /home/ibz/uav_ws/install/object_tracking/share/ament_index/resource_index/packages
copying package.xml -> /home/ibz/uav_ws/install/object_tracking/share/object_tracking
creating /home/ibz/uav_ws/install/object_tracking/share/object_tracking/launch
copying launch/tracking_launch.py -> /home/ibz/uav_ws/install/object_tracking/share/object_tracking/launch
running install_egg_info
Copying ../../build/object_tracking/object_tracking.egg-info to /home/ibz/uav_ws/install/object_tracking/lib/python3.10/site-packages/object_tracking-0.0.1-py3.10.egg-info
running install_scripts
Installing tracking_node script to /home/ibz/uav_ws/install/object_tracking/bin
writing list of installed files to '/home/ibz/uav_ws/build/object_tracking/install.log'
