[0.746s] Invoking command in '/home/ibz/uav_ws/src/object_tracking': PYTHONPATH=/home/ibz/uav_ws/build/object_tracking/prefix_override:/usr/lib/python3/dist-packages/colcon_core/task/python/colcon_distutils_commands:/home/ibz/uav_ws/install/object_tracking/lib/python3.10/site-packages:${PYTHONPATH} /usr/bin/python3 -W ignore:setup.py install is deprecated -W ignore:easy_install command is deprecated setup.py egg_info --egg-base ../../build/object_tracking build --build-base /home/ibz/uav_ws/build/object_tracking/build install --record /home/ibz/uav_ws/build/object_tracking/install.log --single-version-externally-managed install_data
[0.936s] running egg_info
[0.937s] creating ../../build/object_tracking/object_tracking.egg-info
[0.937s] writing ../../build/object_tracking/object_tracking.egg-info/PKG-INFO
[0.937s] writing dependency_links to ../../build/object_tracking/object_tracking.egg-info/dependency_links.txt
[0.937s] writing entry points to ../../build/object_tracking/object_tracking.egg-info/entry_points.txt
[0.938s] writing requirements to ../../build/object_tracking/object_tracking.egg-info/requires.txt
[0.938s] writing top-level names to ../../build/object_tracking/object_tracking.egg-info/top_level.txt
[0.938s] writing manifest file '../../build/object_tracking/object_tracking.egg-info/SOURCES.txt'
[0.939s] reading manifest file '../../build/object_tracking/object_tracking.egg-info/SOURCES.txt'
[0.940s] writing manifest file '../../build/object_tracking/object_tracking.egg-info/SOURCES.txt'
[0.940s] running build
[0.940s] running build_py
[0.940s] creating /home/ibz/uav_ws/build/object_tracking/build
[0.940s] creating /home/ibz/uav_ws/build/object_tracking/build/lib
[0.940s] creating /home/ibz/uav_ws/build/object_tracking/build/lib/object_tracking
[0.940s] copying object_tracking/__init__.py -> /home/ibz/uav_ws/build/object_tracking/build/lib/object_tracking
[0.940s] copying object_tracking/tracking_node.py -> /home/ibz/uav_ws/build/object_tracking/build/lib/object_tracking
[0.940s] running install
[0.940s] running install_lib
[0.941s] creating /home/ibz/uav_ws/install/object_tracking/lib/python3.10/site-packages/object_tracking
[0.941s] copying /home/ibz/uav_ws/build/object_tracking/build/lib/object_tracking/__init__.py -> /home/ibz/uav_ws/install/object_tracking/lib/python3.10/site-packages/object_tracking
[0.941s] copying /home/ibz/uav_ws/build/object_tracking/build/lib/object_tracking/tracking_node.py -> /home/ibz/uav_ws/install/object_tracking/lib/python3.10/site-packages/object_tracking
[0.942s] byte-compiling /home/ibz/uav_ws/install/object_tracking/lib/python3.10/site-packages/object_tracking/__init__.py to __init__.cpython-310.pyc
[0.942s] byte-compiling /home/ibz/uav_ws/install/object_tracking/lib/python3.10/site-packages/object_tracking/tracking_node.py to tracking_node.cpython-310.pyc
[0.943s] running install_data
[0.943s] creating /home/ibz/uav_ws/install/object_tracking/share/ament_index
[0.943s] creating /home/ibz/uav_ws/install/object_tracking/share/ament_index/resource_index
[0.943s] creating /home/ibz/uav_ws/install/object_tracking/share/ament_index/resource_index/packages
[0.943s] copying resource/object_tracking -> /home/ibz/uav_ws/install/object_tracking/share/ament_index/resource_index/packages
[0.944s] copying package.xml -> /home/ibz/uav_ws/install/object_tracking/share/object_tracking
[0.944s] creating /home/ibz/uav_ws/install/object_tracking/share/object_tracking/launch
[0.944s] copying launch/tracking_launch.py -> /home/ibz/uav_ws/install/object_tracking/share/object_tracking/launch
[0.944s] running install_egg_info
[0.945s] Copying ../../build/object_tracking/object_tracking.egg-info to /home/ibz/uav_ws/install/object_tracking/lib/python3.10/site-packages/object_tracking-0.0.1-py3.10.egg-info
[0.946s] running install_scripts
[0.963s] Installing tracking_node script to /home/ibz/uav_ws/install/object_tracking/bin
[0.963s] writing list of installed files to '/home/ibz/uav_ws/build/object_tracking/install.log'
[0.986s] Invoked command in '/home/ibz/uav_ws/src/object_tracking' returned '0': PYTHONPATH=/home/ibz/uav_ws/build/object_tracking/prefix_override:/usr/lib/python3/dist-packages/colcon_core/task/python/colcon_distutils_commands:/home/ibz/uav_ws/install/object_tracking/lib/python3.10/site-packages:${PYTHONPATH} /usr/bin/python3 -W ignore:setup.py install is deprecated -W ignore:easy_install command is deprecated setup.py egg_info --egg-base ../../build/object_tracking build --build-base /home/ibz/uav_ws/build/object_tracking/build install --record /home/ibz/uav_ws/build/object_tracking/install.log --single-version-externally-managed install_data
