[0.585s] Invoking command in '/home/ibz/uav_ws/src/uav_simulation': AMENT_PREFIX_PATH=/home/ibz/uav_ws/install/px4_ros_com:/home/ibz/uav_ws/install/px4_msgs:${AMENT_PREFIX_PATH} CMAKE_PREFIX_PATH=/home/ibz/uav_ws/install/px4_ros_com:/home/ibz/uav_ws/install/px4_msgs LD_LIBRARY_PATH=/home/ibz/uav_ws/install/px4_ros_com/lib:/home/ibz/uav_ws/install/px4_msgs/lib:/usr/lib/x86_64-linux-gnu/gazebo-11/plugins:/opt/ros/humble/opt/rviz_ogre_vendor/lib:/opt/ros/humble/lib/x86_64-linux-gnu:/opt/ros/humble/lib:/tmp/.mount_cursorJoKCTQ/usr/lib/:/tmp/.mount_cursorJoKCTQ/usr/lib32/:/tmp/.mount_cursorJoKCTQ/usr/lib64/:/tmp/.mount_cursorJoKCTQ/lib/:/tmp/.mount_cursorJoKCTQ/lib/i386-linux-gnu/:/tmp/.mount_cursorJoKCTQ/lib/x86_64-linux-gnu/:/tmp/.mount_cursorJoKCTQ/lib/aarch64-linux-gnu/:/tmp/.mount_cursorJoKCTQ/lib32/:/tmp/.mount_cursorJoKCTQ/lib64/:/tmp/.mount_cursormEaCen/usr/lib/:/tmp/.mount_cursormEaCen/usr/lib32/:/tmp/.mount_cursormEaCen/usr/lib64/:/tmp/.mount_cursormEaCen/lib/:/tmp/.mount_cursormEaCen/lib/i386-linux-gnu/:/tmp/.mount_cursormEaCen/lib/x86_64-linux-gnu/:/tmp/.mount_cursormEaCen/lib/aarch64-linux-gnu/:/tmp/.mount_cursormEaCen/lib32/:/tmp/.mount_cursormEaCen/lib64/ PYTHONPATH=/home/ibz/uav_ws/build/uav_simulation/prefix_override:/usr/lib/python3/dist-packages/colcon_core/task/python/colcon_distutils_commands:/home/ibz/uav_ws/install/uav_simulation/lib/python3.10/site-packages:/home/ibz/uav_ws/install/px4_ros_com/local/lib/python3.10/dist-packages:/home/ibz/uav_ws/install/px4_msgs/local/lib/python3.10/dist-packages:${PYTHONPATH} /usr/bin/python3 -W ignore:setup.py install is deprecated -W ignore:easy_install command is deprecated setup.py egg_info --egg-base ../../build/uav_simulation build --build-base /home/ibz/uav_ws/build/uav_simulation/build install --record /home/ibz/uav_ws/build/uav_simulation/install.log --single-version-externally-managed install_data
[0.795s] running egg_info
[0.796s] writing ../../build/uav_simulation/uav_simulation.egg-info/PKG-INFO
[0.796s] writing dependency_links to ../../build/uav_simulation/uav_simulation.egg-info/dependency_links.txt
[0.796s] writing entry points to ../../build/uav_simulation/uav_simulation.egg-info/entry_points.txt
[0.796s] writing requirements to ../../build/uav_simulation/uav_simulation.egg-info/requires.txt
[0.796s] writing top-level names to ../../build/uav_simulation/uav_simulation.egg-info/top_level.txt
[0.798s] reading manifest file '../../build/uav_simulation/uav_simulation.egg-info/SOURCES.txt'
[0.799s] writing manifest file '../../build/uav_simulation/uav_simulation.egg-info/SOURCES.txt'
[0.799s] running build
[0.799s] running build_py
[0.799s] running install
[0.799s] running install_lib
[0.800s] running install_data
[0.800s] running install_egg_info
[0.802s] removing '/home/ibz/uav_ws/install/uav_simulation/lib/python3.10/site-packages/uav_simulation-0.0.1-py3.10.egg-info' (and everything under it)
[0.802s] Copying ../../build/uav_simulation/uav_simulation.egg-info to /home/ibz/uav_ws/install/uav_simulation/lib/python3.10/site-packages/uav_simulation-0.0.1-py3.10.egg-info
[0.802s] running install_scripts
[0.821s] Installing uav_control script to /home/ibz/uav_ws/install/uav_simulation/bin
[0.821s] writing list of installed files to '/home/ibz/uav_ws/build/uav_simulation/install.log'
[0.846s] Invoked command in '/home/ibz/uav_ws/src/uav_simulation' returned '0': AMENT_PREFIX_PATH=/home/ibz/uav_ws/install/px4_ros_com:/home/ibz/uav_ws/install/px4_msgs:${AMENT_PREFIX_PATH} CMAKE_PREFIX_PATH=/home/ibz/uav_ws/install/px4_ros_com:/home/ibz/uav_ws/install/px4_msgs LD_LIBRARY_PATH=/home/ibz/uav_ws/install/px4_ros_com/lib:/home/ibz/uav_ws/install/px4_msgs/lib:/usr/lib/x86_64-linux-gnu/gazebo-11/plugins:/opt/ros/humble/opt/rviz_ogre_vendor/lib:/opt/ros/humble/lib/x86_64-linux-gnu:/opt/ros/humble/lib:/tmp/.mount_cursorJoKCTQ/usr/lib/:/tmp/.mount_cursorJoKCTQ/usr/lib32/:/tmp/.mount_cursorJoKCTQ/usr/lib64/:/tmp/.mount_cursorJoKCTQ/lib/:/tmp/.mount_cursorJoKCTQ/lib/i386-linux-gnu/:/tmp/.mount_cursorJoKCTQ/lib/x86_64-linux-gnu/:/tmp/.mount_cursorJoKCTQ/lib/aarch64-linux-gnu/:/tmp/.mount_cursorJoKCTQ/lib32/:/tmp/.mount_cursorJoKCTQ/lib64/:/tmp/.mount_cursormEaCen/usr/lib/:/tmp/.mount_cursormEaCen/usr/lib32/:/tmp/.mount_cursormEaCen/usr/lib64/:/tmp/.mount_cursormEaCen/lib/:/tmp/.mount_cursormEaCen/lib/i386-linux-gnu/:/tmp/.mount_cursormEaCen/lib/x86_64-linux-gnu/:/tmp/.mount_cursormEaCen/lib/aarch64-linux-gnu/:/tmp/.mount_cursormEaCen/lib32/:/tmp/.mount_cursormEaCen/lib64/ PYTHONPATH=/home/ibz/uav_ws/build/uav_simulation/prefix_override:/usr/lib/python3/dist-packages/colcon_core/task/python/colcon_distutils_commands:/home/ibz/uav_ws/install/uav_simulation/lib/python3.10/site-packages:/home/ibz/uav_ws/install/px4_ros_com/local/lib/python3.10/dist-packages:/home/ibz/uav_ws/install/px4_msgs/local/lib/python3.10/dist-packages:${PYTHONPATH} /usr/bin/python3 -W ignore:setup.py install is deprecated -W ignore:easy_install command is deprecated setup.py egg_info --egg-base ../../build/uav_simulation build --build-base /home/ibz/uav_ws/build/uav_simulation/build install --record /home/ibz/uav_ws/build/uav_simulation/install.log --single-version-externally-managed install_data
