running develop
running egg_info
creating uav_simulation.egg-info
writing uav_simulation.egg-info/PKG-INFO
writing dependency_links to uav_simulation.egg-info/dependency_links.txt
writing entry points to uav_simulation.egg-info/entry_points.txt
writing requirements to uav_simulation.egg-info/requires.txt
writing top-level names to uav_simulation.egg-info/top_level.txt
writing manifest file 'uav_simulation.egg-info/SOURCES.txt'
reading manifest file 'uav_simulation.egg-info/SOURCES.txt'
writing manifest file 'uav_simulation.egg-info/SOURCES.txt'
running build_ext
Creating /home/ibz/uav_ws/install/uav_simulation/lib/python3.10/site-packages/uav-simulation.egg-link (link to .)
Installing uav_control script to /home/ibz/uav_ws/install/uav_simulation/bin

Installed /home/ibz/uav_ws/build/uav_simulation
running symlink_data
creating /home/ibz/uav_ws/install/uav_simulation/share/ament_index
creating /home/ibz/uav_ws/install/uav_simulation/share/ament_index/resource_index
creating /home/ibz/uav_ws/install/uav_simulation/share/ament_index/resource_index/packages
symbolically linking /home/ibz/uav_ws/build/uav_simulation/resource/uav_simulation -> /home/ibz/uav_ws/install/uav_simulation/share/ament_index/resource_index/packages
symbolically linking /home/ibz/uav_ws/build/uav_simulation/package.xml -> /home/ibz/uav_ws/install/uav_simulation/share/uav_simulation
creating /home/ibz/uav_ws/install/uav_simulation/share/uav_simulation/launch
symbolically linking /home/ibz/uav_ws/build/uav_simulation/launch/complete_launch.py -> /home/ibz/uav_ws/install/uav_simulation/share/uav_simulation/launch
symbolically linking /home/ibz/uav_ws/build/uav_simulation/launch/main_launch.py -> /home/ibz/uav_ws/install/uav_simulation/share/uav_simulation/launch
creating /home/ibz/uav_ws/install/uav_simulation/share/uav_simulation/worlds
symbolically linking /home/ibz/uav_ws/build/uav_simulation/worlds/uav_world.sdf -> /home/ibz/uav_ws/install/uav_simulation/share/uav_simulation/worlds
