running egg_info
creating ../../build/uav_simulation/uav_simulation.egg-info
writing ../../build/uav_simulation/uav_simulation.egg-info/PKG-INFO
writing dependency_links to ../../build/uav_simulation/uav_simulation.egg-info/dependency_links.txt
writing entry points to ../../build/uav_simulation/uav_simulation.egg-info/entry_points.txt
writing requirements to ../../build/uav_simulation/uav_simulation.egg-info/requires.txt
writing top-level names to ../../build/uav_simulation/uav_simulation.egg-info/top_level.txt
writing manifest file '../../build/uav_simulation/uav_simulation.egg-info/SOURCES.txt'
reading manifest file '../../build/uav_simulation/uav_simulation.egg-info/SOURCES.txt'
writing manifest file '../../build/uav_simulation/uav_simulation.egg-info/SOURCES.txt'
running build
running build_py
creating /home/ibz/uav_ws/build/uav_simulation/build
creating /home/ibz/uav_ws/build/uav_simulation/build/lib
creating /home/ibz/uav_ws/build/uav_simulation/build/lib/uav_simulation
copying uav_simulation/uav_control.py -> /home/ibz/uav_ws/build/uav_simulation/build/lib/uav_simulation
copying uav_simulation/__init__.py -> /home/ibz/uav_ws/build/uav_simulation/build/lib/uav_simulation
running install
running install_lib
creating /home/ibz/uav_ws/install/uav_simulation/lib/python3.10/site-packages/uav_simulation
copying /home/ibz/uav_ws/build/uav_simulation/build/lib/uav_simulation/uav_control.py -> /home/ibz/uav_ws/install/uav_simulation/lib/python3.10/site-packages/uav_simulation
copying /home/ibz/uav_ws/build/uav_simulation/build/lib/uav_simulation/__init__.py -> /home/ibz/uav_ws/install/uav_simulation/lib/python3.10/site-packages/uav_simulation
byte-compiling /home/ibz/uav_ws/install/uav_simulation/lib/python3.10/site-packages/uav_simulation/uav_control.py to uav_control.cpython-310.pyc
byte-compiling /home/ibz/uav_ws/install/uav_simulation/lib/python3.10/site-packages/uav_simulation/__init__.py to __init__.cpython-310.pyc
running install_data
creating /home/ibz/uav_ws/install/uav_simulation/share/ament_index
creating /home/ibz/uav_ws/install/uav_simulation/share/ament_index/resource_index
creating /home/ibz/uav_ws/install/uav_simulation/share/ament_index/resource_index/packages
copying resource/uav_simulation -> /home/ibz/uav_ws/install/uav_simulation/share/ament_index/resource_index/packages
copying package.xml -> /home/ibz/uav_ws/install/uav_simulation/share/uav_simulation
creating /home/ibz/uav_ws/install/uav_simulation/share/uav_simulation/launch
copying launch/complete_launch.py -> /home/ibz/uav_ws/install/uav_simulation/share/uav_simulation/launch
copying launch/main_launch.py -> /home/ibz/uav_ws/install/uav_simulation/share/uav_simulation/launch
creating /home/ibz/uav_ws/install/uav_simulation/share/uav_simulation/worlds
copying worlds/uav_world.sdf -> /home/ibz/uav_ws/install/uav_simulation/share/uav_simulation/worlds
running install_egg_info
Copying ../../build/uav_simulation/uav_simulation.egg-info to /home/ibz/uav_ws/install/uav_simulation/lib/python3.10/site-packages/uav_simulation-0.0.1-py3.10.egg-info
running install_scripts
Installing uav_control script to /home/ibz/uav_ws/install/uav_simulation/bin
writing list of installed files to '/home/ibz/uav_ws/build/uav_simulation/install.log'
