[0.487s] Invoking command in '/home/ibz/uav_ws/src/uav_simulation': AMENT_PREFIX_PATH=/home/ibz/uav_ws/install/px4_ros_com:/home/ibz/uav_ws/install/px4_msgs:${AMENT_PREFIX_PATH} CMAKE_PREFIX_PATH=/home/ibz/uav_ws/install/px4_ros_com:/home/ibz/uav_ws/install/px4_msgs LD_LIBRARY_PATH=/home/ibz/uav_ws/install/px4_ros_com/lib:/home/ibz/uav_ws/install/px4_msgs/lib:/usr/lib/x86_64-linux-gnu/gazebo-11/plugins:/opt/ros/humble/opt/rviz_ogre_vendor/lib:/opt/ros/humble/lib/x86_64-linux-gnu:/opt/ros/humble/lib:/tmp/.mount_cursorJoKCTQ/usr/lib/:/tmp/.mount_cursorJoKCTQ/usr/lib32/:/tmp/.mount_cursorJoKCTQ/usr/lib64/:/tmp/.mount_cursorJoKCTQ/lib/:/tmp/.mount_cursorJoKCTQ/lib/i386-linux-gnu/:/tmp/.mount_cursorJoKCTQ/lib/x86_64-linux-gnu/:/tmp/.mount_cursorJoKCTQ/lib/aarch64-linux-gnu/:/tmp/.mount_cursorJoKCTQ/lib32/:/tmp/.mount_cursorJoKCTQ/lib64/:/tmp/.mount_cursormEaCen/usr/lib/:/tmp/.mount_cursormEaCen/usr/lib32/:/tmp/.mount_cursormEaCen/usr/lib64/:/tmp/.mount_cursormEaCen/lib/:/tmp/.mount_cursormEaCen/lib/i386-linux-gnu/:/tmp/.mount_cursormEaCen/lib/x86_64-linux-gnu/:/tmp/.mount_cursormEaCen/lib/aarch64-linux-gnu/:/tmp/.mount_cursormEaCen/lib32/:/tmp/.mount_cursormEaCen/lib64/ PYTHONPATH=/home/ibz/uav_ws/build/uav_simulation/prefix_override:/usr/lib/python3/dist-packages/colcon_core/task/python/colcon_distutils_commands:/home/ibz/uav_ws/install/uav_simulation/lib/python3.10/site-packages:/home/ibz/uav_ws/install/px4_ros_com/local/lib/python3.10/dist-packages:/home/ibz/uav_ws/install/px4_msgs/local/lib/python3.10/dist-packages:${PYTHONPATH} /usr/bin/python3 -W ignore:setup.py install is deprecated -W ignore:easy_install command is deprecated setup.py egg_info --egg-base ../../build/uav_simulation build --build-base /home/ibz/uav_ws/build/uav_simulation/build install --record /home/ibz/uav_ws/build/uav_simulation/install.log --single-version-externally-managed install_data
[0.658s] running egg_info
[0.658s] creating ../../build/uav_simulation/uav_simulation.egg-info
[0.658s] writing ../../build/uav_simulation/uav_simulation.egg-info/PKG-INFO
[0.658s] writing dependency_links to ../../build/uav_simulation/uav_simulation.egg-info/dependency_links.txt
[0.658s] writing entry points to ../../build/uav_simulation/uav_simulation.egg-info/entry_points.txt
[0.658s] writing requirements to ../../build/uav_simulation/uav_simulation.egg-info/requires.txt
[0.658s] writing top-level names to ../../build/uav_simulation/uav_simulation.egg-info/top_level.txt
[0.659s] writing manifest file '../../build/uav_simulation/uav_simulation.egg-info/SOURCES.txt'
[0.660s] reading manifest file '../../build/uav_simulation/uav_simulation.egg-info/SOURCES.txt'
[0.660s] writing manifest file '../../build/uav_simulation/uav_simulation.egg-info/SOURCES.txt'
[0.660s] running build
[0.660s] running build_py
[0.660s] creating /home/ibz/uav_ws/build/uav_simulation/build
[0.660s] creating /home/ibz/uav_ws/build/uav_simulation/build/lib
[0.660s] creating /home/ibz/uav_ws/build/uav_simulation/build/lib/uav_simulation
[0.660s] copying uav_simulation/uav_control.py -> /home/ibz/uav_ws/build/uav_simulation/build/lib/uav_simulation
[0.661s] copying uav_simulation/__init__.py -> /home/ibz/uav_ws/build/uav_simulation/build/lib/uav_simulation
[0.661s] running install
[0.661s] running install_lib
[0.661s] creating /home/ibz/uav_ws/install/uav_simulation/lib/python3.10/site-packages/uav_simulation
[0.661s] copying /home/ibz/uav_ws/build/uav_simulation/build/lib/uav_simulation/uav_control.py -> /home/ibz/uav_ws/install/uav_simulation/lib/python3.10/site-packages/uav_simulation
[0.662s] copying /home/ibz/uav_ws/build/uav_simulation/build/lib/uav_simulation/__init__.py -> /home/ibz/uav_ws/install/uav_simulation/lib/python3.10/site-packages/uav_simulation
[0.662s] byte-compiling /home/ibz/uav_ws/install/uav_simulation/lib/python3.10/site-packages/uav_simulation/uav_control.py to uav_control.cpython-310.pyc
[0.663s] byte-compiling /home/ibz/uav_ws/install/uav_simulation/lib/python3.10/site-packages/uav_simulation/__init__.py to __init__.cpython-310.pyc
[0.663s] running install_data
[0.663s] creating /home/ibz/uav_ws/install/uav_simulation/share/ament_index
[0.663s] creating /home/ibz/uav_ws/install/uav_simulation/share/ament_index/resource_index
[0.663s] creating /home/ibz/uav_ws/install/uav_simulation/share/ament_index/resource_index/packages
[0.663s] copying resource/uav_simulation -> /home/ibz/uav_ws/install/uav_simulation/share/ament_index/resource_index/packages
[0.663s] copying package.xml -> /home/ibz/uav_ws/install/uav_simulation/share/uav_simulation
[0.663s] creating /home/ibz/uav_ws/install/uav_simulation/share/uav_simulation/launch
[0.663s] copying launch/complete_launch.py -> /home/ibz/uav_ws/install/uav_simulation/share/uav_simulation/launch
[0.663s] copying launch/main_launch.py -> /home/ibz/uav_ws/install/uav_simulation/share/uav_simulation/launch
[0.663s] creating /home/ibz/uav_ws/install/uav_simulation/share/uav_simulation/worlds
[0.663s] copying worlds/uav_world.sdf -> /home/ibz/uav_ws/install/uav_simulation/share/uav_simulation/worlds
[0.663s] running install_egg_info
[0.665s] Copying ../../build/uav_simulation/uav_simulation.egg-info to /home/ibz/uav_ws/install/uav_simulation/lib/python3.10/site-packages/uav_simulation-0.0.1-py3.10.egg-info
[0.665s] running install_scripts
[0.681s] Installing uav_control script to /home/ibz/uav_ws/install/uav_simulation/bin
[0.681s] writing list of installed files to '/home/ibz/uav_ws/build/uav_simulation/install.log'
[0.702s] Invoked command in '/home/ibz/uav_ws/src/uav_simulation' returned '0': AMENT_PREFIX_PATH=/home/ibz/uav_ws/install/px4_ros_com:/home/ibz/uav_ws/install/px4_msgs:${AMENT_PREFIX_PATH} CMAKE_PREFIX_PATH=/home/ibz/uav_ws/install/px4_ros_com:/home/ibz/uav_ws/install/px4_msgs LD_LIBRARY_PATH=/home/ibz/uav_ws/install/px4_ros_com/lib:/home/ibz/uav_ws/install/px4_msgs/lib:/usr/lib/x86_64-linux-gnu/gazebo-11/plugins:/opt/ros/humble/opt/rviz_ogre_vendor/lib:/opt/ros/humble/lib/x86_64-linux-gnu:/opt/ros/humble/lib:/tmp/.mount_cursorJoKCTQ/usr/lib/:/tmp/.mount_cursorJoKCTQ/usr/lib32/:/tmp/.mount_cursorJoKCTQ/usr/lib64/:/tmp/.mount_cursorJoKCTQ/lib/:/tmp/.mount_cursorJoKCTQ/lib/i386-linux-gnu/:/tmp/.mount_cursorJoKCTQ/lib/x86_64-linux-gnu/:/tmp/.mount_cursorJoKCTQ/lib/aarch64-linux-gnu/:/tmp/.mount_cursorJoKCTQ/lib32/:/tmp/.mount_cursorJoKCTQ/lib64/:/tmp/.mount_cursormEaCen/usr/lib/:/tmp/.mount_cursormEaCen/usr/lib32/:/tmp/.mount_cursormEaCen/usr/lib64/:/tmp/.mount_cursormEaCen/lib/:/tmp/.mount_cursormEaCen/lib/i386-linux-gnu/:/tmp/.mount_cursormEaCen/lib/x86_64-linux-gnu/:/tmp/.mount_cursormEaCen/lib/aarch64-linux-gnu/:/tmp/.mount_cursormEaCen/lib32/:/tmp/.mount_cursormEaCen/lib64/ PYTHONPATH=/home/ibz/uav_ws/build/uav_simulation/prefix_override:/usr/lib/python3/dist-packages/colcon_core/task/python/colcon_distutils_commands:/home/ibz/uav_ws/install/uav_simulation/lib/python3.10/site-packages:/home/ibz/uav_ws/install/px4_ros_com/local/lib/python3.10/dist-packages:/home/ibz/uav_ws/install/px4_msgs/local/lib/python3.10/dist-packages:${PYTHONPATH} /usr/bin/python3 -W ignore:setup.py install is deprecated -W ignore:easy_install command is deprecated setup.py egg_info --egg-base ../../build/uav_simulation build --build-base /home/ibz/uav_ws/build/uav_simulation/build install --record /home/ibz/uav_ws/build/uav_simulation/install.log --single-version-externally-managed install_data
