[0.090s] DEBUG:colcon:Command line arguments: ['/usr/bin/colcon', 'build']
[0.090s] DEBUG:colcon:Parsed command line arguments: Namespace(log_base=None, log_level=None, verb_name='build', build_base='build', install_base='install', merge_install=False, symlink_install=False, test_result_base=None, continue_on_error=False, executor='parallel', parallel_workers=12, event_handlers=None, ignore_user_meta=False, metas=['./colcon.meta'], base_paths=['.'], packages_ignore=None, packages_ignore_regex=None, paths=None, packages_up_to=None, packages_up_to_regex=None, packages_above=None, packages_above_and_dependencies=None, packages_above_depth=None, packages_select_by_dep=None, packages_skip_by_dep=None, packages_skip_up_to=None, packages_select_build_failed=False, packages_skip_build_finished=False, packages_select_test_failures=False, packages_skip_test_passed=False, packages_select=None, packages_skip=None, packages_select_regex=None, packages_skip_regex=None, packages_start=None, packages_end=None, allow_overriding=[], cmake_args=None, cmake_target=None, cmake_target_skip_unavailable=False, cmake_clean_cache=False, cmake_clean_first=False, cmake_force_configure=False, ament_cmake_args=None, catkin_cmake_args=None, catkin_skip_building_tests=False, mixin_files=None, mixin=None, verb_parser=<colcon_mixin.mixin.mixin_argument.MixinArgumentDecorator object at 0x71c6a7e7b5b0>, verb_extension=<colcon_core.verb.build.BuildVerb object at 0x71c6a7e7b190>, main=<bound method BuildVerb.main of <colcon_core.verb.build.BuildVerb object at 0x71c6a7e7b190>>, mixin_verb=('build',))
[0.220s] Level 1:colcon.colcon_core.package_discovery:discover_packages(colcon_meta) check parameters
[0.220s] Level 1:colcon.colcon_core.package_discovery:discover_packages(recursive) check parameters
[0.220s] Level 1:colcon.colcon_core.package_discovery:discover_packages(ignore) check parameters
[0.220s] Level 1:colcon.colcon_core.package_discovery:discover_packages(path) check parameters
[0.220s] Level 1:colcon.colcon_core.package_discovery:discover_packages(colcon_meta) discover
[0.220s] Level 1:colcon.colcon_core.package_discovery:discover_packages(recursive) discover
[0.220s] INFO:colcon.colcon_core.package_discovery:Crawling recursively for packages in '/home/ibz/uav_ws'
[0.220s] Level 1:colcon.colcon_core.package_identification:_identify(.) by extensions ['ignore', 'ignore_ament_install']
[0.220s] Level 1:colcon.colcon_core.package_identification:_identify(.) by extension 'ignore'
[0.220s] Level 1:colcon.colcon_core.package_identification:_identify(.) by extension 'ignore_ament_install'
[0.220s] Level 1:colcon.colcon_core.package_identification:_identify(.) by extensions ['colcon_pkg']
[0.220s] Level 1:colcon.colcon_core.package_identification:_identify(.) by extension 'colcon_pkg'
[0.220s] Level 1:colcon.colcon_core.package_identification:_identify(.) by extensions ['colcon_meta']
[0.220s] Level 1:colcon.colcon_core.package_identification:_identify(.) by extension 'colcon_meta'
[0.220s] Level 1:colcon.colcon_core.package_identification:_identify(.) by extensions ['ros']
[0.220s] Level 1:colcon.colcon_core.package_identification:_identify(.) by extension 'ros'
[0.230s] Level 1:colcon.colcon_core.package_identification:_identify(.) by extensions ['cmake', 'python']
[0.230s] Level 1:colcon.colcon_core.package_identification:_identify(.) by extension 'cmake'
[0.230s] Level 1:colcon.colcon_core.package_identification:_identify(.) by extension 'python'
[0.230s] Level 1:colcon.colcon_core.package_identification:_identify(.) by extensions ['python_setup_py']
[0.230s] Level 1:colcon.colcon_core.package_identification:_identify(.) by extension 'python_setup_py'
[0.230s] Level 1:colcon.colcon_core.package_identification:_identify(build) by extensions ['ignore', 'ignore_ament_install']
[0.230s] Level 1:colcon.colcon_core.package_identification:_identify(build) by extension 'ignore'
[0.230s] Level 1:colcon.colcon_core.package_identification:_identify(build) ignored
[0.230s] Level 1:colcon.colcon_core.package_identification:_identify(install) by extensions ['ignore', 'ignore_ament_install']
[0.230s] Level 1:colcon.colcon_core.package_identification:_identify(install) by extension 'ignore'
[0.230s] Level 1:colcon.colcon_core.package_identification:_identify(install) ignored
[0.230s] Level 1:colcon.colcon_core.package_identification:_identify(log) by extensions ['ignore', 'ignore_ament_install']
[0.230s] Level 1:colcon.colcon_core.package_identification:_identify(log) by extension 'ignore'
[0.230s] Level 1:colcon.colcon_core.package_identification:_identify(log) ignored
[0.230s] Level 1:colcon.colcon_core.package_identification:_identify(src) by extensions ['ignore', 'ignore_ament_install']
[0.230s] Level 1:colcon.colcon_core.package_identification:_identify(src) by extension 'ignore'
[0.230s] Level 1:colcon.colcon_core.package_identification:_identify(src) by extension 'ignore_ament_install'
[0.230s] Level 1:colcon.colcon_core.package_identification:_identify(src) by extensions ['colcon_pkg']
[0.230s] Level 1:colcon.colcon_core.package_identification:_identify(src) by extension 'colcon_pkg'
[0.230s] Level 1:colcon.colcon_core.package_identification:_identify(src) by extensions ['colcon_meta']
[0.230s] Level 1:colcon.colcon_core.package_identification:_identify(src) by extension 'colcon_meta'
[0.230s] Level 1:colcon.colcon_core.package_identification:_identify(src) by extensions ['ros']
[0.231s] Level 1:colcon.colcon_core.package_identification:_identify(src) by extension 'ros'
[0.231s] Level 1:colcon.colcon_core.package_identification:_identify(src) by extensions ['cmake', 'python']
[0.231s] Level 1:colcon.colcon_core.package_identification:_identify(src) by extension 'cmake'
[0.231s] Level 1:colcon.colcon_core.package_identification:_identify(src) by extension 'python'
[0.231s] Level 1:colcon.colcon_core.package_identification:_identify(src) by extensions ['python_setup_py']
[0.231s] Level 1:colcon.colcon_core.package_identification:_identify(src) by extension 'python_setup_py'
[0.231s] Level 1:colcon.colcon_core.package_identification:_identify(src/object_detection) by extensions ['ignore', 'ignore_ament_install']
[0.231s] Level 1:colcon.colcon_core.package_identification:_identify(src/object_detection) by extension 'ignore'
[0.231s] Level 1:colcon.colcon_core.package_identification:_identify(src/object_detection) by extension 'ignore_ament_install'
[0.231s] Level 1:colcon.colcon_core.package_identification:_identify(src/object_detection) by extensions ['colcon_pkg']
[0.231s] Level 1:colcon.colcon_core.package_identification:_identify(src/object_detection) by extension 'colcon_pkg'
[0.231s] Level 1:colcon.colcon_core.package_identification:_identify(src/object_detection) by extensions ['colcon_meta']
[0.231s] Level 1:colcon.colcon_core.package_identification:_identify(src/object_detection) by extension 'colcon_meta'
[0.231s] Level 1:colcon.colcon_core.package_identification:_identify(src/object_detection) by extensions ['ros']
[0.231s] Level 1:colcon.colcon_core.package_identification:_identify(src/object_detection) by extension 'ros'
[0.241s] DEBUG:colcon.colcon_core.package_identification:Package 'src/object_detection' with type 'ros.ament_python' and name 'object_detection'
[0.241s] Level 1:colcon.colcon_core.package_identification:_identify(src/object_tracking) by extensions ['ignore', 'ignore_ament_install']
[0.241s] Level 1:colcon.colcon_core.package_identification:_identify(src/object_tracking) by extension 'ignore'
[0.241s] Level 1:colcon.colcon_core.package_identification:_identify(src/object_tracking) by extension 'ignore_ament_install'
[0.241s] Level 1:colcon.colcon_core.package_identification:_identify(src/object_tracking) by extensions ['colcon_pkg']
[0.241s] Level 1:colcon.colcon_core.package_identification:_identify(src/object_tracking) by extension 'colcon_pkg'
[0.241s] Level 1:colcon.colcon_core.package_identification:_identify(src/object_tracking) by extensions ['colcon_meta']
[0.241s] Level 1:colcon.colcon_core.package_identification:_identify(src/object_tracking) by extension 'colcon_meta'
[0.241s] Level 1:colcon.colcon_core.package_identification:_identify(src/object_tracking) by extensions ['ros']
[0.241s] Level 1:colcon.colcon_core.package_identification:_identify(src/object_tracking) by extension 'ros'
[0.242s] DEBUG:colcon.colcon_core.package_identification:Package 'src/object_tracking' with type 'ros.ament_python' and name 'object_tracking'
[0.242s] Level 1:colcon.colcon_core.package_identification:_identify(src/px4_msgs) by extensions ['ignore', 'ignore_ament_install']
[0.242s] Level 1:colcon.colcon_core.package_identification:_identify(src/px4_msgs) by extension 'ignore'
[0.242s] Level 1:colcon.colcon_core.package_identification:_identify(src/px4_msgs) by extension 'ignore_ament_install'
[0.242s] Level 1:colcon.colcon_core.package_identification:_identify(src/px4_msgs) by extensions ['colcon_pkg']
[0.242s] Level 1:colcon.colcon_core.package_identification:_identify(src/px4_msgs) by extension 'colcon_pkg'
[0.242s] Level 1:colcon.colcon_core.package_identification:_identify(src/px4_msgs) by extensions ['colcon_meta']
[0.242s] Level 1:colcon.colcon_core.package_identification:_identify(src/px4_msgs) by extension 'colcon_meta'
[0.242s] Level 1:colcon.colcon_core.package_identification:_identify(src/px4_msgs) by extensions ['ros']
[0.242s] Level 1:colcon.colcon_core.package_identification:_identify(src/px4_msgs) by extension 'ros'
[0.243s] DEBUG:colcon.colcon_core.package_identification:Package 'src/px4_msgs' with type 'ros.ament_cmake' and name 'px4_msgs'
[0.243s] Level 1:colcon.colcon_core.package_identification:_identify(src/px4_ros_com) by extensions ['ignore', 'ignore_ament_install']
[0.243s] Level 1:colcon.colcon_core.package_identification:_identify(src/px4_ros_com) by extension 'ignore'
[0.243s] Level 1:colcon.colcon_core.package_identification:_identify(src/px4_ros_com) by extension 'ignore_ament_install'
[0.243s] Level 1:colcon.colcon_core.package_identification:_identify(src/px4_ros_com) by extensions ['colcon_pkg']
[0.243s] Level 1:colcon.colcon_core.package_identification:_identify(src/px4_ros_com) by extension 'colcon_pkg'
[0.243s] Level 1:colcon.colcon_core.package_identification:_identify(src/px4_ros_com) by extensions ['colcon_meta']
[0.243s] Level 1:colcon.colcon_core.package_identification:_identify(src/px4_ros_com) by extension 'colcon_meta'
[0.243s] Level 1:colcon.colcon_core.package_identification:_identify(src/px4_ros_com) by extensions ['ros']
[0.243s] Level 1:colcon.colcon_core.package_identification:_identify(src/px4_ros_com) by extension 'ros'
[0.244s] DEBUG:colcon.colcon_core.package_identification:Package 'src/px4_ros_com' with type 'ros.ament_cmake' and name 'px4_ros_com'
[0.244s] Level 1:colcon.colcon_core.package_identification:_identify(src/uav_simulation) by extensions ['ignore', 'ignore_ament_install']
[0.244s] Level 1:colcon.colcon_core.package_identification:_identify(src/uav_simulation) by extension 'ignore'
[0.244s] Level 1:colcon.colcon_core.package_identification:_identify(src/uav_simulation) by extension 'ignore_ament_install'
[0.244s] Level 1:colcon.colcon_core.package_identification:_identify(src/uav_simulation) by extensions ['colcon_pkg']
[0.244s] Level 1:colcon.colcon_core.package_identification:_identify(src/uav_simulation) by extension 'colcon_pkg'
[0.244s] Level 1:colcon.colcon_core.package_identification:_identify(src/uav_simulation) by extensions ['colcon_meta']
[0.244s] Level 1:colcon.colcon_core.package_identification:_identify(src/uav_simulation) by extension 'colcon_meta'
[0.244s] Level 1:colcon.colcon_core.package_identification:_identify(src/uav_simulation) by extensions ['ros']
[0.244s] Level 1:colcon.colcon_core.package_identification:_identify(src/uav_simulation) by extension 'ros'
[0.245s] DEBUG:colcon.colcon_core.package_identification:Package 'src/uav_simulation' with type 'ros.ament_python' and name 'uav_simulation'
[0.245s] Level 1:colcon.colcon_core.package_discovery:discover_packages(recursive) using defaults
[0.245s] Level 1:colcon.colcon_core.package_discovery:discover_packages(ignore) discover
[0.245s] Level 1:colcon.colcon_core.package_discovery:discover_packages(ignore) using defaults
[0.245s] Level 1:colcon.colcon_core.package_discovery:discover_packages(path) discover
[0.245s] Level 1:colcon.colcon_core.package_discovery:discover_packages(path) using defaults
[0.259s] Level 1:colcon.colcon_core.package_discovery:discover_packages(prefix_path) check parameters
[0.259s] Level 1:colcon.colcon_core.package_discovery:discover_packages(prefix_path) discover
[0.261s] DEBUG:colcon.colcon_installed_package_information.package_discovery:Found 291 installed packages in /opt/ros/humble
[0.263s] Level 1:colcon.colcon_core.package_discovery:discover_packages(prefix_path) using defaults
[0.286s] Level 5:colcon.colcon_core.verb:set package 'object_detection' build argument 'cmake_args' from command line to 'None'
[0.286s] Level 5:colcon.colcon_core.verb:set package 'object_detection' build argument 'cmake_target' from command line to 'None'
[0.286s] Level 5:colcon.colcon_core.verb:set package 'object_detection' build argument 'cmake_target_skip_unavailable' from command line to 'False'
[0.286s] Level 5:colcon.colcon_core.verb:set package 'object_detection' build argument 'cmake_clean_cache' from command line to 'False'
[0.286s] Level 5:colcon.colcon_core.verb:set package 'object_detection' build argument 'cmake_clean_first' from command line to 'False'
[0.286s] Level 5:colcon.colcon_core.verb:set package 'object_detection' build argument 'cmake_force_configure' from command line to 'False'
[0.286s] Level 5:colcon.colcon_core.verb:set package 'object_detection' build argument 'ament_cmake_args' from command line to 'None'
[0.286s] Level 5:colcon.colcon_core.verb:set package 'object_detection' build argument 'catkin_cmake_args' from command line to 'None'
[0.286s] Level 5:colcon.colcon_core.verb:set package 'object_detection' build argument 'catkin_skip_building_tests' from command line to 'False'
[0.286s] DEBUG:colcon.colcon_core.verb:Building package 'object_detection' with the following arguments: {'ament_cmake_args': None, 'build_base': '/home/ibz/uav_ws/build/object_detection', 'catkin_cmake_args': None, 'catkin_skip_building_tests': False, 'cmake_args': None, 'cmake_clean_cache': False, 'cmake_clean_first': False, 'cmake_force_configure': False, 'cmake_target': None, 'cmake_target_skip_unavailable': False, 'install_base': '/home/ibz/uav_ws/install/object_detection', 'merge_install': False, 'path': '/home/ibz/uav_ws/src/object_detection', 'symlink_install': False, 'test_result_base': None}
[0.287s] Level 5:colcon.colcon_core.verb:set package 'object_tracking' build argument 'cmake_args' from command line to 'None'
[0.287s] Level 5:colcon.colcon_core.verb:set package 'object_tracking' build argument 'cmake_target' from command line to 'None'
[0.287s] Level 5:colcon.colcon_core.verb:set package 'object_tracking' build argument 'cmake_target_skip_unavailable' from command line to 'False'
[0.287s] Level 5:colcon.colcon_core.verb:set package 'object_tracking' build argument 'cmake_clean_cache' from command line to 'False'
[0.287s] Level 5:colcon.colcon_core.verb:set package 'object_tracking' build argument 'cmake_clean_first' from command line to 'False'
[0.287s] Level 5:colcon.colcon_core.verb:set package 'object_tracking' build argument 'cmake_force_configure' from command line to 'False'
[0.287s] Level 5:colcon.colcon_core.verb:set package 'object_tracking' build argument 'ament_cmake_args' from command line to 'None'
[0.287s] Level 5:colcon.colcon_core.verb:set package 'object_tracking' build argument 'catkin_cmake_args' from command line to 'None'
[0.287s] Level 5:colcon.colcon_core.verb:set package 'object_tracking' build argument 'catkin_skip_building_tests' from command line to 'False'
[0.287s] DEBUG:colcon.colcon_core.verb:Building package 'object_tracking' with the following arguments: {'ament_cmake_args': None, 'build_base': '/home/ibz/uav_ws/build/object_tracking', 'catkin_cmake_args': None, 'catkin_skip_building_tests': False, 'cmake_args': None, 'cmake_clean_cache': False, 'cmake_clean_first': False, 'cmake_force_configure': False, 'cmake_target': None, 'cmake_target_skip_unavailable': False, 'install_base': '/home/ibz/uav_ws/install/object_tracking', 'merge_install': False, 'path': '/home/ibz/uav_ws/src/object_tracking', 'symlink_install': False, 'test_result_base': None}
[0.287s] Level 5:colcon.colcon_core.verb:set package 'px4_msgs' build argument 'cmake_args' from command line to 'None'
[0.287s] Level 5:colcon.colcon_core.verb:set package 'px4_msgs' build argument 'cmake_target' from command line to 'None'
[0.287s] Level 5:colcon.colcon_core.verb:set package 'px4_msgs' build argument 'cmake_target_skip_unavailable' from command line to 'False'
[0.287s] Level 5:colcon.colcon_core.verb:set package 'px4_msgs' build argument 'cmake_clean_cache' from command line to 'False'
[0.287s] Level 5:colcon.colcon_core.verb:set package 'px4_msgs' build argument 'cmake_clean_first' from command line to 'False'
[0.287s] Level 5:colcon.colcon_core.verb:set package 'px4_msgs' build argument 'cmake_force_configure' from command line to 'False'
[0.287s] Level 5:colcon.colcon_core.verb:set package 'px4_msgs' build argument 'ament_cmake_args' from command line to 'None'
[0.287s] Level 5:colcon.colcon_core.verb:set package 'px4_msgs' build argument 'catkin_cmake_args' from command line to 'None'
[0.287s] Level 5:colcon.colcon_core.verb:set package 'px4_msgs' build argument 'catkin_skip_building_tests' from command line to 'False'
[0.287s] DEBUG:colcon.colcon_core.verb:Building package 'px4_msgs' with the following arguments: {'ament_cmake_args': None, 'build_base': '/home/ibz/uav_ws/build/px4_msgs', 'catkin_cmake_args': None, 'catkin_skip_building_tests': False, 'cmake_args': None, 'cmake_clean_cache': False, 'cmake_clean_first': False, 'cmake_force_configure': False, 'cmake_target': None, 'cmake_target_skip_unavailable': False, 'install_base': '/home/ibz/uav_ws/install/px4_msgs', 'merge_install': False, 'path': '/home/ibz/uav_ws/src/px4_msgs', 'symlink_install': False, 'test_result_base': None}
[0.287s] Level 5:colcon.colcon_core.verb:set package 'px4_ros_com' build argument 'cmake_args' from command line to 'None'
[0.287s] Level 5:colcon.colcon_core.verb:set package 'px4_ros_com' build argument 'cmake_target' from command line to 'None'
[0.287s] Level 5:colcon.colcon_core.verb:set package 'px4_ros_com' build argument 'cmake_target_skip_unavailable' from command line to 'False'
[0.287s] Level 5:colcon.colcon_core.verb:set package 'px4_ros_com' build argument 'cmake_clean_cache' from command line to 'False'
[0.287s] Level 5:colcon.colcon_core.verb:set package 'px4_ros_com' build argument 'cmake_clean_first' from command line to 'False'
[0.287s] Level 5:colcon.colcon_core.verb:set package 'px4_ros_com' build argument 'cmake_force_configure' from command line to 'False'
[0.287s] Level 5:colcon.colcon_core.verb:set package 'px4_ros_com' build argument 'ament_cmake_args' from command line to 'None'
[0.287s] Level 5:colcon.colcon_core.verb:set package 'px4_ros_com' build argument 'catkin_cmake_args' from command line to 'None'
[0.287s] Level 5:colcon.colcon_core.verb:set package 'px4_ros_com' build argument 'catkin_skip_building_tests' from command line to 'False'
[0.287s] DEBUG:colcon.colcon_core.verb:Building package 'px4_ros_com' with the following arguments: {'ament_cmake_args': None, 'build_base': '/home/ibz/uav_ws/build/px4_ros_com', 'catkin_cmake_args': None, 'catkin_skip_building_tests': False, 'cmake_args': None, 'cmake_clean_cache': False, 'cmake_clean_first': False, 'cmake_force_configure': False, 'cmake_target': None, 'cmake_target_skip_unavailable': False, 'install_base': '/home/ibz/uav_ws/install/px4_ros_com', 'merge_install': False, 'path': '/home/ibz/uav_ws/src/px4_ros_com', 'symlink_install': False, 'test_result_base': None}
[0.288s] Level 5:colcon.colcon_core.verb:set package 'uav_simulation' build argument 'cmake_args' from command line to 'None'
[0.288s] Level 5:colcon.colcon_core.verb:set package 'uav_simulation' build argument 'cmake_target' from command line to 'None'
[0.288s] Level 5:colcon.colcon_core.verb:set package 'uav_simulation' build argument 'cmake_target_skip_unavailable' from command line to 'False'
[0.288s] Level 5:colcon.colcon_core.verb:set package 'uav_simulation' build argument 'cmake_clean_cache' from command line to 'False'
[0.288s] Level 5:colcon.colcon_core.verb:set package 'uav_simulation' build argument 'cmake_clean_first' from command line to 'False'
[0.288s] Level 5:colcon.colcon_core.verb:set package 'uav_simulation' build argument 'cmake_force_configure' from command line to 'False'
[0.288s] Level 5:colcon.colcon_core.verb:set package 'uav_simulation' build argument 'ament_cmake_args' from command line to 'None'
[0.288s] Level 5:colcon.colcon_core.verb:set package 'uav_simulation' build argument 'catkin_cmake_args' from command line to 'None'
[0.288s] Level 5:colcon.colcon_core.verb:set package 'uav_simulation' build argument 'catkin_skip_building_tests' from command line to 'False'
[0.288s] DEBUG:colcon.colcon_core.verb:Building package 'uav_simulation' with the following arguments: {'ament_cmake_args': None, 'build_base': '/home/ibz/uav_ws/build/uav_simulation', 'catkin_cmake_args': None, 'catkin_skip_building_tests': False, 'cmake_args': None, 'cmake_clean_cache': False, 'cmake_clean_first': False, 'cmake_force_configure': False, 'cmake_target': None, 'cmake_target_skip_unavailable': False, 'install_base': '/home/ibz/uav_ws/install/uav_simulation', 'merge_install': False, 'path': '/home/ibz/uav_ws/src/uav_simulation', 'symlink_install': False, 'test_result_base': None}
[0.288s] INFO:colcon.colcon_core.executor:Executing jobs using 'parallel' executor
[0.289s] DEBUG:colcon.colcon_parallel_executor.executor.parallel:run_until_complete
[0.289s] INFO:colcon.colcon_ros.task.ament_cmake.build:Building ROS package in '/home/ibz/uav_ws/src/px4_msgs' with build type 'ament_cmake'
[0.289s] INFO:colcon.colcon_cmake.task.cmake.build:Building CMake package in '/home/ibz/uav_ws/src/px4_msgs'
[0.290s] INFO:colcon.colcon_core.plugin_system:Skipping extension 'colcon_core.shell.bat': Not used on non-Windows systems
[0.291s] INFO:colcon.colcon_core.shell:Skip shell extension 'powershell' for command environment: Not usable outside of PowerShell
[0.291s] DEBUG:colcon.colcon_core.shell:Skip shell extension 'dsv' for command environment
[0.293s] INFO:colcon.colcon_ros.task.ament_python.build:Building ROS package in '/home/ibz/uav_ws/src/object_detection' with build type 'ament_python'
[0.293s] Level 1:colcon.colcon_core.shell:create_environment_hook('object_detection', 'ament_prefix_path')
[0.293s] INFO:colcon.colcon_core.shell:Creating environment hook '/home/ibz/uav_ws/install/object_detection/share/object_detection/hook/ament_prefix_path.ps1'
[0.294s] INFO:colcon.colcon_core.shell:Creating environment descriptor '/home/ibz/uav_ws/install/object_detection/share/object_detection/hook/ament_prefix_path.dsv'
[0.294s] INFO:colcon.colcon_core.shell:Creating environment hook '/home/ibz/uav_ws/install/object_detection/share/object_detection/hook/ament_prefix_path.sh'
[0.295s] INFO:colcon.colcon_core.shell:Skip shell extension 'powershell' for command environment: Not usable outside of PowerShell
[0.295s] DEBUG:colcon.colcon_core.shell:Skip shell extension 'dsv' for command environment
[0.296s] INFO:colcon.colcon_ros.task.ament_python.build:Building ROS package in '/home/ibz/uav_ws/src/object_tracking' with build type 'ament_python'
[0.296s] Level 1:colcon.colcon_core.shell:create_environment_hook('object_tracking', 'ament_prefix_path')
[0.297s] INFO:colcon.colcon_core.shell:Creating environment hook '/home/ibz/uav_ws/install/object_tracking/share/object_tracking/hook/ament_prefix_path.ps1'
[0.297s] INFO:colcon.colcon_core.shell:Creating environment descriptor '/home/ibz/uav_ws/install/object_tracking/share/object_tracking/hook/ament_prefix_path.dsv'
[0.297s] INFO:colcon.colcon_core.shell:Creating environment hook '/home/ibz/uav_ws/install/object_tracking/share/object_tracking/hook/ament_prefix_path.sh'
[0.298s] INFO:colcon.colcon_core.shell:Skip shell extension 'powershell' for command environment: Not usable outside of PowerShell
[0.298s] DEBUG:colcon.colcon_core.shell:Skip shell extension 'dsv' for command environment
[0.304s] DEBUG:colcon.colcon_core.event_handler.log_command:Invoking command in '/home/ibz/uav_ws/build/px4_msgs': CMAKE_PREFIX_PATH=/opt/ros/humble /usr/bin/cmake --build /home/ibz/uav_ws/build/px4_msgs -- -j12 -l12
[0.511s] INFO:colcon.colcon_core.task.python.build:Building Python package in '/home/ibz/uav_ws/src/object_detection'
[0.511s] INFO:colcon.colcon_core.shell:Skip shell extension 'powershell' for command environment: Not usable outside of PowerShell
[0.511s] DEBUG:colcon.colcon_core.shell:Skip shell extension 'dsv' for command environment
[0.745s] INFO:colcon.colcon_core.task.python.build:Building Python package in '/home/ibz/uav_ws/src/object_tracking'
[0.745s] INFO:colcon.colcon_core.shell:Skip shell extension 'powershell' for command environment: Not usable outside of PowerShell
[0.745s] DEBUG:colcon.colcon_core.shell:Skip shell extension 'dsv' for command environment
[1.109s] DEBUG:colcon.colcon_core.event_handler.log_command:Invoking command in '/home/ibz/uav_ws/src/object_detection': PYTHONPATH=/home/ibz/uav_ws/build/object_detection/prefix_override:/usr/lib/python3/dist-packages/colcon_core/task/python/colcon_distutils_commands:/home/ibz/uav_ws/install/object_detection/lib/python3.10/site-packages:${PYTHONPATH} /usr/bin/python3 -W ignore:setup.py install is deprecated -W ignore:easy_install command is deprecated setup.py egg_info --egg-base ../../build/object_detection build --build-base /home/ibz/uav_ws/build/object_detection/build install --record /home/ibz/uav_ws/build/object_detection/install.log --single-version-externally-managed install_data
[1.143s] DEBUG:colcon.colcon_core.event_handler.log_command:Invoking command in '/home/ibz/uav_ws/src/object_tracking': PYTHONPATH=/home/ibz/uav_ws/build/object_tracking/prefix_override:/usr/lib/python3/dist-packages/colcon_core/task/python/colcon_distutils_commands:/home/ibz/uav_ws/install/object_tracking/lib/python3.10/site-packages:${PYTHONPATH} /usr/bin/python3 -W ignore:setup.py install is deprecated -W ignore:easy_install command is deprecated setup.py egg_info --egg-base ../../build/object_tracking build --build-base /home/ibz/uav_ws/build/object_tracking/build install --record /home/ibz/uav_ws/build/object_tracking/install.log --single-version-externally-managed install_data
[1.391s] DEBUG:colcon.colcon_core.event_handler.log_command:Invoked command in '/home/ibz/uav_ws/src/object_detection' returned '0': PYTHONPATH=/home/ibz/uav_ws/build/object_detection/prefix_override:/usr/lib/python3/dist-packages/colcon_core/task/python/colcon_distutils_commands:/home/ibz/uav_ws/install/object_detection/lib/python3.10/site-packages:${PYTHONPATH} /usr/bin/python3 -W ignore:setup.py install is deprecated -W ignore:easy_install command is deprecated setup.py egg_info --egg-base ../../build/object_detection build --build-base /home/ibz/uav_ws/build/object_detection/build install --record /home/ibz/uav_ws/build/object_detection/install.log --single-version-externally-managed install_data
[1.393s] Level 1:colcon.colcon_core.environment:checking '/home/ibz/uav_ws/install/object_detection' for CMake module files
[1.393s] Level 1:colcon.colcon_core.environment:checking '/home/ibz/uav_ws/install/object_detection' for CMake config files
[1.394s] Level 1:colcon.colcon_core.environment:checking '/home/ibz/uav_ws/install/object_detection/lib'
[1.394s] Level 1:colcon.colcon_core.environment:checking '/home/ibz/uav_ws/install/object_detection/bin'
[1.394s] Level 1:colcon.colcon_core.shell:create_environment_hook('object_detection', 'path')
[1.394s] INFO:colcon.colcon_core.shell:Creating environment hook '/home/ibz/uav_ws/install/object_detection/share/object_detection/hook/path.ps1'
[1.395s] INFO:colcon.colcon_core.shell:Creating environment descriptor '/home/ibz/uav_ws/install/object_detection/share/object_detection/hook/path.dsv'
[1.395s] INFO:colcon.colcon_core.shell:Creating environment hook '/home/ibz/uav_ws/install/object_detection/share/object_detection/hook/path.sh'
[1.395s] Level 1:colcon.colcon_core.environment:checking '/home/ibz/uav_ws/install/object_detection/lib/pkgconfig/object_detection.pc'
[1.395s] Level 1:colcon.colcon_core.environment:checking '/home/ibz/uav_ws/install/object_detection/lib/python3.10/site-packages'
[1.396s] Level 1:colcon.colcon_core.shell:create_environment_hook('object_detection', 'pythonpath')
[1.396s] INFO:colcon.colcon_core.shell:Creating environment hook '/home/ibz/uav_ws/install/object_detection/share/object_detection/hook/pythonpath.ps1'
[1.396s] INFO:colcon.colcon_core.shell:Creating environment descriptor '/home/ibz/uav_ws/install/object_detection/share/object_detection/hook/pythonpath.dsv'
[1.396s] INFO:colcon.colcon_core.shell:Creating environment hook '/home/ibz/uav_ws/install/object_detection/share/object_detection/hook/pythonpath.sh'
[1.397s] Level 1:colcon.colcon_core.environment:checking '/home/ibz/uav_ws/install/object_detection/bin'
[1.397s] Level 1:colcon.colcon_core.shell:create_environment_hook('object_detection', 'pythonscriptspath')
[1.397s] INFO:colcon.colcon_core.shell:Creating environment hook '/home/ibz/uav_ws/install/object_detection/share/object_detection/hook/pythonscriptspath.ps1'
[1.397s] INFO:colcon.colcon_core.shell:Creating environment descriptor '/home/ibz/uav_ws/install/object_detection/share/object_detection/hook/pythonscriptspath.dsv'
[1.397s] INFO:colcon.colcon_core.shell:Creating environment hook '/home/ibz/uav_ws/install/object_detection/share/object_detection/hook/pythonscriptspath.sh'
[1.398s] Level 1:colcon.colcon_core.environment:create_environment_scripts_only(object_detection)
[1.398s] INFO:colcon.colcon_core.shell:Creating package script '/home/ibz/uav_ws/install/object_detection/share/object_detection/package.ps1'
[1.399s] INFO:colcon.colcon_core.shell:Creating package descriptor '/home/ibz/uav_ws/install/object_detection/share/object_detection/package.dsv'
[1.400s] INFO:colcon.colcon_core.shell:Creating package script '/home/ibz/uav_ws/install/object_detection/share/object_detection/package.sh'
[1.401s] INFO:colcon.colcon_core.shell:Creating package script '/home/ibz/uav_ws/install/object_detection/share/object_detection/package.bash'
[1.401s] INFO:colcon.colcon_core.shell:Creating package script '/home/ibz/uav_ws/install/object_detection/share/object_detection/package.zsh'
[1.402s] Level 1:colcon.colcon_core.environment:create_file_with_runtime_dependencies(/home/ibz/uav_ws/install/object_detection/share/colcon-core/packages/object_detection)
[1.432s] Level 1:colcon.colcon_core.environment:checking '/home/ibz/uav_ws/install/object_tracking' for CMake module files
[1.433s] DEBUG:colcon.colcon_core.event_handler.log_command:Invoked command in '/home/ibz/uav_ws/src/object_tracking' returned '0': PYTHONPATH=/home/ibz/uav_ws/build/object_tracking/prefix_override:/usr/lib/python3/dist-packages/colcon_core/task/python/colcon_distutils_commands:/home/ibz/uav_ws/install/object_tracking/lib/python3.10/site-packages:${PYTHONPATH} /usr/bin/python3 -W ignore:setup.py install is deprecated -W ignore:easy_install command is deprecated setup.py egg_info --egg-base ../../build/object_tracking build --build-base /home/ibz/uav_ws/build/object_tracking/build install --record /home/ibz/uav_ws/build/object_tracking/install.log --single-version-externally-managed install_data
[1.434s] Level 1:colcon.colcon_core.environment:checking '/home/ibz/uav_ws/install/object_tracking' for CMake config files
[1.434s] Level 1:colcon.colcon_core.environment:checking '/home/ibz/uav_ws/install/object_tracking/lib'
[1.434s] Level 1:colcon.colcon_core.environment:checking '/home/ibz/uav_ws/install/object_tracking/bin'
[1.434s] Level 1:colcon.colcon_core.shell:create_environment_hook('object_tracking', 'path')
[1.434s] INFO:colcon.colcon_core.shell:Creating environment hook '/home/ibz/uav_ws/install/object_tracking/share/object_tracking/hook/path.ps1'
[1.435s] INFO:colcon.colcon_core.shell:Creating environment descriptor '/home/ibz/uav_ws/install/object_tracking/share/object_tracking/hook/path.dsv'
[1.435s] INFO:colcon.colcon_core.shell:Creating environment hook '/home/ibz/uav_ws/install/object_tracking/share/object_tracking/hook/path.sh'
[1.436s] Level 1:colcon.colcon_core.environment:checking '/home/ibz/uav_ws/install/object_tracking/lib/pkgconfig/object_tracking.pc'
[1.436s] Level 1:colcon.colcon_core.environment:checking '/home/ibz/uav_ws/install/object_tracking/lib/python3.10/site-packages'
[1.436s] Level 1:colcon.colcon_core.shell:create_environment_hook('object_tracking', 'pythonpath')
[1.436s] INFO:colcon.colcon_core.shell:Creating environment hook '/home/ibz/uav_ws/install/object_tracking/share/object_tracking/hook/pythonpath.ps1'
[1.437s] INFO:colcon.colcon_core.shell:Creating environment descriptor '/home/ibz/uav_ws/install/object_tracking/share/object_tracking/hook/pythonpath.dsv'
[1.437s] INFO:colcon.colcon_core.shell:Creating environment hook '/home/ibz/uav_ws/install/object_tracking/share/object_tracking/hook/pythonpath.sh'
[1.437s] Level 1:colcon.colcon_core.environment:checking '/home/ibz/uav_ws/install/object_tracking/bin'
[1.437s] Level 1:colcon.colcon_core.shell:create_environment_hook('object_tracking', 'pythonscriptspath')
[1.438s] INFO:colcon.colcon_core.shell:Creating environment hook '/home/ibz/uav_ws/install/object_tracking/share/object_tracking/hook/pythonscriptspath.ps1'
[1.438s] INFO:colcon.colcon_core.shell:Creating environment descriptor '/home/ibz/uav_ws/install/object_tracking/share/object_tracking/hook/pythonscriptspath.dsv'
[1.438s] INFO:colcon.colcon_core.shell:Creating environment hook '/home/ibz/uav_ws/install/object_tracking/share/object_tracking/hook/pythonscriptspath.sh'
[1.438s] Level 1:colcon.colcon_core.environment:create_environment_scripts_only(object_tracking)
[1.439s] INFO:colcon.colcon_core.shell:Creating package script '/home/ibz/uav_ws/install/object_tracking/share/object_tracking/package.ps1'
[1.439s] INFO:colcon.colcon_core.shell:Creating package descriptor '/home/ibz/uav_ws/install/object_tracking/share/object_tracking/package.dsv'
[1.440s] INFO:colcon.colcon_core.shell:Creating package script '/home/ibz/uav_ws/install/object_tracking/share/object_tracking/package.sh'
[1.440s] INFO:colcon.colcon_core.shell:Creating package script '/home/ibz/uav_ws/install/object_tracking/share/object_tracking/package.bash'
[1.441s] INFO:colcon.colcon_core.shell:Creating package script '/home/ibz/uav_ws/install/object_tracking/share/object_tracking/package.zsh'
[1.441s] Level 1:colcon.colcon_core.environment:create_file_with_runtime_dependencies(/home/ibz/uav_ws/install/object_tracking/share/colcon-core/packages/object_tracking)
[1.517s] DEBUG:colcon.colcon_core.event_handler.log_command:Invoked command in '/home/ibz/uav_ws/build/px4_msgs' returned '0': CMAKE_PREFIX_PATH=/opt/ros/humble /usr/bin/cmake --build /home/ibz/uav_ws/build/px4_msgs -- -j12 -l12
[1.531s] DEBUG:colcon.colcon_core.event_handler.log_command:Invoking command in '/home/ibz/uav_ws/build/px4_msgs': CMAKE_PREFIX_PATH=/opt/ros/humble /usr/bin/cmake --install /home/ibz/uav_ws/build/px4_msgs
[1.839s] Level 1:colcon.colcon_core.environment:create_environment_scripts_only(px4_msgs)
[1.839s] Level 1:colcon.colcon_core.environment:checking '/home/ibz/uav_ws/install/px4_msgs' for CMake module files
[1.840s] DEBUG:colcon.colcon_core.event_handler.log_command:Invoked command in '/home/ibz/uav_ws/build/px4_msgs' returned '0': CMAKE_PREFIX_PATH=/opt/ros/humble /usr/bin/cmake --install /home/ibz/uav_ws/build/px4_msgs
[1.840s] Level 1:colcon.colcon_core.environment:checking '/home/ibz/uav_ws/install/px4_msgs' for CMake config files
[1.846s] Level 1:colcon.colcon_core.shell:create_environment_hook('px4_msgs', 'cmake_prefix_path')
[1.846s] INFO:colcon.colcon_core.shell:Creating environment hook '/home/ibz/uav_ws/install/px4_msgs/share/px4_msgs/hook/cmake_prefix_path.ps1'
[1.847s] INFO:colcon.colcon_core.shell:Creating environment descriptor '/home/ibz/uav_ws/install/px4_msgs/share/px4_msgs/hook/cmake_prefix_path.dsv'
[1.847s] INFO:colcon.colcon_core.shell:Creating environment hook '/home/ibz/uav_ws/install/px4_msgs/share/px4_msgs/hook/cmake_prefix_path.sh'
[1.848s] Level 1:colcon.colcon_core.environment:checking '/home/ibz/uav_ws/install/px4_msgs/lib'
[1.848s] Level 1:colcon.colcon_core.shell:create_environment_hook('px4_msgs', 'ld_library_path_lib')
[1.848s] INFO:colcon.colcon_core.shell:Creating environment hook '/home/ibz/uav_ws/install/px4_msgs/share/px4_msgs/hook/ld_library_path_lib.ps1'
[1.848s] INFO:colcon.colcon_core.shell:Creating environment descriptor '/home/ibz/uav_ws/install/px4_msgs/share/px4_msgs/hook/ld_library_path_lib.dsv'
[1.848s] INFO:colcon.colcon_core.shell:Creating environment hook '/home/ibz/uav_ws/install/px4_msgs/share/px4_msgs/hook/ld_library_path_lib.sh'
[1.849s] Level 1:colcon.colcon_core.environment:checking '/home/ibz/uav_ws/install/px4_msgs/bin'
[1.849s] Level 1:colcon.colcon_core.environment:checking '/home/ibz/uav_ws/install/px4_msgs/lib/pkgconfig/px4_msgs.pc'
[1.849s] Level 1:colcon.colcon_core.environment:checking '/home/ibz/uav_ws/install/px4_msgs/lib/python3.10/site-packages'
[1.849s] Level 1:colcon.colcon_core.environment:checking '/home/ibz/uav_ws/install/px4_msgs/bin'
[1.849s] INFO:colcon.colcon_core.shell:Creating package script '/home/ibz/uav_ws/install/px4_msgs/share/px4_msgs/package.ps1'
[1.850s] INFO:colcon.colcon_core.shell:Creating package descriptor '/home/ibz/uav_ws/install/px4_msgs/share/px4_msgs/package.dsv'
[1.850s] INFO:colcon.colcon_core.shell:Creating package script '/home/ibz/uav_ws/install/px4_msgs/share/px4_msgs/package.sh'
[1.851s] INFO:colcon.colcon_core.shell:Creating package script '/home/ibz/uav_ws/install/px4_msgs/share/px4_msgs/package.bash'
[1.851s] INFO:colcon.colcon_core.shell:Creating package script '/home/ibz/uav_ws/install/px4_msgs/share/px4_msgs/package.zsh'
[1.851s] Level 1:colcon.colcon_core.environment:create_file_with_runtime_dependencies(/home/ibz/uav_ws/install/px4_msgs/share/colcon-core/packages/px4_msgs)
[1.852s] Level 1:colcon.colcon_core.environment:create_environment_scripts_only(px4_msgs)
[1.853s] Level 1:colcon.colcon_core.environment:checking '/home/ibz/uav_ws/install/px4_msgs' for CMake module files
[1.853s] Level 1:colcon.colcon_core.environment:checking '/home/ibz/uav_ws/install/px4_msgs' for CMake config files
[1.858s] Level 1:colcon.colcon_core.shell:create_environment_hook('px4_msgs', 'cmake_prefix_path')
[1.859s] INFO:colcon.colcon_core.shell:Creating environment hook '/home/ibz/uav_ws/install/px4_msgs/share/px4_msgs/hook/cmake_prefix_path.ps1'
[1.859s] INFO:colcon.colcon_core.shell:Creating environment descriptor '/home/ibz/uav_ws/install/px4_msgs/share/px4_msgs/hook/cmake_prefix_path.dsv'
[1.860s] INFO:colcon.colcon_core.shell:Creating environment hook '/home/ibz/uav_ws/install/px4_msgs/share/px4_msgs/hook/cmake_prefix_path.sh'
[1.860s] Level 1:colcon.colcon_core.environment:checking '/home/ibz/uav_ws/install/px4_msgs/lib'
[1.860s] Level 1:colcon.colcon_core.shell:create_environment_hook('px4_msgs', 'ld_library_path_lib')
[1.860s] INFO:colcon.colcon_core.shell:Creating environment hook '/home/ibz/uav_ws/install/px4_msgs/share/px4_msgs/hook/ld_library_path_lib.ps1'
[1.861s] INFO:colcon.colcon_core.shell:Creating environment descriptor '/home/ibz/uav_ws/install/px4_msgs/share/px4_msgs/hook/ld_library_path_lib.dsv'
[1.861s] INFO:colcon.colcon_core.shell:Creating environment hook '/home/ibz/uav_ws/install/px4_msgs/share/px4_msgs/hook/ld_library_path_lib.sh'
[1.861s] Level 1:colcon.colcon_core.environment:checking '/home/ibz/uav_ws/install/px4_msgs/bin'
[1.861s] Level 1:colcon.colcon_core.environment:checking '/home/ibz/uav_ws/install/px4_msgs/lib/pkgconfig/px4_msgs.pc'
[1.862s] Level 1:colcon.colcon_core.environment:checking '/home/ibz/uav_ws/install/px4_msgs/lib/python3.10/site-packages'
[1.862s] Level 1:colcon.colcon_core.environment:checking '/home/ibz/uav_ws/install/px4_msgs/bin'
[1.862s] INFO:colcon.colcon_core.shell:Creating package script '/home/ibz/uav_ws/install/px4_msgs/share/px4_msgs/package.ps1'
[1.862s] INFO:colcon.colcon_core.shell:Creating package descriptor '/home/ibz/uav_ws/install/px4_msgs/share/px4_msgs/package.dsv'
[1.863s] INFO:colcon.colcon_core.shell:Creating package script '/home/ibz/uav_ws/install/px4_msgs/share/px4_msgs/package.sh'
[1.863s] INFO:colcon.colcon_core.shell:Creating package script '/home/ibz/uav_ws/install/px4_msgs/share/px4_msgs/package.bash'
[1.863s] INFO:colcon.colcon_core.shell:Creating package script '/home/ibz/uav_ws/install/px4_msgs/share/px4_msgs/package.zsh'
[1.864s] Level 1:colcon.colcon_core.environment:create_file_with_runtime_dependencies(/home/ibz/uav_ws/install/px4_msgs/share/colcon-core/packages/px4_msgs)
[1.864s] INFO:colcon.colcon_ros.task.ament_cmake.build:Building ROS package in '/home/ibz/uav_ws/src/px4_ros_com' with build type 'ament_cmake'
[1.864s] INFO:colcon.colcon_cmake.task.cmake.build:Building CMake package in '/home/ibz/uav_ws/src/px4_ros_com'
[1.864s] INFO:colcon.colcon_core.shell:Skip shell extension 'powershell' for command environment: Not usable outside of PowerShell
[1.864s] DEBUG:colcon.colcon_core.shell:Skip shell extension 'dsv' for command environment
[1.883s] DEBUG:colcon.colcon_core.event_handler.log_command:Invoking command in '/home/ibz/uav_ws/build/px4_ros_com': AMENT_PREFIX_PATH=/home/ibz/uav_ws/install/px4_msgs:${AMENT_PREFIX_PATH} CMAKE_PREFIX_PATH=/home/ibz/uav_ws/install/px4_msgs:/opt/ros/humble LD_LIBRARY_PATH=/home/ibz/uav_ws/install/px4_msgs/lib:/usr/lib/x86_64-linux-gnu/gazebo-11/plugins:/opt/ros/humble/opt/rviz_ogre_vendor/lib:/opt/ros/humble/lib/x86_64-linux-gnu:/opt/ros/humble/lib:/tmp/.mount_cursorJoKCTQ/usr/lib/:/tmp/.mount_cursorJoKCTQ/usr/lib32/:/tmp/.mount_cursorJoKCTQ/usr/lib64/:/tmp/.mount_cursorJoKCTQ/lib/:/tmp/.mount_cursorJoKCTQ/lib/i386-linux-gnu/:/tmp/.mount_cursorJoKCTQ/lib/x86_64-linux-gnu/:/tmp/.mount_cursorJoKCTQ/lib/aarch64-linux-gnu/:/tmp/.mount_cursorJoKCTQ/lib32/:/tmp/.mount_cursorJoKCTQ/lib64/:/tmp/.mount_cursormEaCen/usr/lib/:/tmp/.mount_cursormEaCen/usr/lib32/:/tmp/.mount_cursormEaCen/usr/lib64/:/tmp/.mount_cursormEaCen/lib/:/tmp/.mount_cursormEaCen/lib/i386-linux-gnu/:/tmp/.mount_cursormEaCen/lib/x86_64-linux-gnu/:/tmp/.mount_cursormEaCen/lib/aarch64-linux-gnu/:/tmp/.mount_cursormEaCen/lib32/:/tmp/.mount_cursormEaCen/lib64/ PYTHONPATH=/home/ibz/uav_ws/install/px4_msgs/local/lib/python3.10/dist-packages:${PYTHONPATH} /usr/bin/cmake --build /home/ibz/uav_ws/build/px4_ros_com -- -j12 -l12
[2.352s] DEBUG:colcon.colcon_core.event_handler.log_command:Invoked command in '/home/ibz/uav_ws/build/px4_ros_com' returned '0': AMENT_PREFIX_PATH=/home/ibz/uav_ws/install/px4_msgs:${AMENT_PREFIX_PATH} CMAKE_PREFIX_PATH=/home/ibz/uav_ws/install/px4_msgs:/opt/ros/humble LD_LIBRARY_PATH=/home/ibz/uav_ws/install/px4_msgs/lib:/usr/lib/x86_64-linux-gnu/gazebo-11/plugins:/opt/ros/humble/opt/rviz_ogre_vendor/lib:/opt/ros/humble/lib/x86_64-linux-gnu:/opt/ros/humble/lib:/tmp/.mount_cursorJoKCTQ/usr/lib/:/tmp/.mount_cursorJoKCTQ/usr/lib32/:/tmp/.mount_cursorJoKCTQ/usr/lib64/:/tmp/.mount_cursorJoKCTQ/lib/:/tmp/.mount_cursorJoKCTQ/lib/i386-linux-gnu/:/tmp/.mount_cursorJoKCTQ/lib/x86_64-linux-gnu/:/tmp/.mount_cursorJoKCTQ/lib/aarch64-linux-gnu/:/tmp/.mount_cursorJoKCTQ/lib32/:/tmp/.mount_cursorJoKCTQ/lib64/:/tmp/.mount_cursormEaCen/usr/lib/:/tmp/.mount_cursormEaCen/usr/lib32/:/tmp/.mount_cursormEaCen/usr/lib64/:/tmp/.mount_cursormEaCen/lib/:/tmp/.mount_cursormEaCen/lib/i386-linux-gnu/:/tmp/.mount_cursormEaCen/lib/x86_64-linux-gnu/:/tmp/.mount_cursormEaCen/lib/aarch64-linux-gnu/:/tmp/.mount_cursormEaCen/lib32/:/tmp/.mount_cursormEaCen/lib64/ PYTHONPATH=/home/ibz/uav_ws/install/px4_msgs/local/lib/python3.10/dist-packages:${PYTHONPATH} /usr/bin/cmake --build /home/ibz/uav_ws/build/px4_ros_com -- -j12 -l12
[2.354s] DEBUG:colcon.colcon_core.event_handler.log_command:Invoking command in '/home/ibz/uav_ws/build/px4_ros_com': AMENT_PREFIX_PATH=/home/ibz/uav_ws/install/px4_msgs:${AMENT_PREFIX_PATH} CMAKE_PREFIX_PATH=/home/ibz/uav_ws/install/px4_msgs:/opt/ros/humble LD_LIBRARY_PATH=/home/ibz/uav_ws/install/px4_msgs/lib:/usr/lib/x86_64-linux-gnu/gazebo-11/plugins:/opt/ros/humble/opt/rviz_ogre_vendor/lib:/opt/ros/humble/lib/x86_64-linux-gnu:/opt/ros/humble/lib:/tmp/.mount_cursorJoKCTQ/usr/lib/:/tmp/.mount_cursorJoKCTQ/usr/lib32/:/tmp/.mount_cursorJoKCTQ/usr/lib64/:/tmp/.mount_cursorJoKCTQ/lib/:/tmp/.mount_cursorJoKCTQ/lib/i386-linux-gnu/:/tmp/.mount_cursorJoKCTQ/lib/x86_64-linux-gnu/:/tmp/.mount_cursorJoKCTQ/lib/aarch64-linux-gnu/:/tmp/.mount_cursorJoKCTQ/lib32/:/tmp/.mount_cursorJoKCTQ/lib64/:/tmp/.mount_cursormEaCen/usr/lib/:/tmp/.mount_cursormEaCen/usr/lib32/:/tmp/.mount_cursormEaCen/usr/lib64/:/tmp/.mount_cursormEaCen/lib/:/tmp/.mount_cursormEaCen/lib/i386-linux-gnu/:/tmp/.mount_cursormEaCen/lib/x86_64-linux-gnu/:/tmp/.mount_cursormEaCen/lib/aarch64-linux-gnu/:/tmp/.mount_cursormEaCen/lib32/:/tmp/.mount_cursormEaCen/lib64/ PYTHONPATH=/home/ibz/uav_ws/install/px4_msgs/local/lib/python3.10/dist-packages:${PYTHONPATH} /usr/bin/cmake --install /home/ibz/uav_ws/build/px4_ros_com
[2.405s] Level 1:colcon.colcon_core.environment:create_environment_scripts_only(px4_ros_com)
[2.405s] Level 1:colcon.colcon_core.environment:checking '/home/ibz/uav_ws/install/px4_ros_com' for CMake module files
[2.405s] DEBUG:colcon.colcon_core.event_handler.log_command:Invoked command in '/home/ibz/uav_ws/build/px4_ros_com' returned '0': AMENT_PREFIX_PATH=/home/ibz/uav_ws/install/px4_msgs:${AMENT_PREFIX_PATH} CMAKE_PREFIX_PATH=/home/ibz/uav_ws/install/px4_msgs:/opt/ros/humble LD_LIBRARY_PATH=/home/ibz/uav_ws/install/px4_msgs/lib:/usr/lib/x86_64-linux-gnu/gazebo-11/plugins:/opt/ros/humble/opt/rviz_ogre_vendor/lib:/opt/ros/humble/lib/x86_64-linux-gnu:/opt/ros/humble/lib:/tmp/.mount_cursorJoKCTQ/usr/lib/:/tmp/.mount_cursorJoKCTQ/usr/lib32/:/tmp/.mount_cursorJoKCTQ/usr/lib64/:/tmp/.mount_cursorJoKCTQ/lib/:/tmp/.mount_cursorJoKCTQ/lib/i386-linux-gnu/:/tmp/.mount_cursorJoKCTQ/lib/x86_64-linux-gnu/:/tmp/.mount_cursorJoKCTQ/lib/aarch64-linux-gnu/:/tmp/.mount_cursorJoKCTQ/lib32/:/tmp/.mount_cursorJoKCTQ/lib64/:/tmp/.mount_cursormEaCen/usr/lib/:/tmp/.mount_cursormEaCen/usr/lib32/:/tmp/.mount_cursormEaCen/usr/lib64/:/tmp/.mount_cursormEaCen/lib/:/tmp/.mount_cursormEaCen/lib/i386-linux-gnu/:/tmp/.mount_cursormEaCen/lib/x86_64-linux-gnu/:/tmp/.mount_cursormEaCen/lib/aarch64-linux-gnu/:/tmp/.mount_cursormEaCen/lib32/:/tmp/.mount_cursormEaCen/lib64/ PYTHONPATH=/home/ibz/uav_ws/install/px4_msgs/local/lib/python3.10/dist-packages:${PYTHONPATH} /usr/bin/cmake --install /home/ibz/uav_ws/build/px4_ros_com
[2.406s] Level 1:colcon.colcon_core.environment:checking '/home/ibz/uav_ws/install/px4_ros_com' for CMake config files
[2.406s] Level 1:colcon.colcon_core.shell:create_environment_hook('px4_ros_com', 'cmake_prefix_path')
[2.406s] INFO:colcon.colcon_core.shell:Creating environment hook '/home/ibz/uav_ws/install/px4_ros_com/share/px4_ros_com/hook/cmake_prefix_path.ps1'
[2.407s] INFO:colcon.colcon_core.shell:Creating environment descriptor '/home/ibz/uav_ws/install/px4_ros_com/share/px4_ros_com/hook/cmake_prefix_path.dsv'
[2.407s] INFO:colcon.colcon_core.shell:Creating environment hook '/home/ibz/uav_ws/install/px4_ros_com/share/px4_ros_com/hook/cmake_prefix_path.sh'
[2.407s] Level 1:colcon.colcon_core.environment:checking '/home/ibz/uav_ws/install/px4_ros_com/lib'
[2.408s] Level 1:colcon.colcon_core.shell:create_environment_hook('px4_ros_com', 'ld_library_path_lib')
[2.408s] INFO:colcon.colcon_core.shell:Creating environment hook '/home/ibz/uav_ws/install/px4_ros_com/share/px4_ros_com/hook/ld_library_path_lib.ps1'
[2.408s] INFO:colcon.colcon_core.shell:Creating environment descriptor '/home/ibz/uav_ws/install/px4_ros_com/share/px4_ros_com/hook/ld_library_path_lib.dsv'
[2.408s] INFO:colcon.colcon_core.shell:Creating environment hook '/home/ibz/uav_ws/install/px4_ros_com/share/px4_ros_com/hook/ld_library_path_lib.sh'
[2.409s] Level 1:colcon.colcon_core.environment:checking '/home/ibz/uav_ws/install/px4_ros_com/bin'
[2.409s] Level 1:colcon.colcon_core.environment:checking '/home/ibz/uav_ws/install/px4_ros_com/lib/pkgconfig/px4_ros_com.pc'
[2.409s] Level 1:colcon.colcon_core.environment:checking '/home/ibz/uav_ws/install/px4_ros_com/lib/python3.10/site-packages'
[2.409s] Level 1:colcon.colcon_core.environment:checking '/home/ibz/uav_ws/install/px4_ros_com/bin'
[2.409s] INFO:colcon.colcon_core.shell:Creating package script '/home/ibz/uav_ws/install/px4_ros_com/share/px4_ros_com/package.ps1'
[2.410s] INFO:colcon.colcon_core.shell:Creating package descriptor '/home/ibz/uav_ws/install/px4_ros_com/share/px4_ros_com/package.dsv'
[2.410s] INFO:colcon.colcon_core.shell:Creating package script '/home/ibz/uav_ws/install/px4_ros_com/share/px4_ros_com/package.sh'
[2.411s] INFO:colcon.colcon_core.shell:Creating package script '/home/ibz/uav_ws/install/px4_ros_com/share/px4_ros_com/package.bash'
[2.411s] INFO:colcon.colcon_core.shell:Creating package script '/home/ibz/uav_ws/install/px4_ros_com/share/px4_ros_com/package.zsh'
[2.411s] Level 1:colcon.colcon_core.environment:create_file_with_runtime_dependencies(/home/ibz/uav_ws/install/px4_ros_com/share/colcon-core/packages/px4_ros_com)
[2.412s] Level 1:colcon.colcon_core.environment:create_environment_scripts_only(px4_ros_com)
[2.412s] Level 1:colcon.colcon_core.environment:checking '/home/ibz/uav_ws/install/px4_ros_com' for CMake module files
[2.412s] Level 1:colcon.colcon_core.environment:checking '/home/ibz/uav_ws/install/px4_ros_com' for CMake config files
[2.412s] Level 1:colcon.colcon_core.shell:create_environment_hook('px4_ros_com', 'cmake_prefix_path')
[2.413s] INFO:colcon.colcon_core.shell:Creating environment hook '/home/ibz/uav_ws/install/px4_ros_com/share/px4_ros_com/hook/cmake_prefix_path.ps1'
[2.413s] INFO:colcon.colcon_core.shell:Creating environment descriptor '/home/ibz/uav_ws/install/px4_ros_com/share/px4_ros_com/hook/cmake_prefix_path.dsv'
[2.413s] INFO:colcon.colcon_core.shell:Creating environment hook '/home/ibz/uav_ws/install/px4_ros_com/share/px4_ros_com/hook/cmake_prefix_path.sh'
[2.414s] Level 1:colcon.colcon_core.environment:checking '/home/ibz/uav_ws/install/px4_ros_com/lib'
[2.414s] Level 1:colcon.colcon_core.shell:create_environment_hook('px4_ros_com', 'ld_library_path_lib')
[2.414s] INFO:colcon.colcon_core.shell:Creating environment hook '/home/ibz/uav_ws/install/px4_ros_com/share/px4_ros_com/hook/ld_library_path_lib.ps1'
[2.414s] INFO:colcon.colcon_core.shell:Creating environment descriptor '/home/ibz/uav_ws/install/px4_ros_com/share/px4_ros_com/hook/ld_library_path_lib.dsv'
[2.414s] INFO:colcon.colcon_core.shell:Creating environment hook '/home/ibz/uav_ws/install/px4_ros_com/share/px4_ros_com/hook/ld_library_path_lib.sh'
[2.415s] Level 1:colcon.colcon_core.environment:checking '/home/ibz/uav_ws/install/px4_ros_com/bin'
[2.415s] Level 1:colcon.colcon_core.environment:checking '/home/ibz/uav_ws/install/px4_ros_com/lib/pkgconfig/px4_ros_com.pc'
[2.415s] Level 1:colcon.colcon_core.environment:checking '/home/ibz/uav_ws/install/px4_ros_com/lib/python3.10/site-packages'
[2.415s] Level 1:colcon.colcon_core.environment:checking '/home/ibz/uav_ws/install/px4_ros_com/bin'
[2.415s] INFO:colcon.colcon_core.shell:Creating package script '/home/ibz/uav_ws/install/px4_ros_com/share/px4_ros_com/package.ps1'
[2.416s] INFO:colcon.colcon_core.shell:Creating package descriptor '/home/ibz/uav_ws/install/px4_ros_com/share/px4_ros_com/package.dsv'
[2.416s] INFO:colcon.colcon_core.shell:Creating package script '/home/ibz/uav_ws/install/px4_ros_com/share/px4_ros_com/package.sh'
[2.417s] INFO:colcon.colcon_core.shell:Creating package script '/home/ibz/uav_ws/install/px4_ros_com/share/px4_ros_com/package.bash'
[2.417s] INFO:colcon.colcon_core.shell:Creating package script '/home/ibz/uav_ws/install/px4_ros_com/share/px4_ros_com/package.zsh'
[2.417s] Level 1:colcon.colcon_core.environment:create_file_with_runtime_dependencies(/home/ibz/uav_ws/install/px4_ros_com/share/colcon-core/packages/px4_ros_com)
[2.418s] INFO:colcon.colcon_ros.task.ament_python.build:Building ROS package in '/home/ibz/uav_ws/src/uav_simulation' with build type 'ament_python'
[2.418s] Level 1:colcon.colcon_core.shell:create_environment_hook('uav_simulation', 'ament_prefix_path')
[2.418s] INFO:colcon.colcon_core.shell:Creating environment hook '/home/ibz/uav_ws/install/uav_simulation/share/uav_simulation/hook/ament_prefix_path.ps1'
[2.419s] INFO:colcon.colcon_core.shell:Creating environment descriptor '/home/ibz/uav_ws/install/uav_simulation/share/uav_simulation/hook/ament_prefix_path.dsv'
[2.419s] INFO:colcon.colcon_core.shell:Creating environment hook '/home/ibz/uav_ws/install/uav_simulation/share/uav_simulation/hook/ament_prefix_path.sh'
[2.419s] INFO:colcon.colcon_core.shell:Skip shell extension 'powershell' for command environment: Not usable outside of PowerShell
[2.420s] DEBUG:colcon.colcon_core.shell:Skip shell extension 'dsv' for command environment
[2.681s] INFO:colcon.colcon_core.task.python.build:Building Python package in '/home/ibz/uav_ws/src/uav_simulation'
[2.681s] INFO:colcon.colcon_core.shell:Skip shell extension 'powershell' for command environment: Not usable outside of PowerShell
[2.681s] DEBUG:colcon.colcon_core.shell:Skip shell extension 'dsv' for command environment
[3.003s] DEBUG:colcon.colcon_core.event_handler.log_command:Invoking command in '/home/ibz/uav_ws/src/uav_simulation': AMENT_PREFIX_PATH=/home/ibz/uav_ws/install/px4_ros_com:/home/ibz/uav_ws/install/px4_msgs:${AMENT_PREFIX_PATH} CMAKE_PREFIX_PATH=/home/ibz/uav_ws/install/px4_ros_com:/home/ibz/uav_ws/install/px4_msgs LD_LIBRARY_PATH=/home/ibz/uav_ws/install/px4_ros_com/lib:/home/ibz/uav_ws/install/px4_msgs/lib:/usr/lib/x86_64-linux-gnu/gazebo-11/plugins:/opt/ros/humble/opt/rviz_ogre_vendor/lib:/opt/ros/humble/lib/x86_64-linux-gnu:/opt/ros/humble/lib:/tmp/.mount_cursorJoKCTQ/usr/lib/:/tmp/.mount_cursorJoKCTQ/usr/lib32/:/tmp/.mount_cursorJoKCTQ/usr/lib64/:/tmp/.mount_cursorJoKCTQ/lib/:/tmp/.mount_cursorJoKCTQ/lib/i386-linux-gnu/:/tmp/.mount_cursorJoKCTQ/lib/x86_64-linux-gnu/:/tmp/.mount_cursorJoKCTQ/lib/aarch64-linux-gnu/:/tmp/.mount_cursorJoKCTQ/lib32/:/tmp/.mount_cursorJoKCTQ/lib64/:/tmp/.mount_cursormEaCen/usr/lib/:/tmp/.mount_cursormEaCen/usr/lib32/:/tmp/.mount_cursormEaCen/usr/lib64/:/tmp/.mount_cursormEaCen/lib/:/tmp/.mount_cursormEaCen/lib/i386-linux-gnu/:/tmp/.mount_cursormEaCen/lib/x86_64-linux-gnu/:/tmp/.mount_cursormEaCen/lib/aarch64-linux-gnu/:/tmp/.mount_cursormEaCen/lib32/:/tmp/.mount_cursormEaCen/lib64/ PYTHONPATH=/home/ibz/uav_ws/build/uav_simulation/prefix_override:/usr/lib/python3/dist-packages/colcon_core/task/python/colcon_distutils_commands:/home/ibz/uav_ws/install/uav_simulation/lib/python3.10/site-packages:/home/ibz/uav_ws/install/px4_ros_com/local/lib/python3.10/dist-packages:/home/ibz/uav_ws/install/px4_msgs/local/lib/python3.10/dist-packages:${PYTHONPATH} /usr/bin/python3 -W ignore:setup.py install is deprecated -W ignore:easy_install command is deprecated setup.py egg_info --egg-base ../../build/uav_simulation build --build-base /home/ibz/uav_ws/build/uav_simulation/build install --record /home/ibz/uav_ws/build/uav_simulation/install.log --single-version-externally-managed install_data
[3.264s] Level 1:colcon.colcon_core.environment:checking '/home/ibz/uav_ws/install/uav_simulation' for CMake module files
[3.264s] DEBUG:colcon.colcon_core.event_handler.log_command:Invoked command in '/home/ibz/uav_ws/src/uav_simulation' returned '0': AMENT_PREFIX_PATH=/home/ibz/uav_ws/install/px4_ros_com:/home/ibz/uav_ws/install/px4_msgs:${AMENT_PREFIX_PATH} CMAKE_PREFIX_PATH=/home/ibz/uav_ws/install/px4_ros_com:/home/ibz/uav_ws/install/px4_msgs LD_LIBRARY_PATH=/home/ibz/uav_ws/install/px4_ros_com/lib:/home/ibz/uav_ws/install/px4_msgs/lib:/usr/lib/x86_64-linux-gnu/gazebo-11/plugins:/opt/ros/humble/opt/rviz_ogre_vendor/lib:/opt/ros/humble/lib/x86_64-linux-gnu:/opt/ros/humble/lib:/tmp/.mount_cursorJoKCTQ/usr/lib/:/tmp/.mount_cursorJoKCTQ/usr/lib32/:/tmp/.mount_cursorJoKCTQ/usr/lib64/:/tmp/.mount_cursorJoKCTQ/lib/:/tmp/.mount_cursorJoKCTQ/lib/i386-linux-gnu/:/tmp/.mount_cursorJoKCTQ/lib/x86_64-linux-gnu/:/tmp/.mount_cursorJoKCTQ/lib/aarch64-linux-gnu/:/tmp/.mount_cursorJoKCTQ/lib32/:/tmp/.mount_cursorJoKCTQ/lib64/:/tmp/.mount_cursormEaCen/usr/lib/:/tmp/.mount_cursormEaCen/usr/lib32/:/tmp/.mount_cursormEaCen/usr/lib64/:/tmp/.mount_cursormEaCen/lib/:/tmp/.mount_cursormEaCen/lib/i386-linux-gnu/:/tmp/.mount_cursormEaCen/lib/x86_64-linux-gnu/:/tmp/.mount_cursormEaCen/lib/aarch64-linux-gnu/:/tmp/.mount_cursormEaCen/lib32/:/tmp/.mount_cursormEaCen/lib64/ PYTHONPATH=/home/ibz/uav_ws/build/uav_simulation/prefix_override:/usr/lib/python3/dist-packages/colcon_core/task/python/colcon_distutils_commands:/home/ibz/uav_ws/install/uav_simulation/lib/python3.10/site-packages:/home/ibz/uav_ws/install/px4_ros_com/local/lib/python3.10/dist-packages:/home/ibz/uav_ws/install/px4_msgs/local/lib/python3.10/dist-packages:${PYTHONPATH} /usr/bin/python3 -W ignore:setup.py install is deprecated -W ignore:easy_install command is deprecated setup.py egg_info --egg-base ../../build/uav_simulation build --build-base /home/ibz/uav_ws/build/uav_simulation/build install --record /home/ibz/uav_ws/build/uav_simulation/install.log --single-version-externally-managed install_data
[3.265s] Level 1:colcon.colcon_core.environment:checking '/home/ibz/uav_ws/install/uav_simulation' for CMake config files
[3.265s] Level 1:colcon.colcon_core.environment:checking '/home/ibz/uav_ws/install/uav_simulation/lib'
[3.265s] Level 1:colcon.colcon_core.environment:checking '/home/ibz/uav_ws/install/uav_simulation/bin'
[3.265s] Level 1:colcon.colcon_core.shell:create_environment_hook('uav_simulation', 'path')
[3.265s] INFO:colcon.colcon_core.shell:Creating environment hook '/home/ibz/uav_ws/install/uav_simulation/share/uav_simulation/hook/path.ps1'
[3.266s] INFO:colcon.colcon_core.shell:Creating environment descriptor '/home/ibz/uav_ws/install/uav_simulation/share/uav_simulation/hook/path.dsv'
[3.266s] INFO:colcon.colcon_core.shell:Creating environment hook '/home/ibz/uav_ws/install/uav_simulation/share/uav_simulation/hook/path.sh'
[3.266s] Level 1:colcon.colcon_core.environment:checking '/home/ibz/uav_ws/install/uav_simulation/lib/pkgconfig/uav_simulation.pc'
[3.267s] Level 1:colcon.colcon_core.environment:checking '/home/ibz/uav_ws/install/uav_simulation/lib/python3.10/site-packages'
[3.267s] Level 1:colcon.colcon_core.shell:create_environment_hook('uav_simulation', 'pythonpath')
[3.267s] INFO:colcon.colcon_core.shell:Creating environment hook '/home/ibz/uav_ws/install/uav_simulation/share/uav_simulation/hook/pythonpath.ps1'
[3.267s] INFO:colcon.colcon_core.shell:Creating environment descriptor '/home/ibz/uav_ws/install/uav_simulation/share/uav_simulation/hook/pythonpath.dsv'
[3.267s] INFO:colcon.colcon_core.shell:Creating environment hook '/home/ibz/uav_ws/install/uav_simulation/share/uav_simulation/hook/pythonpath.sh'
[3.268s] Level 1:colcon.colcon_core.environment:checking '/home/ibz/uav_ws/install/uav_simulation/bin'
[3.268s] Level 1:colcon.colcon_core.shell:create_environment_hook('uav_simulation', 'pythonscriptspath')
[3.268s] INFO:colcon.colcon_core.shell:Creating environment hook '/home/ibz/uav_ws/install/uav_simulation/share/uav_simulation/hook/pythonscriptspath.ps1'
[3.268s] INFO:colcon.colcon_core.shell:Creating environment descriptor '/home/ibz/uav_ws/install/uav_simulation/share/uav_simulation/hook/pythonscriptspath.dsv'
[3.269s] INFO:colcon.colcon_core.shell:Creating environment hook '/home/ibz/uav_ws/install/uav_simulation/share/uav_simulation/hook/pythonscriptspath.sh'
[3.269s] Level 1:colcon.colcon_core.environment:create_environment_scripts_only(uav_simulation)
[3.269s] INFO:colcon.colcon_core.shell:Creating package script '/home/ibz/uav_ws/install/uav_simulation/share/uav_simulation/package.ps1'
[3.270s] INFO:colcon.colcon_core.shell:Creating package descriptor '/home/ibz/uav_ws/install/uav_simulation/share/uav_simulation/package.dsv'
[3.270s] INFO:colcon.colcon_core.shell:Creating package script '/home/ibz/uav_ws/install/uav_simulation/share/uav_simulation/package.sh'
[3.270s] INFO:colcon.colcon_core.shell:Creating package script '/home/ibz/uav_ws/install/uav_simulation/share/uav_simulation/package.bash'
[3.270s] INFO:colcon.colcon_core.shell:Creating package script '/home/ibz/uav_ws/install/uav_simulation/share/uav_simulation/package.zsh'
[3.271s] Level 1:colcon.colcon_core.environment:create_file_with_runtime_dependencies(/home/ibz/uav_ws/install/uav_simulation/share/colcon-core/packages/uav_simulation)
[3.271s] DEBUG:colcon.colcon_parallel_executor.executor.parallel:closing loop
[3.271s] DEBUG:colcon.colcon_parallel_executor.executor.parallel:loop closed
[3.271s] DEBUG:colcon.colcon_parallel_executor.executor.parallel:run_until_complete finished with '0'
[3.271s] DEBUG:colcon.colcon_core.event_reactor:joining thread
[3.276s] INFO:colcon.colcon_core.plugin_system:Skipping extension 'colcon_notification.desktop_notification.terminal_notifier': Not used on non-Darwin systems
[3.276s] INFO:colcon.colcon_core.plugin_system:Skipping extension 'colcon_notification.desktop_notification.win32': Not used on non-Windows systems
[3.276s] INFO:colcon.colcon_notification.desktop_notification:Sending desktop notification using 'notify2'
[3.284s] DEBUG:colcon.colcon_core.event_reactor:joined thread
[3.284s] INFO:colcon.colcon_core.shell:Creating prefix script '/home/ibz/uav_ws/install/local_setup.ps1'
[3.285s] INFO:colcon.colcon_core.shell:Creating prefix util module '/home/ibz/uav_ws/install/_local_setup_util_ps1.py'
[3.286s] INFO:colcon.colcon_core.shell:Creating prefix chain script '/home/ibz/uav_ws/install/setup.ps1'
[3.286s] INFO:colcon.colcon_core.shell:Creating prefix script '/home/ibz/uav_ws/install/local_setup.sh'
[3.287s] INFO:colcon.colcon_core.shell:Creating prefix util module '/home/ibz/uav_ws/install/_local_setup_util_sh.py'
[3.287s] INFO:colcon.colcon_core.shell:Creating prefix chain script '/home/ibz/uav_ws/install/setup.sh'
[3.288s] INFO:colcon.colcon_core.shell:Creating prefix script '/home/ibz/uav_ws/install/local_setup.bash'
[3.288s] INFO:colcon.colcon_core.shell:Creating prefix chain script '/home/ibz/uav_ws/install/setup.bash'
[3.289s] INFO:colcon.colcon_core.shell:Creating prefix script '/home/ibz/uav_ws/install/local_setup.zsh'
[3.289s] INFO:colcon.colcon_core.shell:Creating prefix chain script '/home/ibz/uav_ws/install/setup.zsh'
