[0.817s] Invoking command in '/home/ibz/uav_ws/src/object_detection': PYTHONPATH=/home/ibz/uav_ws/build/object_detection/prefix_override:/usr/lib/python3/dist-packages/colcon_core/task/python/colcon_distutils_commands:/home/ibz/uav_ws/install/object_detection/lib/python3.10/site-packages:${PYTHONPATH} /usr/bin/python3 -W ignore:setup.py install is deprecated -W ignore:easy_install command is deprecated setup.py egg_info --egg-base ../../build/object_detection build --build-base /home/ibz/uav_ws/build/object_detection/build install --record /home/ibz/uav_ws/build/object_detection/install.log --single-version-externally-managed install_data
[1.048s] running egg_info
[1.049s] writing ../../build/object_detection/object_detection.egg-info/PKG-INFO
[1.049s] writing dependency_links to ../../build/object_detection/object_detection.egg-info/dependency_links.txt
[1.049s] writing entry points to ../../build/object_detection/object_detection.egg-info/entry_points.txt
[1.049s] writing requirements to ../../build/object_detection/object_detection.egg-info/requires.txt
[1.049s] writing top-level names to ../../build/object_detection/object_detection.egg-info/top_level.txt
[1.051s] reading manifest file '../../build/object_detection/object_detection.egg-info/SOURCES.txt'
[1.051s] writing manifest file '../../build/object_detection/object_detection.egg-info/SOURCES.txt'
[1.051s] running build
[1.052s] running build_py
[1.052s] running install
[1.052s] running install_lib
[1.053s] running install_data
[1.053s] running install_egg_info
[1.055s] removing '/home/ibz/uav_ws/install/object_detection/lib/python3.10/site-packages/object_detection-0.0.1-py3.10.egg-info' (and everything under it)
[1.055s] Copying ../../build/object_detection/object_detection.egg-info to /home/ibz/uav_ws/install/object_detection/lib/python3.10/site-packages/object_detection-0.0.1-py3.10.egg-info
[1.055s] running install_scripts
[1.074s] Installing detection_node script to /home/ibz/uav_ws/install/object_detection/bin
[1.074s] writing list of installed files to '/home/ibz/uav_ws/build/object_detection/install.log'
[1.098s] Invoked command in '/home/ibz/uav_ws/src/object_detection' returned '0': PYTHONPATH=/home/ibz/uav_ws/build/object_detection/prefix_override:/usr/lib/python3/dist-packages/colcon_core/task/python/colcon_distutils_commands:/home/ibz/uav_ws/install/object_detection/lib/python3.10/site-packages:${PYTHONPATH} /usr/bin/python3 -W ignore:setup.py install is deprecated -W ignore:easy_install command is deprecated setup.py egg_info --egg-base ../../build/object_detection build --build-base /home/ibz/uav_ws/build/object_detection/build install --record /home/ibz/uav_ws/build/object_detection/install.log --single-version-externally-managed install_data
