[0.092s] DEBUG:colcon:Command line arguments: ['/usr/bin/colcon', 'build', '--symlink-install']
[0.092s] DEBUG:colcon:Parsed command line arguments: Namespace(log_base=None, log_level=None, verb_name='build', build_base='build', install_base='install', merge_install=False, symlink_install=True, test_result_base=None, continue_on_error=False, executor='parallel', parallel_workers=12, event_handlers=None, ignore_user_meta=False, metas=['./colcon.meta'], base_paths=['.'], packages_ignore=None, packages_ignore_regex=None, paths=None, packages_up_to=None, packages_up_to_regex=None, packages_above=None, packages_above_and_dependencies=None, packages_above_depth=None, packages_select_by_dep=None, packages_skip_by_dep=None, packages_skip_up_to=None, packages_select_build_failed=False, packages_skip_build_finished=False, packages_select_test_failures=False, packages_skip_test_passed=False, packages_select=None, packages_skip=None, packages_select_regex=None, packages_skip_regex=None, packages_start=None, packages_end=None, allow_overriding=[], cmake_args=None, cmake_target=None, cmake_target_skip_unavailable=False, cmake_clean_cache=False, cmake_clean_first=False, cmake_force_configure=False, ament_cmake_args=None, catkin_cmake_args=None, catkin_skip_building_tests=False, mixin_files=None, mixin=None, verb_parser=<colcon_mixin.mixin.mixin_argument.MixinArgumentDecorator object at 0x7fbfc9c85060>, verb_extension=<colcon_core.verb.build.BuildVerb object at 0x7fbfc9c84bb0>, main=<bound method BuildVerb.main of <colcon_core.verb.build.BuildVerb object at 0x7fbfc9c84bb0>>, mixin_verb=('build',))
[0.232s] Level 1:colcon.colcon_core.package_discovery:discover_packages(colcon_meta) check parameters
[0.233s] Level 1:colcon.colcon_core.package_discovery:discover_packages(recursive) check parameters
[0.233s] Level 1:colcon.colcon_core.package_discovery:discover_packages(ignore) check parameters
[0.233s] Level 1:colcon.colcon_core.package_discovery:discover_packages(path) check parameters
[0.233s] Level 1:colcon.colcon_core.package_discovery:discover_packages(colcon_meta) discover
[0.233s] Level 1:colcon.colcon_core.package_discovery:discover_packages(recursive) discover
[0.233s] INFO:colcon.colcon_core.package_discovery:Crawling recursively for packages in '/home/ibz/uav_ws'
[0.233s] Level 1:colcon.colcon_core.package_identification:_identify(.) by extensions ['ignore', 'ignore_ament_install']
[0.233s] Level 1:colcon.colcon_core.package_identification:_identify(.) by extension 'ignore'
[0.233s] Level 1:colcon.colcon_core.package_identification:_identify(.) by extension 'ignore_ament_install'
[0.233s] Level 1:colcon.colcon_core.package_identification:_identify(.) by extensions ['colcon_pkg']
[0.233s] Level 1:colcon.colcon_core.package_identification:_identify(.) by extension 'colcon_pkg'
[0.233s] Level 1:colcon.colcon_core.package_identification:_identify(.) by extensions ['colcon_meta']
[0.233s] Level 1:colcon.colcon_core.package_identification:_identify(.) by extension 'colcon_meta'
[0.233s] Level 1:colcon.colcon_core.package_identification:_identify(.) by extensions ['ros']
[0.233s] Level 1:colcon.colcon_core.package_identification:_identify(.) by extension 'ros'
[0.250s] Level 1:colcon.colcon_core.package_identification:_identify(.) by extensions ['cmake', 'python']
[0.251s] Level 1:colcon.colcon_core.package_identification:_identify(.) by extension 'cmake'
[0.251s] Level 1:colcon.colcon_core.package_identification:_identify(.) by extension 'python'
[0.251s] Level 1:colcon.colcon_core.package_identification:_identify(.) by extensions ['python_setup_py']
[0.251s] Level 1:colcon.colcon_core.package_identification:_identify(.) by extension 'python_setup_py'
[0.251s] Level 1:colcon.colcon_core.package_identification:_identify(build) by extensions ['ignore', 'ignore_ament_install']
[0.251s] Level 1:colcon.colcon_core.package_identification:_identify(build) by extension 'ignore'
[0.251s] Level 1:colcon.colcon_core.package_identification:_identify(build) ignored
[0.251s] Level 1:colcon.colcon_core.package_identification:_identify(install) by extensions ['ignore', 'ignore_ament_install']
[0.251s] Level 1:colcon.colcon_core.package_identification:_identify(install) by extension 'ignore'
[0.251s] Level 1:colcon.colcon_core.package_identification:_identify(install) ignored
[0.251s] Level 1:colcon.colcon_core.package_identification:_identify(log) by extensions ['ignore', 'ignore_ament_install']
[0.251s] Level 1:colcon.colcon_core.package_identification:_identify(log) by extension 'ignore'
[0.251s] Level 1:colcon.colcon_core.package_identification:_identify(log) ignored
[0.251s] Level 1:colcon.colcon_core.package_identification:_identify(src) by extensions ['ignore', 'ignore_ament_install']
[0.251s] Level 1:colcon.colcon_core.package_identification:_identify(src) by extension 'ignore'
[0.251s] Level 1:colcon.colcon_core.package_identification:_identify(src) by extension 'ignore_ament_install'
[0.251s] Level 1:colcon.colcon_core.package_identification:_identify(src) by extensions ['colcon_pkg']
[0.251s] Level 1:colcon.colcon_core.package_identification:_identify(src) by extension 'colcon_pkg'
[0.251s] Level 1:colcon.colcon_core.package_identification:_identify(src) by extensions ['colcon_meta']
[0.251s] Level 1:colcon.colcon_core.package_identification:_identify(src) by extension 'colcon_meta'
[0.251s] Level 1:colcon.colcon_core.package_identification:_identify(src) by extensions ['ros']
[0.251s] Level 1:colcon.colcon_core.package_identification:_identify(src) by extension 'ros'
[0.251s] Level 1:colcon.colcon_core.package_identification:_identify(src) by extensions ['cmake', 'python']
[0.251s] Level 1:colcon.colcon_core.package_identification:_identify(src) by extension 'cmake'
[0.251s] Level 1:colcon.colcon_core.package_identification:_identify(src) by extension 'python'
[0.251s] Level 1:colcon.colcon_core.package_identification:_identify(src) by extensions ['python_setup_py']
[0.251s] Level 1:colcon.colcon_core.package_identification:_identify(src) by extension 'python_setup_py'
[0.252s] Level 1:colcon.colcon_core.package_identification:_identify(src/Micro-XRCE-DDS-Agent) by extensions ['ignore', 'ignore_ament_install']
[0.252s] Level 1:colcon.colcon_core.package_identification:_identify(src/Micro-XRCE-DDS-Agent) by extension 'ignore'
[0.252s] Level 1:colcon.colcon_core.package_identification:_identify(src/Micro-XRCE-DDS-Agent) by extension 'ignore_ament_install'
[0.252s] Level 1:colcon.colcon_core.package_identification:_identify(src/Micro-XRCE-DDS-Agent) by extensions ['colcon_pkg']
[0.252s] Level 1:colcon.colcon_core.package_identification:_identify(src/Micro-XRCE-DDS-Agent) by extension 'colcon_pkg'
[0.252s] INFO:colcon.colcon_metadata.metadata.colcon_pkg:Setting type 'cmake' of package 'src/Micro-XRCE-DDS-Agent' from colcon.pkg
[0.252s] INFO:colcon.colcon_metadata.metadata.colcon_pkg:Setting name 'microxrcedds_agent' of package 'src/Micro-XRCE-DDS-Agent' from colcon.pkg
[0.252s] DEBUG:colcon.colcon_core.package_identification:Package 'src/Micro-XRCE-DDS-Agent' with type 'cmake' and name 'microxrcedds_agent'
[0.253s] Level 1:colcon.colcon_core.package_identification:_identify(src/object_detection) by extensions ['ignore', 'ignore_ament_install']
[0.253s] Level 1:colcon.colcon_core.package_identification:_identify(src/object_detection) by extension 'ignore'
[0.253s] Level 1:colcon.colcon_core.package_identification:_identify(src/object_detection) by extension 'ignore_ament_install'
[0.253s] Level 1:colcon.colcon_core.package_identification:_identify(src/object_detection) by extensions ['colcon_pkg']
[0.253s] Level 1:colcon.colcon_core.package_identification:_identify(src/object_detection) by extension 'colcon_pkg'
[0.253s] Level 1:colcon.colcon_core.package_identification:_identify(src/object_detection) by extensions ['colcon_meta']
[0.253s] Level 1:colcon.colcon_core.package_identification:_identify(src/object_detection) by extension 'colcon_meta'
[0.253s] Level 1:colcon.colcon_core.package_identification:_identify(src/object_detection) by extensions ['ros']
[0.253s] Level 1:colcon.colcon_core.package_identification:_identify(src/object_detection) by extension 'ros'
[0.254s] DEBUG:colcon.colcon_core.package_identification:Package 'src/object_detection' with type 'ros.ament_python' and name 'object_detection'
[0.254s] Level 1:colcon.colcon_core.package_identification:_identify(src/object_tracking) by extensions ['ignore', 'ignore_ament_install']
[0.255s] Level 1:colcon.colcon_core.package_identification:_identify(src/object_tracking) by extension 'ignore'
[0.255s] Level 1:colcon.colcon_core.package_identification:_identify(src/object_tracking) by extension 'ignore_ament_install'
[0.255s] Level 1:colcon.colcon_core.package_identification:_identify(src/object_tracking) by extensions ['colcon_pkg']
[0.255s] Level 1:colcon.colcon_core.package_identification:_identify(src/object_tracking) by extension 'colcon_pkg'
[0.255s] Level 1:colcon.colcon_core.package_identification:_identify(src/object_tracking) by extensions ['colcon_meta']
[0.255s] Level 1:colcon.colcon_core.package_identification:_identify(src/object_tracking) by extension 'colcon_meta'
[0.255s] Level 1:colcon.colcon_core.package_identification:_identify(src/object_tracking) by extensions ['ros']
[0.255s] Level 1:colcon.colcon_core.package_identification:_identify(src/object_tracking) by extension 'ros'
[0.255s] DEBUG:colcon.colcon_core.package_identification:Package 'src/object_tracking' with type 'ros.ament_python' and name 'object_tracking'
[0.255s] Level 1:colcon.colcon_core.package_identification:_identify(src/px4_msgs) by extensions ['ignore', 'ignore_ament_install']
[0.255s] Level 1:colcon.colcon_core.package_identification:_identify(src/px4_msgs) by extension 'ignore'
[0.256s] Level 1:colcon.colcon_core.package_identification:_identify(src/px4_msgs) by extension 'ignore_ament_install'
[0.256s] Level 1:colcon.colcon_core.package_identification:_identify(src/px4_msgs) by extensions ['colcon_pkg']
[0.256s] Level 1:colcon.colcon_core.package_identification:_identify(src/px4_msgs) by extension 'colcon_pkg'
[0.256s] Level 1:colcon.colcon_core.package_identification:_identify(src/px4_msgs) by extensions ['colcon_meta']
[0.256s] Level 1:colcon.colcon_core.package_identification:_identify(src/px4_msgs) by extension 'colcon_meta'
[0.256s] Level 1:colcon.colcon_core.package_identification:_identify(src/px4_msgs) by extensions ['ros']
[0.256s] Level 1:colcon.colcon_core.package_identification:_identify(src/px4_msgs) by extension 'ros'
[0.256s] DEBUG:colcon.colcon_core.package_identification:Package 'src/px4_msgs' with type 'ros.ament_cmake' and name 'px4_msgs'
[0.256s] Level 1:colcon.colcon_core.package_identification:_identify(src/px4_ros_com) by extensions ['ignore', 'ignore_ament_install']
[0.256s] Level 1:colcon.colcon_core.package_identification:_identify(src/px4_ros_com) by extension 'ignore'
[0.256s] Level 1:colcon.colcon_core.package_identification:_identify(src/px4_ros_com) by extension 'ignore_ament_install'
[0.256s] Level 1:colcon.colcon_core.package_identification:_identify(src/px4_ros_com) by extensions ['colcon_pkg']
[0.256s] Level 1:colcon.colcon_core.package_identification:_identify(src/px4_ros_com) by extension 'colcon_pkg'
[0.256s] Level 1:colcon.colcon_core.package_identification:_identify(src/px4_ros_com) by extensions ['colcon_meta']
[0.256s] Level 1:colcon.colcon_core.package_identification:_identify(src/px4_ros_com) by extension 'colcon_meta'
[0.256s] Level 1:colcon.colcon_core.package_identification:_identify(src/px4_ros_com) by extensions ['ros']
[0.256s] Level 1:colcon.colcon_core.package_identification:_identify(src/px4_ros_com) by extension 'ros'
[0.257s] DEBUG:colcon.colcon_core.package_identification:Package 'src/px4_ros_com' with type 'ros.ament_cmake' and name 'px4_ros_com'
[0.257s] Level 1:colcon.colcon_core.package_identification:_identify(src/uav_simulation) by extensions ['ignore', 'ignore_ament_install']
[0.257s] Level 1:colcon.colcon_core.package_identification:_identify(src/uav_simulation) by extension 'ignore'
[0.257s] Level 1:colcon.colcon_core.package_identification:_identify(src/uav_simulation) by extension 'ignore_ament_install'
[0.257s] Level 1:colcon.colcon_core.package_identification:_identify(src/uav_simulation) by extensions ['colcon_pkg']
[0.257s] Level 1:colcon.colcon_core.package_identification:_identify(src/uav_simulation) by extension 'colcon_pkg'
[0.257s] Level 1:colcon.colcon_core.package_identification:_identify(src/uav_simulation) by extensions ['colcon_meta']
[0.257s] Level 1:colcon.colcon_core.package_identification:_identify(src/uav_simulation) by extension 'colcon_meta'
[0.257s] Level 1:colcon.colcon_core.package_identification:_identify(src/uav_simulation) by extensions ['ros']
[0.258s] Level 1:colcon.colcon_core.package_identification:_identify(src/uav_simulation) by extension 'ros'
[0.258s] DEBUG:colcon.colcon_core.package_identification:Package 'src/uav_simulation' with type 'ros.ament_python' and name 'uav_simulation'
[0.258s] Level 1:colcon.colcon_core.package_discovery:discover_packages(recursive) using defaults
[0.258s] Level 1:colcon.colcon_core.package_discovery:discover_packages(ignore) discover
[0.258s] Level 1:colcon.colcon_core.package_discovery:discover_packages(ignore) using defaults
[0.258s] Level 1:colcon.colcon_core.package_discovery:discover_packages(path) discover
[0.258s] Level 1:colcon.colcon_core.package_discovery:discover_packages(path) using defaults
[0.273s] INFO:colcon.colcon_metadata.metadata.colcon_pkg:Updating descriptor of package 'src/Micro-XRCE-DDS-Agent' from colcon.pkg: {'name': 'microxrcedds_agent', 'type': 'cmake', 'dependencies': ['fastcdr', 'fastrtps'], 'cmake-args': ['-DUAGENT_ISOLATED_INSTALL=OFF', '-DUAGENT_USE_SYSTEM_FASTCDR=ON', '-DUAGENT_USE_SYSTEM_FASTDDS=ON']}
[0.274s] Level 1:colcon.colcon_core.package_discovery:discover_packages(prefix_path) check parameters
[0.274s] Level 1:colcon.colcon_core.package_discovery:discover_packages(prefix_path) discover
[0.275s] WARNING:colcon.colcon_ros.prefix_path.ament:The path '/home/ibz/uav_ws/install/uav_simulation' in the environment variable AMENT_PREFIX_PATH doesn't exist
[0.275s] WARNING:colcon.colcon_ros.prefix_path.ament:The path '/home/ibz/uav_ws/install/px4_ros_com' in the environment variable AMENT_PREFIX_PATH doesn't exist
[0.275s] WARNING:colcon.colcon_ros.prefix_path.ament:The path '/home/ibz/uav_ws/install/px4_msgs' in the environment variable AMENT_PREFIX_PATH doesn't exist
[0.275s] WARNING:colcon.colcon_ros.prefix_path.ament:The path '/home/ibz/uav_ws/install/object_tracking' in the environment variable AMENT_PREFIX_PATH doesn't exist
[0.275s] WARNING:colcon.colcon_ros.prefix_path.ament:The path '/home/ibz/uav_ws/install/object_detection' in the environment variable AMENT_PREFIX_PATH doesn't exist
[0.275s] WARNING:colcon.colcon_ros.prefix_path.catkin:The path '/home/ibz/uav_ws/install/microxrcedds_agent' in the environment variable CMAKE_PREFIX_PATH doesn't exist
[0.275s] WARNING:colcon.colcon_ros.prefix_path.catkin:The path '/home/ibz/uav_ws/install/px4_ros_com' in the environment variable CMAKE_PREFIX_PATH doesn't exist
[0.275s] WARNING:colcon.colcon_ros.prefix_path.catkin:The path '/home/ibz/uav_ws/install/px4_msgs' in the environment variable CMAKE_PREFIX_PATH doesn't exist
[0.276s] DEBUG:colcon.colcon_installed_package_information.package_discovery:Found 0 installed packages in /home/ibz/uav_ws/install
[0.277s] DEBUG:colcon.colcon_installed_package_information.package_discovery:Found 294 installed packages in /opt/ros/humble
[0.278s] Level 1:colcon.colcon_core.package_discovery:discover_packages(prefix_path) using defaults
[0.303s] Level 5:colcon.colcon_core.verb:set package 'microxrcedds_agent' build argument 'cmake_args' from command line to 'None'
[0.304s] Level 5:colcon.colcon_core.verb:overwrite package 'microxrcedds_agent' build argument 'cmake_args' from package metadata with '['-DUAGENT_ISOLATED_INSTALL=OFF', '-DUAGENT_USE_SYSTEM_FASTCDR=ON', '-DUAGENT_USE_SYSTEM_FASTDDS=ON']' (before: 'None')
[0.304s] Level 5:colcon.colcon_core.verb:set package 'microxrcedds_agent' build argument 'cmake_target' from command line to 'None'
[0.304s] Level 5:colcon.colcon_core.verb:set package 'microxrcedds_agent' build argument 'cmake_target_skip_unavailable' from command line to 'False'
[0.304s] Level 5:colcon.colcon_core.verb:set package 'microxrcedds_agent' build argument 'cmake_clean_cache' from command line to 'False'
[0.304s] Level 5:colcon.colcon_core.verb:set package 'microxrcedds_agent' build argument 'cmake_clean_first' from command line to 'False'
[0.304s] Level 5:colcon.colcon_core.verb:set package 'microxrcedds_agent' build argument 'cmake_force_configure' from command line to 'False'
[0.304s] Level 5:colcon.colcon_core.verb:set package 'microxrcedds_agent' build argument 'ament_cmake_args' from command line to 'None'
[0.304s] Level 5:colcon.colcon_core.verb:set package 'microxrcedds_agent' build argument 'catkin_cmake_args' from command line to 'None'
[0.304s] Level 5:colcon.colcon_core.verb:set package 'microxrcedds_agent' build argument 'catkin_skip_building_tests' from command line to 'False'
[0.304s] DEBUG:colcon.colcon_core.verb:Building package 'microxrcedds_agent' with the following arguments: {'ament_cmake_args': None, 'build_base': '/home/ibz/uav_ws/build/microxrcedds_agent', 'catkin_cmake_args': None, 'catkin_skip_building_tests': False, 'cmake_args': ['-DUAGENT_ISOLATED_INSTALL=OFF', '-DUAGENT_USE_SYSTEM_FASTCDR=ON', '-DUAGENT_USE_SYSTEM_FASTDDS=ON'], 'cmake_clean_cache': False, 'cmake_clean_first': False, 'cmake_force_configure': False, 'cmake_target': None, 'cmake_target_skip_unavailable': False, 'install_base': '/home/ibz/uav_ws/install/microxrcedds_agent', 'merge_install': False, 'path': '/home/ibz/uav_ws/src/Micro-XRCE-DDS-Agent', 'symlink_install': True, 'test_result_base': None}
[0.304s] Level 5:colcon.colcon_core.verb:set package 'object_detection' build argument 'cmake_args' from command line to 'None'
[0.304s] Level 5:colcon.colcon_core.verb:set package 'object_detection' build argument 'cmake_target' from command line to 'None'
[0.304s] Level 5:colcon.colcon_core.verb:set package 'object_detection' build argument 'cmake_target_skip_unavailable' from command line to 'False'
[0.304s] Level 5:colcon.colcon_core.verb:set package 'object_detection' build argument 'cmake_clean_cache' from command line to 'False'
[0.304s] Level 5:colcon.colcon_core.verb:set package 'object_detection' build argument 'cmake_clean_first' from command line to 'False'
[0.304s] Level 5:colcon.colcon_core.verb:set package 'object_detection' build argument 'cmake_force_configure' from command line to 'False'
[0.304s] Level 5:colcon.colcon_core.verb:set package 'object_detection' build argument 'ament_cmake_args' from command line to 'None'
[0.304s] Level 5:colcon.colcon_core.verb:set package 'object_detection' build argument 'catkin_cmake_args' from command line to 'None'
[0.304s] Level 5:colcon.colcon_core.verb:set package 'object_detection' build argument 'catkin_skip_building_tests' from command line to 'False'
[0.304s] DEBUG:colcon.colcon_core.verb:Building package 'object_detection' with the following arguments: {'ament_cmake_args': None, 'build_base': '/home/ibz/uav_ws/build/object_detection', 'catkin_cmake_args': None, 'catkin_skip_building_tests': False, 'cmake_args': None, 'cmake_clean_cache': False, 'cmake_clean_first': False, 'cmake_force_configure': False, 'cmake_target': None, 'cmake_target_skip_unavailable': False, 'install_base': '/home/ibz/uav_ws/install/object_detection', 'merge_install': False, 'path': '/home/ibz/uav_ws/src/object_detection', 'symlink_install': True, 'test_result_base': None}
[0.304s] Level 5:colcon.colcon_core.verb:set package 'object_tracking' build argument 'cmake_args' from command line to 'None'
[0.304s] Level 5:colcon.colcon_core.verb:set package 'object_tracking' build argument 'cmake_target' from command line to 'None'
[0.304s] Level 5:colcon.colcon_core.verb:set package 'object_tracking' build argument 'cmake_target_skip_unavailable' from command line to 'False'
[0.304s] Level 5:colcon.colcon_core.verb:set package 'object_tracking' build argument 'cmake_clean_cache' from command line to 'False'
[0.304s] Level 5:colcon.colcon_core.verb:set package 'object_tracking' build argument 'cmake_clean_first' from command line to 'False'
[0.304s] Level 5:colcon.colcon_core.verb:set package 'object_tracking' build argument 'cmake_force_configure' from command line to 'False'
[0.304s] Level 5:colcon.colcon_core.verb:set package 'object_tracking' build argument 'ament_cmake_args' from command line to 'None'
[0.304s] Level 5:colcon.colcon_core.verb:set package 'object_tracking' build argument 'catkin_cmake_args' from command line to 'None'
[0.304s] Level 5:colcon.colcon_core.verb:set package 'object_tracking' build argument 'catkin_skip_building_tests' from command line to 'False'
[0.305s] DEBUG:colcon.colcon_core.verb:Building package 'object_tracking' with the following arguments: {'ament_cmake_args': None, 'build_base': '/home/ibz/uav_ws/build/object_tracking', 'catkin_cmake_args': None, 'catkin_skip_building_tests': False, 'cmake_args': None, 'cmake_clean_cache': False, 'cmake_clean_first': False, 'cmake_force_configure': False, 'cmake_target': None, 'cmake_target_skip_unavailable': False, 'install_base': '/home/ibz/uav_ws/install/object_tracking', 'merge_install': False, 'path': '/home/ibz/uav_ws/src/object_tracking', 'symlink_install': True, 'test_result_base': None}
[0.305s] Level 5:colcon.colcon_core.verb:set package 'px4_msgs' build argument 'cmake_args' from command line to 'None'
[0.305s] Level 5:colcon.colcon_core.verb:set package 'px4_msgs' build argument 'cmake_target' from command line to 'None'
[0.305s] Level 5:colcon.colcon_core.verb:set package 'px4_msgs' build argument 'cmake_target_skip_unavailable' from command line to 'False'
[0.305s] Level 5:colcon.colcon_core.verb:set package 'px4_msgs' build argument 'cmake_clean_cache' from command line to 'False'
[0.305s] Level 5:colcon.colcon_core.verb:set package 'px4_msgs' build argument 'cmake_clean_first' from command line to 'False'
[0.305s] Level 5:colcon.colcon_core.verb:set package 'px4_msgs' build argument 'cmake_force_configure' from command line to 'False'
[0.305s] Level 5:colcon.colcon_core.verb:set package 'px4_msgs' build argument 'ament_cmake_args' from command line to 'None'
[0.305s] Level 5:colcon.colcon_core.verb:set package 'px4_msgs' build argument 'catkin_cmake_args' from command line to 'None'
[0.305s] Level 5:colcon.colcon_core.verb:set package 'px4_msgs' build argument 'catkin_skip_building_tests' from command line to 'False'
[0.305s] DEBUG:colcon.colcon_core.verb:Building package 'px4_msgs' with the following arguments: {'ament_cmake_args': None, 'build_base': '/home/ibz/uav_ws/build/px4_msgs', 'catkin_cmake_args': None, 'catkin_skip_building_tests': False, 'cmake_args': None, 'cmake_clean_cache': False, 'cmake_clean_first': False, 'cmake_force_configure': False, 'cmake_target': None, 'cmake_target_skip_unavailable': False, 'install_base': '/home/ibz/uav_ws/install/px4_msgs', 'merge_install': False, 'path': '/home/ibz/uav_ws/src/px4_msgs', 'symlink_install': True, 'test_result_base': None}
[0.305s] Level 5:colcon.colcon_core.verb:set package 'px4_ros_com' build argument 'cmake_args' from command line to 'None'
[0.305s] Level 5:colcon.colcon_core.verb:set package 'px4_ros_com' build argument 'cmake_target' from command line to 'None'
[0.305s] Level 5:colcon.colcon_core.verb:set package 'px4_ros_com' build argument 'cmake_target_skip_unavailable' from command line to 'False'
[0.305s] Level 5:colcon.colcon_core.verb:set package 'px4_ros_com' build argument 'cmake_clean_cache' from command line to 'False'
[0.305s] Level 5:colcon.colcon_core.verb:set package 'px4_ros_com' build argument 'cmake_clean_first' from command line to 'False'
[0.305s] Level 5:colcon.colcon_core.verb:set package 'px4_ros_com' build argument 'cmake_force_configure' from command line to 'False'
[0.305s] Level 5:colcon.colcon_core.verb:set package 'px4_ros_com' build argument 'ament_cmake_args' from command line to 'None'
[0.305s] Level 5:colcon.colcon_core.verb:set package 'px4_ros_com' build argument 'catkin_cmake_args' from command line to 'None'
[0.305s] Level 5:colcon.colcon_core.verb:set package 'px4_ros_com' build argument 'catkin_skip_building_tests' from command line to 'False'
[0.305s] DEBUG:colcon.colcon_core.verb:Building package 'px4_ros_com' with the following arguments: {'ament_cmake_args': None, 'build_base': '/home/ibz/uav_ws/build/px4_ros_com', 'catkin_cmake_args': None, 'catkin_skip_building_tests': False, 'cmake_args': None, 'cmake_clean_cache': False, 'cmake_clean_first': False, 'cmake_force_configure': False, 'cmake_target': None, 'cmake_target_skip_unavailable': False, 'install_base': '/home/ibz/uav_ws/install/px4_ros_com', 'merge_install': False, 'path': '/home/ibz/uav_ws/src/px4_ros_com', 'symlink_install': True, 'test_result_base': None}
[0.305s] Level 5:colcon.colcon_core.verb:set package 'uav_simulation' build argument 'cmake_args' from command line to 'None'
[0.305s] Level 5:colcon.colcon_core.verb:set package 'uav_simulation' build argument 'cmake_target' from command line to 'None'
[0.305s] Level 5:colcon.colcon_core.verb:set package 'uav_simulation' build argument 'cmake_target_skip_unavailable' from command line to 'False'
[0.305s] Level 5:colcon.colcon_core.verb:set package 'uav_simulation' build argument 'cmake_clean_cache' from command line to 'False'
[0.305s] Level 5:colcon.colcon_core.verb:set package 'uav_simulation' build argument 'cmake_clean_first' from command line to 'False'
[0.306s] Level 5:colcon.colcon_core.verb:set package 'uav_simulation' build argument 'cmake_force_configure' from command line to 'False'
[0.306s] Level 5:colcon.colcon_core.verb:set package 'uav_simulation' build argument 'ament_cmake_args' from command line to 'None'
[0.306s] Level 5:colcon.colcon_core.verb:set package 'uav_simulation' build argument 'catkin_cmake_args' from command line to 'None'
[0.306s] Level 5:colcon.colcon_core.verb:set package 'uav_simulation' build argument 'catkin_skip_building_tests' from command line to 'False'
[0.306s] DEBUG:colcon.colcon_core.verb:Building package 'uav_simulation' with the following arguments: {'ament_cmake_args': None, 'build_base': '/home/ibz/uav_ws/build/uav_simulation', 'catkin_cmake_args': None, 'catkin_skip_building_tests': False, 'cmake_args': None, 'cmake_clean_cache': False, 'cmake_clean_first': False, 'cmake_force_configure': False, 'cmake_target': None, 'cmake_target_skip_unavailable': False, 'install_base': '/home/ibz/uav_ws/install/uav_simulation', 'merge_install': False, 'path': '/home/ibz/uav_ws/src/uav_simulation', 'symlink_install': True, 'test_result_base': None}
[0.306s] INFO:colcon.colcon_core.executor:Executing jobs using 'parallel' executor
[0.306s] DEBUG:colcon.colcon_parallel_executor.executor.parallel:run_until_complete
[0.307s] INFO:colcon.colcon_ros.task.ament_cmake.build:Building ROS package in '/home/ibz/uav_ws/src/px4_msgs' with build type 'ament_cmake'
[0.307s] INFO:colcon.colcon_cmake.task.cmake.build:Building CMake package in '/home/ibz/uav_ws/src/px4_msgs'
[0.308s] INFO:colcon.colcon_core.plugin_system:Skipping extension 'colcon_core.shell.bat': Not used on non-Windows systems
[0.309s] INFO:colcon.colcon_core.shell:Skip shell extension 'powershell' for command environment: Not usable outside of PowerShell
[0.309s] DEBUG:colcon.colcon_core.shell:Skip shell extension 'dsv' for command environment
[0.312s] INFO:colcon.colcon_cmake.task.cmake.build:Building CMake package in '/home/ibz/uav_ws/src/Micro-XRCE-DDS-Agent'
[0.312s] INFO:colcon.colcon_core.shell:Skip shell extension 'powershell' for command environment: Not usable outside of PowerShell
[0.312s] DEBUG:colcon.colcon_core.shell:Skip shell extension 'dsv' for command environment
[0.316s] INFO:colcon.colcon_ros.task.ament_python.build:Building ROS package in '/home/ibz/uav_ws/src/object_detection' with build type 'ament_python'
[0.316s] Level 1:colcon.colcon_core.shell:create_environment_hook('object_detection', 'ament_prefix_path')
[0.317s] INFO:colcon.colcon_core.shell:Creating environment hook '/home/ibz/uav_ws/install/object_detection/share/object_detection/hook/ament_prefix_path.ps1'
[0.318s] INFO:colcon.colcon_core.shell:Creating environment descriptor '/home/ibz/uav_ws/install/object_detection/share/object_detection/hook/ament_prefix_path.dsv'
[0.318s] INFO:colcon.colcon_core.shell:Creating environment hook '/home/ibz/uav_ws/install/object_detection/share/object_detection/hook/ament_prefix_path.sh'
[0.319s] INFO:colcon.colcon_core.shell:Skip shell extension 'powershell' for command environment: Not usable outside of PowerShell
[0.319s] DEBUG:colcon.colcon_core.shell:Skip shell extension 'dsv' for command environment
[0.323s] INFO:colcon.colcon_ros.task.ament_python.build:Building ROS package in '/home/ibz/uav_ws/src/object_tracking' with build type 'ament_python'
[0.323s] Level 1:colcon.colcon_core.shell:create_environment_hook('object_tracking', 'ament_prefix_path')
[0.323s] INFO:colcon.colcon_core.shell:Creating environment hook '/home/ibz/uav_ws/install/object_tracking/share/object_tracking/hook/ament_prefix_path.ps1'
[0.324s] INFO:colcon.colcon_core.shell:Creating environment descriptor '/home/ibz/uav_ws/install/object_tracking/share/object_tracking/hook/ament_prefix_path.dsv'
[0.324s] INFO:colcon.colcon_core.shell:Creating environment hook '/home/ibz/uav_ws/install/object_tracking/share/object_tracking/hook/ament_prefix_path.sh'
[0.325s] INFO:colcon.colcon_core.shell:Skip shell extension 'powershell' for command environment: Not usable outside of PowerShell
[0.325s] DEBUG:colcon.colcon_core.shell:Skip shell extension 'dsv' for command environment
[0.331s] DEBUG:colcon.colcon_core.event_handler.log_command:Invoking command in '/home/ibz/uav_ws/build/px4_msgs': CMAKE_PREFIX_PATH=${CMAKE_PREFIX_PATH}:/home/ibz/uav_ws/install/uav_simulation:/home/ibz/uav_ws/install/object_tracking:/home/ibz/uav_ws/install/object_detection:/opt/ros/humble /usr/bin/cmake /home/ibz/uav_ws/src/px4_msgs -DAMENT_CMAKE_SYMLINK_INSTALL=1 -DCMAKE_INSTALL_PREFIX=/home/ibz/uav_ws/install/px4_msgs
[0.336s] DEBUG:colcon.colcon_core.event_handler.log_command:Invoking command in '/home/ibz/uav_ws/build/microxrcedds_agent': /usr/bin/cmake /home/ibz/uav_ws/src/Micro-XRCE-DDS-Agent -DUAGENT_ISOLATED_INSTALL=OFF -DUAGENT_USE_SYSTEM_FASTCDR=ON -DUAGENT_USE_SYSTEM_FASTDDS=ON -DCMAKE_INSTALL_PREFIX=/home/ibz/uav_ws/install/microxrcedds_agent
[0.587s] INFO:colcon.colcon_core.task.python.build:Building Python package in '/home/ibz/uav_ws/src/object_detection'
[0.587s] INFO:colcon.colcon_core.shell:Skip shell extension 'powershell' for command environment: Not usable outside of PowerShell
[0.587s] DEBUG:colcon.colcon_core.shell:Skip shell extension 'dsv' for command environment
[0.866s] INFO:colcon.colcon_core.task.python.build:Building Python package in '/home/ibz/uav_ws/src/object_tracking'
[0.866s] INFO:colcon.colcon_core.shell:Skip shell extension 'powershell' for command environment: Not usable outside of PowerShell
[0.866s] DEBUG:colcon.colcon_core.shell:Skip shell extension 'dsv' for command environment
[1.241s] DEBUG:colcon.colcon_core.event_handler.log_command:Invoked command in '/home/ibz/uav_ws/build/microxrcedds_agent' returned '0': /usr/bin/cmake /home/ibz/uav_ws/src/Micro-XRCE-DDS-Agent -DUAGENT_ISOLATED_INSTALL=OFF -DUAGENT_USE_SYSTEM_FASTCDR=ON -DUAGENT_USE_SYSTEM_FASTDDS=ON -DCMAKE_INSTALL_PREFIX=/home/ibz/uav_ws/install/microxrcedds_agent
[1.244s] DEBUG:colcon.colcon_core.event_handler.log_command:Invoking command in '/home/ibz/uav_ws/build/microxrcedds_agent': /usr/bin/cmake --build /home/ibz/uav_ws/build/microxrcedds_agent -- -j12 -l12
[1.277s] DEBUG:colcon.colcon_core.event_handler.log_command:Invoking command in '/home/ibz/uav_ws/build/object_detection': PYTHONPATH=/home/ibz/uav_ws/build/object_detection/prefix_override:/usr/lib/python3/dist-packages/colcon_core/task/python/colcon_distutils_commands:/home/ibz/uav_ws/install/object_detection/lib/python3.10/site-packages:${PYTHONPATH} /usr/bin/python3 -W ignore:setup.py install is deprecated -W ignore:easy_install command is deprecated setup.py develop --editable --build-directory /home/ibz/uav_ws/build/object_detection/build --no-deps symlink_data
[1.284s] DEBUG:colcon.colcon_core.event_handler.log_command:Invoking command in '/home/ibz/uav_ws/build/object_tracking': PYTHONPATH=/home/ibz/uav_ws/build/object_tracking/prefix_override:/usr/lib/python3/dist-packages/colcon_core/task/python/colcon_distutils_commands:/home/ibz/uav_ws/install/object_tracking/lib/python3.10/site-packages:${PYTHONPATH} /usr/bin/python3 -W ignore:setup.py install is deprecated -W ignore:easy_install command is deprecated setup.py develop --editable --build-directory /home/ibz/uav_ws/build/object_tracking/build --no-deps symlink_data
[1.861s] Level 1:colcon.colcon_core.shell:create_environment_hook('object_tracking', 'pythonpath_develop')
[1.861s] INFO:colcon.colcon_core.shell:Creating environment hook '/home/ibz/uav_ws/build/object_tracking/share/object_tracking/hook/pythonpath_develop.ps1'
[1.861s] DEBUG:colcon.colcon_core.event_handler.log_command:Invoked command in '/home/ibz/uav_ws/build/object_tracking' returned '0': PYTHONPATH=/home/ibz/uav_ws/build/object_tracking/prefix_override:/usr/lib/python3/dist-packages/colcon_core/task/python/colcon_distutils_commands:/home/ibz/uav_ws/install/object_tracking/lib/python3.10/site-packages:${PYTHONPATH} /usr/bin/python3 -W ignore:setup.py install is deprecated -W ignore:easy_install command is deprecated setup.py develop --editable --build-directory /home/ibz/uav_ws/build/object_tracking/build --no-deps symlink_data
[1.865s] INFO:colcon.colcon_core.shell:Creating environment descriptor '/home/ibz/uav_ws/build/object_tracking/share/object_tracking/hook/pythonpath_develop.dsv'
[1.865s] INFO:colcon.colcon_core.shell:Creating environment hook '/home/ibz/uav_ws/build/object_tracking/share/object_tracking/hook/pythonpath_develop.sh'
[1.867s] Level 1:colcon.colcon_core.environment:checking '/home/ibz/uav_ws/install/object_tracking' for CMake module files
[1.867s] Level 1:colcon.colcon_core.environment:checking '/home/ibz/uav_ws/install/object_tracking' for CMake config files
[1.868s] Level 1:colcon.colcon_core.environment:checking '/home/ibz/uav_ws/install/object_tracking/lib'
[1.868s] Level 1:colcon.colcon_core.environment:checking '/home/ibz/uav_ws/install/object_tracking/bin'
[1.868s] Level 1:colcon.colcon_core.shell:create_environment_hook('object_tracking', 'path')
[1.868s] INFO:colcon.colcon_core.shell:Creating environment hook '/home/ibz/uav_ws/install/object_tracking/share/object_tracking/hook/path.ps1'
[1.869s] INFO:colcon.colcon_core.shell:Creating environment descriptor '/home/ibz/uav_ws/install/object_tracking/share/object_tracking/hook/path.dsv'
[1.869s] INFO:colcon.colcon_core.shell:Creating environment hook '/home/ibz/uav_ws/install/object_tracking/share/object_tracking/hook/path.sh'
[1.869s] Level 1:colcon.colcon_core.environment:checking '/home/ibz/uav_ws/install/object_tracking/lib/pkgconfig/object_tracking.pc'
[1.869s] Level 1:colcon.colcon_core.environment:checking '/home/ibz/uav_ws/install/object_tracking/lib/python3.10/site-packages'
[1.869s] Level 1:colcon.colcon_core.shell:create_environment_hook('object_tracking', 'pythonpath')
[1.870s] INFO:colcon.colcon_core.shell:Creating environment hook '/home/ibz/uav_ws/install/object_tracking/share/object_tracking/hook/pythonpath.ps1'
[1.870s] INFO:colcon.colcon_core.shell:Creating environment descriptor '/home/ibz/uav_ws/install/object_tracking/share/object_tracking/hook/pythonpath.dsv'
[1.870s] INFO:colcon.colcon_core.shell:Creating environment hook '/home/ibz/uav_ws/install/object_tracking/share/object_tracking/hook/pythonpath.sh'
[1.871s] Level 1:colcon.colcon_core.environment:checking '/home/ibz/uav_ws/install/object_tracking/bin'
[1.871s] Level 1:colcon.colcon_core.shell:create_environment_hook('object_tracking', 'pythonscriptspath')
[1.871s] INFO:colcon.colcon_core.shell:Creating environment hook '/home/ibz/uav_ws/install/object_tracking/share/object_tracking/hook/pythonscriptspath.ps1'
[1.871s] INFO:colcon.colcon_core.shell:Creating environment descriptor '/home/ibz/uav_ws/install/object_tracking/share/object_tracking/hook/pythonscriptspath.dsv'
[1.871s] INFO:colcon.colcon_core.shell:Creating environment hook '/home/ibz/uav_ws/install/object_tracking/share/object_tracking/hook/pythonscriptspath.sh'
[1.871s] Level 1:colcon.colcon_core.environment:create_environment_scripts_only(object_tracking)
[1.872s] INFO:colcon.colcon_core.shell:Creating package script '/home/ibz/uav_ws/install/object_tracking/share/object_tracking/package.ps1'
[1.872s] INFO:colcon.colcon_core.shell:Creating package descriptor '/home/ibz/uav_ws/install/object_tracking/share/object_tracking/package.dsv'
[1.873s] INFO:colcon.colcon_core.shell:Creating package script '/home/ibz/uav_ws/install/object_tracking/share/object_tracking/package.sh'
[1.874s] INFO:colcon.colcon_core.shell:Creating package script '/home/ibz/uav_ws/install/object_tracking/share/object_tracking/package.bash'
[1.875s] INFO:colcon.colcon_core.shell:Creating package script '/home/ibz/uav_ws/install/object_tracking/share/object_tracking/package.zsh'
[1.875s] Level 1:colcon.colcon_core.environment:create_file_with_runtime_dependencies(/home/ibz/uav_ws/install/object_tracking/share/colcon-core/packages/object_tracking)
[1.877s] Level 1:colcon.colcon_core.shell:create_environment_hook('object_detection', 'pythonpath_develop')
[1.877s] INFO:colcon.colcon_core.shell:Creating environment hook '/home/ibz/uav_ws/build/object_detection/share/object_detection/hook/pythonpath_develop.ps1'
[1.878s] DEBUG:colcon.colcon_core.event_handler.log_command:Invoked command in '/home/ibz/uav_ws/build/object_detection' returned '0': PYTHONPATH=/home/ibz/uav_ws/build/object_detection/prefix_override:/usr/lib/python3/dist-packages/colcon_core/task/python/colcon_distutils_commands:/home/ibz/uav_ws/install/object_detection/lib/python3.10/site-packages:${PYTHONPATH} /usr/bin/python3 -W ignore:setup.py install is deprecated -W ignore:easy_install command is deprecated setup.py develop --editable --build-directory /home/ibz/uav_ws/build/object_detection/build --no-deps symlink_data
[1.878s] INFO:colcon.colcon_core.shell:Creating environment descriptor '/home/ibz/uav_ws/build/object_detection/share/object_detection/hook/pythonpath_develop.dsv'
[1.879s] INFO:colcon.colcon_core.shell:Creating environment hook '/home/ibz/uav_ws/build/object_detection/share/object_detection/hook/pythonpath_develop.sh'
[1.879s] Level 1:colcon.colcon_core.environment:checking '/home/ibz/uav_ws/install/object_detection' for CMake module files
[1.880s] Level 1:colcon.colcon_core.environment:checking '/home/ibz/uav_ws/install/object_detection' for CMake config files
[1.880s] Level 1:colcon.colcon_core.environment:checking '/home/ibz/uav_ws/install/object_detection/lib'
[1.880s] Level 1:colcon.colcon_core.environment:checking '/home/ibz/uav_ws/install/object_detection/bin'
[1.880s] Level 1:colcon.colcon_core.shell:create_environment_hook('object_detection', 'path')
[1.880s] INFO:colcon.colcon_core.shell:Creating environment hook '/home/ibz/uav_ws/install/object_detection/share/object_detection/hook/path.ps1'
[1.881s] INFO:colcon.colcon_core.shell:Creating environment descriptor '/home/ibz/uav_ws/install/object_detection/share/object_detection/hook/path.dsv'
[1.881s] INFO:colcon.colcon_core.shell:Creating environment hook '/home/ibz/uav_ws/install/object_detection/share/object_detection/hook/path.sh'
[1.881s] Level 1:colcon.colcon_core.environment:checking '/home/ibz/uav_ws/install/object_detection/lib/pkgconfig/object_detection.pc'
[1.881s] Level 1:colcon.colcon_core.environment:checking '/home/ibz/uav_ws/install/object_detection/lib/python3.10/site-packages'
[1.881s] Level 1:colcon.colcon_core.shell:create_environment_hook('object_detection', 'pythonpath')
[1.882s] INFO:colcon.colcon_core.shell:Creating environment hook '/home/ibz/uav_ws/install/object_detection/share/object_detection/hook/pythonpath.ps1'
[1.882s] INFO:colcon.colcon_core.shell:Creating environment descriptor '/home/ibz/uav_ws/install/object_detection/share/object_detection/hook/pythonpath.dsv'
[1.882s] INFO:colcon.colcon_core.shell:Creating environment hook '/home/ibz/uav_ws/install/object_detection/share/object_detection/hook/pythonpath.sh'
[1.883s] Level 1:colcon.colcon_core.environment:checking '/home/ibz/uav_ws/install/object_detection/bin'
[1.883s] Level 1:colcon.colcon_core.shell:create_environment_hook('object_detection', 'pythonscriptspath')
[1.883s] INFO:colcon.colcon_core.shell:Creating environment hook '/home/ibz/uav_ws/install/object_detection/share/object_detection/hook/pythonscriptspath.ps1'
[1.883s] INFO:colcon.colcon_core.shell:Creating environment descriptor '/home/ibz/uav_ws/install/object_detection/share/object_detection/hook/pythonscriptspath.dsv'
[1.883s] INFO:colcon.colcon_core.shell:Creating environment hook '/home/ibz/uav_ws/install/object_detection/share/object_detection/hook/pythonscriptspath.sh'
[1.883s] Level 1:colcon.colcon_core.environment:create_environment_scripts_only(object_detection)
[1.884s] INFO:colcon.colcon_core.shell:Creating package script '/home/ibz/uav_ws/install/object_detection/share/object_detection/package.ps1'
[1.884s] INFO:colcon.colcon_core.shell:Creating package descriptor '/home/ibz/uav_ws/install/object_detection/share/object_detection/package.dsv'
[1.885s] INFO:colcon.colcon_core.shell:Creating package script '/home/ibz/uav_ws/install/object_detection/share/object_detection/package.sh'
[1.885s] INFO:colcon.colcon_core.shell:Creating package script '/home/ibz/uav_ws/install/object_detection/share/object_detection/package.bash'
[1.885s] INFO:colcon.colcon_core.shell:Creating package script '/home/ibz/uav_ws/install/object_detection/share/object_detection/package.zsh'
[1.885s] Level 1:colcon.colcon_core.environment:create_file_with_runtime_dependencies(/home/ibz/uav_ws/install/object_detection/share/colcon-core/packages/object_detection)
[4.098s] DEBUG:colcon.colcon_core.event_handler.log_command:Invoked command in '/home/ibz/uav_ws/build/px4_msgs' returned '0': CMAKE_PREFIX_PATH=${CMAKE_PREFIX_PATH}:/home/ibz/uav_ws/install/uav_simulation:/home/ibz/uav_ws/install/object_tracking:/home/ibz/uav_ws/install/object_detection:/opt/ros/humble /usr/bin/cmake /home/ibz/uav_ws/src/px4_msgs -DAMENT_CMAKE_SYMLINK_INSTALL=1 -DCMAKE_INSTALL_PREFIX=/home/ibz/uav_ws/install/px4_msgs
[4.100s] DEBUG:colcon.colcon_core.event_handler.log_command:Invoking command in '/home/ibz/uav_ws/build/px4_msgs': CMAKE_PREFIX_PATH=${CMAKE_PREFIX_PATH}:/home/ibz/uav_ws/install/uav_simulation:/home/ibz/uav_ws/install/object_tracking:/home/ibz/uav_ws/install/object_detection:/opt/ros/humble /usr/bin/cmake --build /home/ibz/uav_ws/build/px4_msgs -- -j12 -l12
[36.598s] DEBUG:colcon.colcon_core.event_handler.log_command:Invoked command in '/home/ibz/uav_ws/build/microxrcedds_agent' returned '0': /usr/bin/cmake --build /home/ibz/uav_ws/build/microxrcedds_agent -- -j12 -l12
[36.616s] DEBUG:colcon.colcon_core.event_handler.log_command:Invoking command in '/home/ibz/uav_ws/build/microxrcedds_agent': /usr/bin/cmake --install /home/ibz/uav_ws/build/microxrcedds_agent
[36.647s] Level 1:colcon.colcon_core.environment:create_environment_scripts_only(microxrcedds_agent)
[36.648s] Level 1:colcon.colcon_core.environment:checking '/home/ibz/uav_ws/install/microxrcedds_agent' for CMake module files
[36.648s] DEBUG:colcon.colcon_core.event_handler.log_command:Invoked command in '/home/ibz/uav_ws/build/microxrcedds_agent' returned '0': /usr/bin/cmake --install /home/ibz/uav_ws/build/microxrcedds_agent
[36.648s] Level 1:colcon.colcon_core.environment:checking '/home/ibz/uav_ws/install/microxrcedds_agent' for CMake config files
[36.649s] Level 1:colcon.colcon_core.shell:create_environment_hook('microxrcedds_agent', 'cmake_prefix_path')
[36.650s] INFO:colcon.colcon_core.shell:Creating environment hook '/home/ibz/uav_ws/install/microxrcedds_agent/share/microxrcedds_agent/hook/cmake_prefix_path.ps1'
[36.650s] INFO:colcon.colcon_core.shell:Creating environment descriptor '/home/ibz/uav_ws/install/microxrcedds_agent/share/microxrcedds_agent/hook/cmake_prefix_path.dsv'
[36.650s] INFO:colcon.colcon_core.shell:Creating environment hook '/home/ibz/uav_ws/install/microxrcedds_agent/share/microxrcedds_agent/hook/cmake_prefix_path.sh'
[36.651s] Level 1:colcon.colcon_core.environment:checking '/home/ibz/uav_ws/install/microxrcedds_agent/lib'
[36.651s] Level 1:colcon.colcon_core.shell:create_environment_hook('microxrcedds_agent', 'ld_library_path_lib')
[36.651s] INFO:colcon.colcon_core.shell:Creating environment hook '/home/ibz/uav_ws/install/microxrcedds_agent/share/microxrcedds_agent/hook/ld_library_path_lib.ps1'
[36.651s] INFO:colcon.colcon_core.shell:Creating environment descriptor '/home/ibz/uav_ws/install/microxrcedds_agent/share/microxrcedds_agent/hook/ld_library_path_lib.dsv'
[36.652s] INFO:colcon.colcon_core.shell:Creating environment hook '/home/ibz/uav_ws/install/microxrcedds_agent/share/microxrcedds_agent/hook/ld_library_path_lib.sh'
[36.652s] Level 1:colcon.colcon_core.environment:checking '/home/ibz/uav_ws/install/microxrcedds_agent/bin'
[36.652s] Level 1:colcon.colcon_core.shell:create_environment_hook('microxrcedds_agent', 'path')
[36.652s] INFO:colcon.colcon_core.shell:Creating environment hook '/home/ibz/uav_ws/install/microxrcedds_agent/share/microxrcedds_agent/hook/path.ps1'
[36.652s] INFO:colcon.colcon_core.shell:Creating environment descriptor '/home/ibz/uav_ws/install/microxrcedds_agent/share/microxrcedds_agent/hook/path.dsv'
[36.653s] INFO:colcon.colcon_core.shell:Creating environment hook '/home/ibz/uav_ws/install/microxrcedds_agent/share/microxrcedds_agent/hook/path.sh'
[36.653s] Level 1:colcon.colcon_core.environment:checking '/home/ibz/uav_ws/install/microxrcedds_agent/lib/pkgconfig/microxrcedds_agent.pc'
[36.653s] Level 1:colcon.colcon_core.environment:checking '/home/ibz/uav_ws/install/microxrcedds_agent/lib/python3.10/site-packages'
[36.653s] Level 1:colcon.colcon_core.environment:checking '/home/ibz/uav_ws/install/microxrcedds_agent/bin'
[36.653s] Level 1:colcon.colcon_core.shell:create_environment_hook('microxrcedds_agent', 'pythonscriptspath')
[36.654s] INFO:colcon.colcon_core.shell:Creating environment hook '/home/ibz/uav_ws/install/microxrcedds_agent/share/microxrcedds_agent/hook/pythonscriptspath.ps1'
[36.654s] INFO:colcon.colcon_core.shell:Creating environment descriptor '/home/ibz/uav_ws/install/microxrcedds_agent/share/microxrcedds_agent/hook/pythonscriptspath.dsv'
[36.654s] INFO:colcon.colcon_core.shell:Creating environment hook '/home/ibz/uav_ws/install/microxrcedds_agent/share/microxrcedds_agent/hook/pythonscriptspath.sh'
[36.655s] INFO:colcon.colcon_core.shell:Creating package script '/home/ibz/uav_ws/install/microxrcedds_agent/share/microxrcedds_agent/package.ps1'
[36.655s] INFO:colcon.colcon_core.shell:Creating package descriptor '/home/ibz/uav_ws/install/microxrcedds_agent/share/microxrcedds_agent/package.dsv'
[36.656s] INFO:colcon.colcon_core.shell:Creating package script '/home/ibz/uav_ws/install/microxrcedds_agent/share/microxrcedds_agent/package.sh'
[36.656s] INFO:colcon.colcon_core.shell:Creating package script '/home/ibz/uav_ws/install/microxrcedds_agent/share/microxrcedds_agent/package.bash'
[36.656s] INFO:colcon.colcon_core.shell:Creating package script '/home/ibz/uav_ws/install/microxrcedds_agent/share/microxrcedds_agent/package.zsh'
[36.657s] Level 1:colcon.colcon_core.environment:create_file_with_runtime_dependencies(/home/ibz/uav_ws/install/microxrcedds_agent/share/colcon-core/packages/microxrcedds_agent)
[275.361s] DEBUG:colcon.colcon_core.event_handler.log_command:Invoked command in '/home/ibz/uav_ws/build/px4_msgs' returned '0': CMAKE_PREFIX_PATH=${CMAKE_PREFIX_PATH}:/home/ibz/uav_ws/install/uav_simulation:/home/ibz/uav_ws/install/object_tracking:/home/ibz/uav_ws/install/object_detection:/opt/ros/humble /usr/bin/cmake --build /home/ibz/uav_ws/build/px4_msgs -- -j12 -l12
[275.362s] DEBUG:colcon.colcon_core.event_handler.log_command:Invoking command in '/home/ibz/uav_ws/build/px4_msgs': CMAKE_PREFIX_PATH=${CMAKE_PREFIX_PATH}:/home/ibz/uav_ws/install/uav_simulation:/home/ibz/uav_ws/install/object_tracking:/home/ibz/uav_ws/install/object_detection:/opt/ros/humble /usr/bin/cmake --install /home/ibz/uav_ws/build/px4_msgs
[335.628s] Level 1:colcon.colcon_core.environment:create_environment_scripts_only(px4_msgs)
[335.628s] Level 1:colcon.colcon_core.environment:checking '/home/ibz/uav_ws/install/px4_msgs' for CMake module files
[335.629s] Level 1:colcon.colcon_core.environment:checking '/home/ibz/uav_ws/install/px4_msgs' for CMake config files
[335.629s] DEBUG:colcon.colcon_core.event_handler.log_command:Invoked command in '/home/ibz/uav_ws/build/px4_msgs' returned '0': CMAKE_PREFIX_PATH=${CMAKE_PREFIX_PATH}:/home/ibz/uav_ws/install/uav_simulation:/home/ibz/uav_ws/install/object_tracking:/home/ibz/uav_ws/install/object_detection:/opt/ros/humble /usr/bin/cmake --install /home/ibz/uav_ws/build/px4_msgs
[335.646s] Level 1:colcon.colcon_core.shell:create_environment_hook('px4_msgs', 'cmake_prefix_path')
[335.646s] INFO:colcon.colcon_core.shell:Creating environment hook '/home/ibz/uav_ws/install/px4_msgs/share/px4_msgs/hook/cmake_prefix_path.ps1'
[335.646s] INFO:colcon.colcon_core.shell:Creating environment descriptor '/home/ibz/uav_ws/install/px4_msgs/share/px4_msgs/hook/cmake_prefix_path.dsv'
[335.647s] INFO:colcon.colcon_core.shell:Creating environment hook '/home/ibz/uav_ws/install/px4_msgs/share/px4_msgs/hook/cmake_prefix_path.sh'
[335.647s] Level 1:colcon.colcon_core.environment:checking '/home/ibz/uav_ws/install/px4_msgs/lib'
[335.647s] Level 1:colcon.colcon_core.shell:create_environment_hook('px4_msgs', 'ld_library_path_lib')
[335.647s] INFO:colcon.colcon_core.shell:Creating environment hook '/home/ibz/uav_ws/install/px4_msgs/share/px4_msgs/hook/ld_library_path_lib.ps1'
[335.648s] INFO:colcon.colcon_core.shell:Creating environment descriptor '/home/ibz/uav_ws/install/px4_msgs/share/px4_msgs/hook/ld_library_path_lib.dsv'
[335.648s] INFO:colcon.colcon_core.shell:Creating environment hook '/home/ibz/uav_ws/install/px4_msgs/share/px4_msgs/hook/ld_library_path_lib.sh'
[335.648s] Level 1:colcon.colcon_core.environment:checking '/home/ibz/uav_ws/install/px4_msgs/bin'
[335.648s] Level 1:colcon.colcon_core.environment:checking '/home/ibz/uav_ws/install/px4_msgs/lib/pkgconfig/px4_msgs.pc'
[335.648s] Level 1:colcon.colcon_core.environment:checking '/home/ibz/uav_ws/install/px4_msgs/lib/python3.10/site-packages'
[335.648s] Level 1:colcon.colcon_core.environment:checking '/home/ibz/uav_ws/install/px4_msgs/bin'
[335.648s] INFO:colcon.colcon_core.shell:Creating package script '/home/ibz/uav_ws/install/px4_msgs/share/px4_msgs/package.ps1'
[335.649s] INFO:colcon.colcon_core.shell:Creating package descriptor '/home/ibz/uav_ws/install/px4_msgs/share/px4_msgs/package.dsv'
[335.649s] INFO:colcon.colcon_core.shell:Creating package script '/home/ibz/uav_ws/install/px4_msgs/share/px4_msgs/package.sh'
[335.649s] INFO:colcon.colcon_core.shell:Creating package script '/home/ibz/uav_ws/install/px4_msgs/share/px4_msgs/package.bash'
[335.650s] INFO:colcon.colcon_core.shell:Creating package script '/home/ibz/uav_ws/install/px4_msgs/share/px4_msgs/package.zsh'
[335.650s] Level 1:colcon.colcon_core.environment:create_file_with_runtime_dependencies(/home/ibz/uav_ws/install/px4_msgs/share/colcon-core/packages/px4_msgs)
[335.650s] Level 1:colcon.colcon_core.environment:create_environment_scripts_only(px4_msgs)
[335.650s] Level 1:colcon.colcon_core.environment:checking '/home/ibz/uav_ws/install/px4_msgs' for CMake module files
[335.651s] Level 1:colcon.colcon_core.environment:checking '/home/ibz/uav_ws/install/px4_msgs' for CMake config files
[335.666s] Level 1:colcon.colcon_core.shell:create_environment_hook('px4_msgs', 'cmake_prefix_path')
[335.666s] INFO:colcon.colcon_core.shell:Creating environment hook '/home/ibz/uav_ws/install/px4_msgs/share/px4_msgs/hook/cmake_prefix_path.ps1'
[335.667s] INFO:colcon.colcon_core.shell:Creating environment descriptor '/home/ibz/uav_ws/install/px4_msgs/share/px4_msgs/hook/cmake_prefix_path.dsv'
[335.667s] INFO:colcon.colcon_core.shell:Creating environment hook '/home/ibz/uav_ws/install/px4_msgs/share/px4_msgs/hook/cmake_prefix_path.sh'
[335.667s] Level 1:colcon.colcon_core.environment:checking '/home/ibz/uav_ws/install/px4_msgs/lib'
[335.668s] Level 1:colcon.colcon_core.shell:create_environment_hook('px4_msgs', 'ld_library_path_lib')
[335.668s] INFO:colcon.colcon_core.shell:Creating environment hook '/home/ibz/uav_ws/install/px4_msgs/share/px4_msgs/hook/ld_library_path_lib.ps1'
[335.668s] INFO:colcon.colcon_core.shell:Creating environment descriptor '/home/ibz/uav_ws/install/px4_msgs/share/px4_msgs/hook/ld_library_path_lib.dsv'
[335.668s] INFO:colcon.colcon_core.shell:Creating environment hook '/home/ibz/uav_ws/install/px4_msgs/share/px4_msgs/hook/ld_library_path_lib.sh'
[335.668s] Level 1:colcon.colcon_core.environment:checking '/home/ibz/uav_ws/install/px4_msgs/bin'
[335.668s] Level 1:colcon.colcon_core.environment:checking '/home/ibz/uav_ws/install/px4_msgs/lib/pkgconfig/px4_msgs.pc'
[335.669s] Level 1:colcon.colcon_core.environment:checking '/home/ibz/uav_ws/install/px4_msgs/lib/python3.10/site-packages'
[335.669s] Level 1:colcon.colcon_core.environment:checking '/home/ibz/uav_ws/install/px4_msgs/bin'
[335.669s] INFO:colcon.colcon_core.shell:Creating package script '/home/ibz/uav_ws/install/px4_msgs/share/px4_msgs/package.ps1'
[335.669s] INFO:colcon.colcon_core.shell:Creating package descriptor '/home/ibz/uav_ws/install/px4_msgs/share/px4_msgs/package.dsv'
[335.670s] INFO:colcon.colcon_core.shell:Creating package script '/home/ibz/uav_ws/install/px4_msgs/share/px4_msgs/package.sh'
[335.670s] INFO:colcon.colcon_core.shell:Creating package script '/home/ibz/uav_ws/install/px4_msgs/share/px4_msgs/package.bash'
[335.670s] INFO:colcon.colcon_core.shell:Creating package script '/home/ibz/uav_ws/install/px4_msgs/share/px4_msgs/package.zsh'
[335.670s] Level 1:colcon.colcon_core.environment:create_file_with_runtime_dependencies(/home/ibz/uav_ws/install/px4_msgs/share/colcon-core/packages/px4_msgs)
[335.670s] INFO:colcon.colcon_ros.task.ament_cmake.build:Building ROS package in '/home/ibz/uav_ws/src/px4_ros_com' with build type 'ament_cmake'
[335.671s] INFO:colcon.colcon_cmake.task.cmake.build:Building CMake package in '/home/ibz/uav_ws/src/px4_ros_com'
[335.671s] INFO:colcon.colcon_core.shell:Skip shell extension 'powershell' for command environment: Not usable outside of PowerShell
[335.671s] DEBUG:colcon.colcon_core.shell:Skip shell extension 'dsv' for command environment
[335.693s] DEBUG:colcon.colcon_core.event_handler.log_command:Invoking command in '/home/ibz/uav_ws/build/px4_ros_com': CMAKE_PREFIX_PATH=/home/ibz/uav_ws/install/px4_msgs:/home/ibz/uav_ws/install/microxrcedds_agent:/home/ibz/uav_ws/install/px4_ros_com:/home/ibz/uav_ws/install/uav_simulation:/home/ibz/uav_ws/install/object_tracking:/home/ibz/uav_ws/install/object_detection:/opt/ros/humble LD_LIBRARY_PATH=/home/ibz/uav_ws/install/px4_msgs/lib:/home/ibz/uav_ws/install/microxrcedds_agent/lib:/home/ibz/uav_ws/install/px4_ros_com/lib:/opt/ros/humble/opt/rviz_ogre_vendor/lib:/opt/ros/humble/lib/x86_64-linux-gnu:/opt/ros/humble/lib:/tmp/.mount_cursorKPCUrT/usr/lib/:/tmp/.mount_cursorKPCUrT/usr/lib32/:/tmp/.mount_cursorKPCUrT/usr/lib64/:/tmp/.mount_cursorKPCUrT/lib/:/tmp/.mount_cursorKPCUrT/lib/i386-linux-gnu/:/tmp/.mount_cursorKPCUrT/lib/x86_64-linux-gnu/:/tmp/.mount_cursorKPCUrT/lib/aarch64-linux-gnu/:/tmp/.mount_cursorKPCUrT/lib32/:/tmp/.mount_cursorKPCUrT/lib64/ /usr/bin/cmake /home/ibz/uav_ws/src/px4_ros_com -DAMENT_CMAKE_SYMLINK_INSTALL=1 -DCMAKE_INSTALL_PREFIX=/home/ibz/uav_ws/install/px4_ros_com
[337.466s] DEBUG:colcon.colcon_core.event_handler.log_command:Invoked command in '/home/ibz/uav_ws/build/px4_ros_com' returned '0': CMAKE_PREFIX_PATH=/home/ibz/uav_ws/install/px4_msgs:/home/ibz/uav_ws/install/microxrcedds_agent:/home/ibz/uav_ws/install/px4_ros_com:/home/ibz/uav_ws/install/uav_simulation:/home/ibz/uav_ws/install/object_tracking:/home/ibz/uav_ws/install/object_detection:/opt/ros/humble LD_LIBRARY_PATH=/home/ibz/uav_ws/install/px4_msgs/lib:/home/ibz/uav_ws/install/microxrcedds_agent/lib:/home/ibz/uav_ws/install/px4_ros_com/lib:/opt/ros/humble/opt/rviz_ogre_vendor/lib:/opt/ros/humble/lib/x86_64-linux-gnu:/opt/ros/humble/lib:/tmp/.mount_cursorKPCUrT/usr/lib/:/tmp/.mount_cursorKPCUrT/usr/lib32/:/tmp/.mount_cursorKPCUrT/usr/lib64/:/tmp/.mount_cursorKPCUrT/lib/:/tmp/.mount_cursorKPCUrT/lib/i386-linux-gnu/:/tmp/.mount_cursorKPCUrT/lib/x86_64-linux-gnu/:/tmp/.mount_cursorKPCUrT/lib/aarch64-linux-gnu/:/tmp/.mount_cursorKPCUrT/lib32/:/tmp/.mount_cursorKPCUrT/lib64/ /usr/bin/cmake /home/ibz/uav_ws/src/px4_ros_com -DAMENT_CMAKE_SYMLINK_INSTALL=1 -DCMAKE_INSTALL_PREFIX=/home/ibz/uav_ws/install/px4_ros_com
[337.469s] DEBUG:colcon.colcon_core.event_handler.log_command:Invoking command in '/home/ibz/uav_ws/build/px4_ros_com': CMAKE_PREFIX_PATH=/home/ibz/uav_ws/install/px4_msgs:/home/ibz/uav_ws/install/microxrcedds_agent:/home/ibz/uav_ws/install/px4_ros_com:/home/ibz/uav_ws/install/uav_simulation:/home/ibz/uav_ws/install/object_tracking:/home/ibz/uav_ws/install/object_detection:/opt/ros/humble LD_LIBRARY_PATH=/home/ibz/uav_ws/install/px4_msgs/lib:/home/ibz/uav_ws/install/microxrcedds_agent/lib:/home/ibz/uav_ws/install/px4_ros_com/lib:/opt/ros/humble/opt/rviz_ogre_vendor/lib:/opt/ros/humble/lib/x86_64-linux-gnu:/opt/ros/humble/lib:/tmp/.mount_cursorKPCUrT/usr/lib/:/tmp/.mount_cursorKPCUrT/usr/lib32/:/tmp/.mount_cursorKPCUrT/usr/lib64/:/tmp/.mount_cursorKPCUrT/lib/:/tmp/.mount_cursorKPCUrT/lib/i386-linux-gnu/:/tmp/.mount_cursorKPCUrT/lib/x86_64-linux-gnu/:/tmp/.mount_cursorKPCUrT/lib/aarch64-linux-gnu/:/tmp/.mount_cursorKPCUrT/lib32/:/tmp/.mount_cursorKPCUrT/lib64/ /usr/bin/cmake --build /home/ibz/uav_ws/build/px4_ros_com -- -j12 -l12
[347.895s] DEBUG:colcon.colcon_core.event_handler.log_command:Invoked command in '/home/ibz/uav_ws/build/px4_ros_com' returned '0': CMAKE_PREFIX_PATH=/home/ibz/uav_ws/install/px4_msgs:/home/ibz/uav_ws/install/microxrcedds_agent:/home/ibz/uav_ws/install/px4_ros_com:/home/ibz/uav_ws/install/uav_simulation:/home/ibz/uav_ws/install/object_tracking:/home/ibz/uav_ws/install/object_detection:/opt/ros/humble LD_LIBRARY_PATH=/home/ibz/uav_ws/install/px4_msgs/lib:/home/ibz/uav_ws/install/microxrcedds_agent/lib:/home/ibz/uav_ws/install/px4_ros_com/lib:/opt/ros/humble/opt/rviz_ogre_vendor/lib:/opt/ros/humble/lib/x86_64-linux-gnu:/opt/ros/humble/lib:/tmp/.mount_cursorKPCUrT/usr/lib/:/tmp/.mount_cursorKPCUrT/usr/lib32/:/tmp/.mount_cursorKPCUrT/usr/lib64/:/tmp/.mount_cursorKPCUrT/lib/:/tmp/.mount_cursorKPCUrT/lib/i386-linux-gnu/:/tmp/.mount_cursorKPCUrT/lib/x86_64-linux-gnu/:/tmp/.mount_cursorKPCUrT/lib/aarch64-linux-gnu/:/tmp/.mount_cursorKPCUrT/lib32/:/tmp/.mount_cursorKPCUrT/lib64/ /usr/bin/cmake --build /home/ibz/uav_ws/build/px4_ros_com -- -j12 -l12
[347.897s] DEBUG:colcon.colcon_core.event_handler.log_command:Invoking command in '/home/ibz/uav_ws/build/px4_ros_com': CMAKE_PREFIX_PATH=/home/ibz/uav_ws/install/px4_msgs:/home/ibz/uav_ws/install/microxrcedds_agent:/home/ibz/uav_ws/install/px4_ros_com:/home/ibz/uav_ws/install/uav_simulation:/home/ibz/uav_ws/install/object_tracking:/home/ibz/uav_ws/install/object_detection:/opt/ros/humble LD_LIBRARY_PATH=/home/ibz/uav_ws/install/px4_msgs/lib:/home/ibz/uav_ws/install/microxrcedds_agent/lib:/home/ibz/uav_ws/install/px4_ros_com/lib:/opt/ros/humble/opt/rviz_ogre_vendor/lib:/opt/ros/humble/lib/x86_64-linux-gnu:/opt/ros/humble/lib:/tmp/.mount_cursorKPCUrT/usr/lib/:/tmp/.mount_cursorKPCUrT/usr/lib32/:/tmp/.mount_cursorKPCUrT/usr/lib64/:/tmp/.mount_cursorKPCUrT/lib/:/tmp/.mount_cursorKPCUrT/lib/i386-linux-gnu/:/tmp/.mount_cursorKPCUrT/lib/x86_64-linux-gnu/:/tmp/.mount_cursorKPCUrT/lib/aarch64-linux-gnu/:/tmp/.mount_cursorKPCUrT/lib32/:/tmp/.mount_cursorKPCUrT/lib64/ /usr/bin/cmake --install /home/ibz/uav_ws/build/px4_ros_com
[348.639s] Level 1:colcon.colcon_core.environment:create_environment_scripts_only(px4_ros_com)
[348.639s] Level 1:colcon.colcon_core.environment:checking '/home/ibz/uav_ws/install/px4_ros_com' for CMake module files
[348.640s] Level 1:colcon.colcon_core.environment:checking '/home/ibz/uav_ws/install/px4_ros_com' for CMake config files
[348.640s] DEBUG:colcon.colcon_core.event_handler.log_command:Invoked command in '/home/ibz/uav_ws/build/px4_ros_com' returned '0': CMAKE_PREFIX_PATH=/home/ibz/uav_ws/install/px4_msgs:/home/ibz/uav_ws/install/microxrcedds_agent:/home/ibz/uav_ws/install/px4_ros_com:/home/ibz/uav_ws/install/uav_simulation:/home/ibz/uav_ws/install/object_tracking:/home/ibz/uav_ws/install/object_detection:/opt/ros/humble LD_LIBRARY_PATH=/home/ibz/uav_ws/install/px4_msgs/lib:/home/ibz/uav_ws/install/microxrcedds_agent/lib:/home/ibz/uav_ws/install/px4_ros_com/lib:/opt/ros/humble/opt/rviz_ogre_vendor/lib:/opt/ros/humble/lib/x86_64-linux-gnu:/opt/ros/humble/lib:/tmp/.mount_cursorKPCUrT/usr/lib/:/tmp/.mount_cursorKPCUrT/usr/lib32/:/tmp/.mount_cursorKPCUrT/usr/lib64/:/tmp/.mount_cursorKPCUrT/lib/:/tmp/.mount_cursorKPCUrT/lib/i386-linux-gnu/:/tmp/.mount_cursorKPCUrT/lib/x86_64-linux-gnu/:/tmp/.mount_cursorKPCUrT/lib/aarch64-linux-gnu/:/tmp/.mount_cursorKPCUrT/lib32/:/tmp/.mount_cursorKPCUrT/lib64/ /usr/bin/cmake --install /home/ibz/uav_ws/build/px4_ros_com
[348.641s] Level 1:colcon.colcon_core.shell:create_environment_hook('px4_ros_com', 'cmake_prefix_path')
[348.641s] INFO:colcon.colcon_core.shell:Creating environment hook '/home/ibz/uav_ws/install/px4_ros_com/share/px4_ros_com/hook/cmake_prefix_path.ps1'
[348.641s] INFO:colcon.colcon_core.shell:Creating environment descriptor '/home/ibz/uav_ws/install/px4_ros_com/share/px4_ros_com/hook/cmake_prefix_path.dsv'
[348.642s] INFO:colcon.colcon_core.shell:Creating environment hook '/home/ibz/uav_ws/install/px4_ros_com/share/px4_ros_com/hook/cmake_prefix_path.sh'
[348.642s] Level 1:colcon.colcon_core.environment:checking '/home/ibz/uav_ws/install/px4_ros_com/lib'
[348.642s] Level 1:colcon.colcon_core.shell:create_environment_hook('px4_ros_com', 'ld_library_path_lib')
[348.643s] INFO:colcon.colcon_core.shell:Creating environment hook '/home/ibz/uav_ws/install/px4_ros_com/share/px4_ros_com/hook/ld_library_path_lib.ps1'
[348.643s] INFO:colcon.colcon_core.shell:Creating environment descriptor '/home/ibz/uav_ws/install/px4_ros_com/share/px4_ros_com/hook/ld_library_path_lib.dsv'
[348.643s] INFO:colcon.colcon_core.shell:Creating environment hook '/home/ibz/uav_ws/install/px4_ros_com/share/px4_ros_com/hook/ld_library_path_lib.sh'
[348.644s] Level 1:colcon.colcon_core.environment:checking '/home/ibz/uav_ws/install/px4_ros_com/bin'
[348.644s] Level 1:colcon.colcon_core.environment:checking '/home/ibz/uav_ws/install/px4_ros_com/lib/pkgconfig/px4_ros_com.pc'
[348.644s] Level 1:colcon.colcon_core.environment:checking '/home/ibz/uav_ws/install/px4_ros_com/lib/python3.10/site-packages'
[348.644s] Level 1:colcon.colcon_core.environment:checking '/home/ibz/uav_ws/install/px4_ros_com/bin'
[348.644s] INFO:colcon.colcon_core.shell:Creating package script '/home/ibz/uav_ws/install/px4_ros_com/share/px4_ros_com/package.ps1'
[348.645s] INFO:colcon.colcon_core.shell:Creating package descriptor '/home/ibz/uav_ws/install/px4_ros_com/share/px4_ros_com/package.dsv'
[348.645s] INFO:colcon.colcon_core.shell:Creating package script '/home/ibz/uav_ws/install/px4_ros_com/share/px4_ros_com/package.sh'
[348.646s] INFO:colcon.colcon_core.shell:Creating package script '/home/ibz/uav_ws/install/px4_ros_com/share/px4_ros_com/package.bash'
[348.646s] INFO:colcon.colcon_core.shell:Creating package script '/home/ibz/uav_ws/install/px4_ros_com/share/px4_ros_com/package.zsh'
[348.647s] Level 1:colcon.colcon_core.environment:create_file_with_runtime_dependencies(/home/ibz/uav_ws/install/px4_ros_com/share/colcon-core/packages/px4_ros_com)
[348.647s] Level 1:colcon.colcon_core.environment:create_environment_scripts_only(px4_ros_com)
[348.648s] Level 1:colcon.colcon_core.environment:checking '/home/ibz/uav_ws/install/px4_ros_com' for CMake module files
[348.648s] Level 1:colcon.colcon_core.environment:checking '/home/ibz/uav_ws/install/px4_ros_com' for CMake config files
[348.648s] Level 1:colcon.colcon_core.shell:create_environment_hook('px4_ros_com', 'cmake_prefix_path')
[348.649s] INFO:colcon.colcon_core.shell:Creating environment hook '/home/ibz/uav_ws/install/px4_ros_com/share/px4_ros_com/hook/cmake_prefix_path.ps1'
[348.649s] INFO:colcon.colcon_core.shell:Creating environment descriptor '/home/ibz/uav_ws/install/px4_ros_com/share/px4_ros_com/hook/cmake_prefix_path.dsv'
[348.650s] INFO:colcon.colcon_core.shell:Creating environment hook '/home/ibz/uav_ws/install/px4_ros_com/share/px4_ros_com/hook/cmake_prefix_path.sh'
[348.650s] Level 1:colcon.colcon_core.environment:checking '/home/ibz/uav_ws/install/px4_ros_com/lib'
[348.650s] Level 1:colcon.colcon_core.shell:create_environment_hook('px4_ros_com', 'ld_library_path_lib')
[348.651s] INFO:colcon.colcon_core.shell:Creating environment hook '/home/ibz/uav_ws/install/px4_ros_com/share/px4_ros_com/hook/ld_library_path_lib.ps1'
[348.651s] INFO:colcon.colcon_core.shell:Creating environment descriptor '/home/ibz/uav_ws/install/px4_ros_com/share/px4_ros_com/hook/ld_library_path_lib.dsv'
[348.651s] INFO:colcon.colcon_core.shell:Creating environment hook '/home/ibz/uav_ws/install/px4_ros_com/share/px4_ros_com/hook/ld_library_path_lib.sh'
[348.652s] Level 1:colcon.colcon_core.environment:checking '/home/ibz/uav_ws/install/px4_ros_com/bin'
[348.652s] Level 1:colcon.colcon_core.environment:checking '/home/ibz/uav_ws/install/px4_ros_com/lib/pkgconfig/px4_ros_com.pc'
[348.652s] Level 1:colcon.colcon_core.environment:checking '/home/ibz/uav_ws/install/px4_ros_com/lib/python3.10/site-packages'
[348.652s] Level 1:colcon.colcon_core.environment:checking '/home/ibz/uav_ws/install/px4_ros_com/bin'
[348.652s] INFO:colcon.colcon_core.shell:Creating package script '/home/ibz/uav_ws/install/px4_ros_com/share/px4_ros_com/package.ps1'
[348.653s] INFO:colcon.colcon_core.shell:Creating package descriptor '/home/ibz/uav_ws/install/px4_ros_com/share/px4_ros_com/package.dsv'
[348.653s] INFO:colcon.colcon_core.shell:Creating package script '/home/ibz/uav_ws/install/px4_ros_com/share/px4_ros_com/package.sh'
[348.654s] INFO:colcon.colcon_core.shell:Creating package script '/home/ibz/uav_ws/install/px4_ros_com/share/px4_ros_com/package.bash'
[348.654s] INFO:colcon.colcon_core.shell:Creating package script '/home/ibz/uav_ws/install/px4_ros_com/share/px4_ros_com/package.zsh'
[348.654s] Level 1:colcon.colcon_core.environment:create_file_with_runtime_dependencies(/home/ibz/uav_ws/install/px4_ros_com/share/colcon-core/packages/px4_ros_com)
[348.655s] INFO:colcon.colcon_ros.task.ament_python.build:Building ROS package in '/home/ibz/uav_ws/src/uav_simulation' with build type 'ament_python'
[348.655s] Level 1:colcon.colcon_core.shell:create_environment_hook('uav_simulation', 'ament_prefix_path')
[348.655s] INFO:colcon.colcon_core.shell:Creating environment hook '/home/ibz/uav_ws/install/uav_simulation/share/uav_simulation/hook/ament_prefix_path.ps1'
[348.656s] INFO:colcon.colcon_core.shell:Creating environment descriptor '/home/ibz/uav_ws/install/uav_simulation/share/uav_simulation/hook/ament_prefix_path.dsv'
[348.657s] INFO:colcon.colcon_core.shell:Creating environment hook '/home/ibz/uav_ws/install/uav_simulation/share/uav_simulation/hook/ament_prefix_path.sh'
[348.657s] INFO:colcon.colcon_core.shell:Skip shell extension 'powershell' for command environment: Not usable outside of PowerShell
[348.657s] DEBUG:colcon.colcon_core.shell:Skip shell extension 'dsv' for command environment
[348.959s] INFO:colcon.colcon_core.task.python.build:Building Python package in '/home/ibz/uav_ws/src/uav_simulation'
[348.959s] INFO:colcon.colcon_core.shell:Skip shell extension 'powershell' for command environment: Not usable outside of PowerShell
[348.959s] DEBUG:colcon.colcon_core.shell:Skip shell extension 'dsv' for command environment
[349.302s] DEBUG:colcon.colcon_core.event_handler.log_command:Invoking command in '/home/ibz/uav_ws/build/uav_simulation': CMAKE_PREFIX_PATH=/home/ibz/uav_ws/install/px4_ros_com:/home/ibz/uav_ws/install/px4_msgs:/home/ibz/uav_ws/install/microxrcedds_agent LD_LIBRARY_PATH=/home/ibz/uav_ws/install/px4_ros_com/lib:/home/ibz/uav_ws/install/px4_msgs/lib:/home/ibz/uav_ws/install/microxrcedds_agent/lib:/opt/ros/humble/opt/rviz_ogre_vendor/lib:/opt/ros/humble/lib/x86_64-linux-gnu:/opt/ros/humble/lib:/tmp/.mount_cursorKPCUrT/usr/lib/:/tmp/.mount_cursorKPCUrT/usr/lib32/:/tmp/.mount_cursorKPCUrT/usr/lib64/:/tmp/.mount_cursorKPCUrT/lib/:/tmp/.mount_cursorKPCUrT/lib/i386-linux-gnu/:/tmp/.mount_cursorKPCUrT/lib/x86_64-linux-gnu/:/tmp/.mount_cursorKPCUrT/lib/aarch64-linux-gnu/:/tmp/.mount_cursorKPCUrT/lib32/:/tmp/.mount_cursorKPCUrT/lib64/ PYTHONPATH=/home/ibz/uav_ws/build/uav_simulation/prefix_override:/usr/lib/python3/dist-packages/colcon_core/task/python/colcon_distutils_commands:/home/ibz/uav_ws/install/uav_simulation/lib/python3.10/site-packages:${PYTHONPATH} /usr/bin/python3 -W ignore:setup.py install is deprecated -W ignore:easy_install command is deprecated setup.py develop --editable --build-directory /home/ibz/uav_ws/build/uav_simulation/build --no-deps symlink_data
[349.795s] Level 1:colcon.colcon_core.shell:create_environment_hook('uav_simulation', 'pythonpath_develop')
[349.795s] INFO:colcon.colcon_core.shell:Creating environment hook '/home/ibz/uav_ws/build/uav_simulation/share/uav_simulation/hook/pythonpath_develop.ps1'
[349.796s] DEBUG:colcon.colcon_core.event_handler.log_command:Invoked command in '/home/ibz/uav_ws/build/uav_simulation' returned '0': CMAKE_PREFIX_PATH=/home/ibz/uav_ws/install/px4_ros_com:/home/ibz/uav_ws/install/px4_msgs:/home/ibz/uav_ws/install/microxrcedds_agent LD_LIBRARY_PATH=/home/ibz/uav_ws/install/px4_ros_com/lib:/home/ibz/uav_ws/install/px4_msgs/lib:/home/ibz/uav_ws/install/microxrcedds_agent/lib:/opt/ros/humble/opt/rviz_ogre_vendor/lib:/opt/ros/humble/lib/x86_64-linux-gnu:/opt/ros/humble/lib:/tmp/.mount_cursorKPCUrT/usr/lib/:/tmp/.mount_cursorKPCUrT/usr/lib32/:/tmp/.mount_cursorKPCUrT/usr/lib64/:/tmp/.mount_cursorKPCUrT/lib/:/tmp/.mount_cursorKPCUrT/lib/i386-linux-gnu/:/tmp/.mount_cursorKPCUrT/lib/x86_64-linux-gnu/:/tmp/.mount_cursorKPCUrT/lib/aarch64-linux-gnu/:/tmp/.mount_cursorKPCUrT/lib32/:/tmp/.mount_cursorKPCUrT/lib64/ PYTHONPATH=/home/ibz/uav_ws/build/uav_simulation/prefix_override:/usr/lib/python3/dist-packages/colcon_core/task/python/colcon_distutils_commands:/home/ibz/uav_ws/install/uav_simulation/lib/python3.10/site-packages:${PYTHONPATH} /usr/bin/python3 -W ignore:setup.py install is deprecated -W ignore:easy_install command is deprecated setup.py develop --editable --build-directory /home/ibz/uav_ws/build/uav_simulation/build --no-deps symlink_data
[349.796s] INFO:colcon.colcon_core.shell:Creating environment descriptor '/home/ibz/uav_ws/build/uav_simulation/share/uav_simulation/hook/pythonpath_develop.dsv'
[349.797s] INFO:colcon.colcon_core.shell:Creating environment hook '/home/ibz/uav_ws/build/uav_simulation/share/uav_simulation/hook/pythonpath_develop.sh'
[349.797s] Level 1:colcon.colcon_core.environment:checking '/home/ibz/uav_ws/install/uav_simulation' for CMake module files
[349.797s] Level 1:colcon.colcon_core.environment:checking '/home/ibz/uav_ws/install/uav_simulation' for CMake config files
[349.798s] Level 1:colcon.colcon_core.environment:checking '/home/ibz/uav_ws/install/uav_simulation/lib'
[349.798s] Level 1:colcon.colcon_core.environment:checking '/home/ibz/uav_ws/install/uav_simulation/bin'
[349.798s] Level 1:colcon.colcon_core.shell:create_environment_hook('uav_simulation', 'path')
[349.798s] INFO:colcon.colcon_core.shell:Creating environment hook '/home/ibz/uav_ws/install/uav_simulation/share/uav_simulation/hook/path.ps1'
[349.799s] INFO:colcon.colcon_core.shell:Creating environment descriptor '/home/ibz/uav_ws/install/uav_simulation/share/uav_simulation/hook/path.dsv'
[349.799s] INFO:colcon.colcon_core.shell:Creating environment hook '/home/ibz/uav_ws/install/uav_simulation/share/uav_simulation/hook/path.sh'
[349.800s] Level 1:colcon.colcon_core.environment:checking '/home/ibz/uav_ws/install/uav_simulation/lib/pkgconfig/uav_simulation.pc'
[349.800s] Level 1:colcon.colcon_core.environment:checking '/home/ibz/uav_ws/install/uav_simulation/lib/python3.10/site-packages'
[349.800s] Level 1:colcon.colcon_core.shell:create_environment_hook('uav_simulation', 'pythonpath')
[349.800s] INFO:colcon.colcon_core.shell:Creating environment hook '/home/ibz/uav_ws/install/uav_simulation/share/uav_simulation/hook/pythonpath.ps1'
[349.801s] INFO:colcon.colcon_core.shell:Creating environment descriptor '/home/ibz/uav_ws/install/uav_simulation/share/uav_simulation/hook/pythonpath.dsv'
[349.801s] INFO:colcon.colcon_core.shell:Creating environment hook '/home/ibz/uav_ws/install/uav_simulation/share/uav_simulation/hook/pythonpath.sh'
[349.802s] Level 1:colcon.colcon_core.environment:checking '/home/ibz/uav_ws/install/uav_simulation/bin'
[349.802s] Level 1:colcon.colcon_core.shell:create_environment_hook('uav_simulation', 'pythonscriptspath')
[349.802s] INFO:colcon.colcon_core.shell:Creating environment hook '/home/ibz/uav_ws/install/uav_simulation/share/uav_simulation/hook/pythonscriptspath.ps1'
[349.802s] INFO:colcon.colcon_core.shell:Creating environment descriptor '/home/ibz/uav_ws/install/uav_simulation/share/uav_simulation/hook/pythonscriptspath.dsv'
[349.803s] INFO:colcon.colcon_core.shell:Creating environment hook '/home/ibz/uav_ws/install/uav_simulation/share/uav_simulation/hook/pythonscriptspath.sh'
[349.803s] Level 1:colcon.colcon_core.environment:create_environment_scripts_only(uav_simulation)
[349.803s] INFO:colcon.colcon_core.shell:Creating package script '/home/ibz/uav_ws/install/uav_simulation/share/uav_simulation/package.ps1'
[349.804s] INFO:colcon.colcon_core.shell:Creating package descriptor '/home/ibz/uav_ws/install/uav_simulation/share/uav_simulation/package.dsv'
[349.804s] INFO:colcon.colcon_core.shell:Creating package script '/home/ibz/uav_ws/install/uav_simulation/share/uav_simulation/package.sh'
[349.805s] INFO:colcon.colcon_core.shell:Creating package script '/home/ibz/uav_ws/install/uav_simulation/share/uav_simulation/package.bash'
[349.805s] INFO:colcon.colcon_core.shell:Creating package script '/home/ibz/uav_ws/install/uav_simulation/share/uav_simulation/package.zsh'
[349.806s] Level 1:colcon.colcon_core.environment:create_file_with_runtime_dependencies(/home/ibz/uav_ws/install/uav_simulation/share/colcon-core/packages/uav_simulation)
[349.806s] DEBUG:colcon.colcon_parallel_executor.executor.parallel:closing loop
[349.806s] DEBUG:colcon.colcon_parallel_executor.executor.parallel:loop closed
[349.806s] DEBUG:colcon.colcon_parallel_executor.executor.parallel:run_until_complete finished with '0'
[349.806s] DEBUG:colcon.colcon_core.event_reactor:joining thread
[349.813s] INFO:colcon.colcon_core.plugin_system:Skipping extension 'colcon_notification.desktop_notification.terminal_notifier': Not used on non-Darwin systems
[349.814s] INFO:colcon.colcon_core.plugin_system:Skipping extension 'colcon_notification.desktop_notification.win32': Not used on non-Windows systems
[349.814s] INFO:colcon.colcon_notification.desktop_notification:Sending desktop notification using 'notify2'
[349.824s] DEBUG:colcon.colcon_core.event_reactor:joined thread
[349.824s] INFO:colcon.colcon_core.shell:Creating prefix script '/home/ibz/uav_ws/install/local_setup.ps1'
[349.825s] INFO:colcon.colcon_core.shell:Creating prefix util module '/home/ibz/uav_ws/install/_local_setup_util_ps1.py'
[349.826s] INFO:colcon.colcon_core.shell:Creating prefix chain script '/home/ibz/uav_ws/install/setup.ps1'
[349.827s] INFO:colcon.colcon_core.shell:Creating prefix script '/home/ibz/uav_ws/install/local_setup.sh'
[349.827s] INFO:colcon.colcon_core.shell:Creating prefix util module '/home/ibz/uav_ws/install/_local_setup_util_sh.py'
[349.828s] INFO:colcon.colcon_core.shell:Creating prefix chain script '/home/ibz/uav_ws/install/setup.sh'
[349.829s] INFO:colcon.colcon_core.shell:Creating prefix script '/home/ibz/uav_ws/install/local_setup.bash'
[349.829s] INFO:colcon.colcon_core.shell:Creating prefix chain script '/home/ibz/uav_ws/install/setup.bash'
[349.830s] INFO:colcon.colcon_core.shell:Creating prefix script '/home/ibz/uav_ws/install/local_setup.zsh'
[349.830s] INFO:colcon.colcon_core.shell:Creating prefix chain script '/home/ibz/uav_ws/install/setup.zsh'
