[0.021s] Invoking command in '/home/ibz/uav_ws/build/px4_ros_com': CMAKE_PREFIX_PATH=/home/ibz/uav_ws/install/px4_msgs:/home/ibz/uav_ws/install/microxrcedds_agent:/home/ibz/uav_ws/install/px4_ros_com:/home/ibz/uav_ws/install/uav_simulation:/home/ibz/uav_ws/install/object_tracking:/home/ibz/uav_ws/install/object_detection:/opt/ros/humble LD_LIBRARY_PATH=/home/ibz/uav_ws/install/px4_msgs/lib:/home/ibz/uav_ws/install/microxrcedds_agent/lib:/home/ibz/uav_ws/install/px4_ros_com/lib:/opt/ros/humble/opt/rviz_ogre_vendor/lib:/opt/ros/humble/lib/x86_64-linux-gnu:/opt/ros/humble/lib:/tmp/.mount_cursorKPCUrT/usr/lib/:/tmp/.mount_cursorKPCUrT/usr/lib32/:/tmp/.mount_cursorKPCUrT/usr/lib64/:/tmp/.mount_cursorKPCUrT/lib/:/tmp/.mount_cursorKPCUrT/lib/i386-linux-gnu/:/tmp/.mount_cursorKPCUrT/lib/x86_64-linux-gnu/:/tmp/.mount_cursorKPCUrT/lib/aarch64-linux-gnu/:/tmp/.mount_cursorKPCUrT/lib32/:/tmp/.mount_cursorKPCUrT/lib64/ /usr/bin/cmake /home/ibz/uav_ws/src/px4_ros_com -DAMENT_CMAKE_SYMLINK_INSTALL=1 -DCMAKE_INSTALL_PREFIX=/home/ibz/uav_ws/install/px4_ros_com
[0.113s] -- The C compiler identification is GNU 11.4.0
[0.181s] -- The CXX compiler identification is GNU 11.4.0
[0.190s] -- Detecting C compiler ABI info
[0.312s] -- Detecting C compiler ABI info - done
[0.316s] -- Check for working C compiler: /usr/bin/cc - skipped
[0.317s] -- Detecting C compile features
[0.317s] -- Detecting C compile features - done
[0.319s] -- Detecting CXX compiler ABI info
[0.450s] -- Detecting CXX compiler ABI info - done
[0.458s] -- Check for working CXX compiler: /usr/bin/c++ - skipped
[0.459s] -- Detecting CXX compile features
[0.459s] -- Detecting CXX compile features - done
[0.461s] -- Found ament_cmake: 1.3.11 (/opt/ros/humble/share/ament_cmake/cmake)
[0.649s] -- Found Python3: /usr/bin/python3 (found version "3.10.12") found components: Interpreter 
[0.740s] -- Override CMake install command with custom implementation using symlinks instead of copying resources
[0.813s] -- Found builtin_interfaces: 1.2.1 (/opt/ros/humble/share/builtin_interfaces/cmake)
[0.838s] -- Found rosidl_generator_c: 3.1.6 (/opt/ros/humble/share/rosidl_generator_c/cmake)
[0.844s] -- Found rosidl_adapter: 3.1.6 (/opt/ros/humble/share/rosidl_adapter/cmake)
[0.856s] -- Found rosidl_generator_cpp: 3.1.6 (/opt/ros/humble/share/rosidl_generator_cpp/cmake)
[0.870s] -- Using all available rosidl_typesupport_c: rosidl_typesupport_fastrtps_c;rosidl_typesupport_introspection_c
[0.883s] -- Using all available rosidl_typesupport_cpp: rosidl_typesupport_fastrtps_cpp;rosidl_typesupport_introspection_cpp
[0.895s] -- Found eigen3_cmake_module: 0.1.1 (/opt/ros/humble/share/eigen3_cmake_module/cmake)
[0.902s] -- Found Eigen3: TRUE (found version "3.4.0") 
[0.904s] -- Found geometry_msgs: 4.8.0 (/opt/ros/humble/share/geometry_msgs/cmake)
[0.942s] -- Found px4_msgs: 2.0.1 (/home/ibz/uav_ws/install/px4_msgs/share/px4_msgs/cmake)
[0.976s] -- Found rclcpp: 16.0.12 (/opt/ros/humble/share/rclcpp/cmake)
[1.038s] -- Found rmw_implementation_cmake: 6.1.2 (/opt/ros/humble/share/rmw_implementation_cmake/cmake)
[1.041s] -- Found rmw_fastrtps_cpp: 6.2.7 (/opt/ros/humble/share/rmw_fastrtps_cpp/cmake)
[1.202s] -- Found OpenSSL: /usr/lib/x86_64-linux-gnu/libcrypto.so (found version "3.0.2")  
[1.233s] -- Found FastRTPS: /opt/ros/humble/include  
[1.282s] -- Using RMW implementation 'rmw_fastrtps_cpp' as default
[1.290s] -- Looking for pthread.h
[1.412s] -- Looking for pthread.h - found
[1.412s] -- Performing Test CMAKE_HAVE_LIBC_PTHREAD
[1.531s] -- Performing Test CMAKE_HAVE_LIBC_PTHREAD - Success
[1.532s] -- Found Threads: TRUE  
[1.563s] -- Found sensor_msgs: 4.8.0 (/opt/ros/humble/share/sensor_msgs/cmake)
[1.578s] -- Found rclpy: 3.3.16 (/opt/ros/humble/share/rclpy/cmake)
[1.592s] -- Found ament_lint_auto: 0.12.12 (/opt/ros/humble/share/ament_lint_auto/cmake)
[1.738s] -- Added test 'copyright' to check source files copyright and LICENSE
[1.741s] -- Added test 'cppcheck' to perform static code analysis on C / C++ code
[1.741s] -- Configured cppcheck include dirs: /home/ibz/uav_ws/src/px4_ros_com/include;$<BUILD_INTERFACE:/home/ibz/uav_ws/src/px4_ros_com/include/px4_ros_com>
[1.741s] -- Configured cppcheck exclude dirs and/or files: 
[1.745s] -- Added test 'cpplint' to check C / C++ code against the Google style
[1.745s] -- Configured cpplint exclude dirs and/or files: 
[1.745s] -- Added test 'flake8' to check Python code syntax and style conventions
[1.746s] -- Added test 'lint_cmake' to check CMake code style
[1.747s] -- Added test 'pep257' to check Python code against some of the docstring style conventions in PEP 257
[1.749s] -- Added test 'uncrustify' to check C / C++ code style
[1.749s] -- Configured uncrustify additional arguments: 
[1.750s] -- Added test 'xmllint' to check XML markup files
[1.753s] -- Configuring done
[1.771s] -- Generating done
[1.778s] -- Build files have been written to: /home/ibz/uav_ws/build/px4_ros_com
[1.795s] Invoked command in '/home/ibz/uav_ws/build/px4_ros_com' returned '0': CMAKE_PREFIX_PATH=/home/ibz/uav_ws/install/px4_msgs:/home/ibz/uav_ws/install/microxrcedds_agent:/home/ibz/uav_ws/install/px4_ros_com:/home/ibz/uav_ws/install/uav_simulation:/home/ibz/uav_ws/install/object_tracking:/home/ibz/uav_ws/install/object_detection:/opt/ros/humble LD_LIBRARY_PATH=/home/ibz/uav_ws/install/px4_msgs/lib:/home/ibz/uav_ws/install/microxrcedds_agent/lib:/home/ibz/uav_ws/install/px4_ros_com/lib:/opt/ros/humble/opt/rviz_ogre_vendor/lib:/opt/ros/humble/lib/x86_64-linux-gnu:/opt/ros/humble/lib:/tmp/.mount_cursorKPCUrT/usr/lib/:/tmp/.mount_cursorKPCUrT/usr/lib32/:/tmp/.mount_cursorKPCUrT/usr/lib64/:/tmp/.mount_cursorKPCUrT/lib/:/tmp/.mount_cursorKPCUrT/lib/i386-linux-gnu/:/tmp/.mount_cursorKPCUrT/lib/x86_64-linux-gnu/:/tmp/.mount_cursorKPCUrT/lib/aarch64-linux-gnu/:/tmp/.mount_cursorKPCUrT/lib32/:/tmp/.mount_cursorKPCUrT/lib64/ /usr/bin/cmake /home/ibz/uav_ws/src/px4_ros_com -DAMENT_CMAKE_SYMLINK_INSTALL=1 -DCMAKE_INSTALL_PREFIX=/home/ibz/uav_ws/install/px4_ros_com
[1.797s] Invoking command in '/home/ibz/uav_ws/build/px4_ros_com': CMAKE_PREFIX_PATH=/home/ibz/uav_ws/install/px4_msgs:/home/ibz/uav_ws/install/microxrcedds_agent:/home/ibz/uav_ws/install/px4_ros_com:/home/ibz/uav_ws/install/uav_simulation:/home/ibz/uav_ws/install/object_tracking:/home/ibz/uav_ws/install/object_detection:/opt/ros/humble LD_LIBRARY_PATH=/home/ibz/uav_ws/install/px4_msgs/lib:/home/ibz/uav_ws/install/microxrcedds_agent/lib:/home/ibz/uav_ws/install/px4_ros_com/lib:/opt/ros/humble/opt/rviz_ogre_vendor/lib:/opt/ros/humble/lib/x86_64-linux-gnu:/opt/ros/humble/lib:/tmp/.mount_cursorKPCUrT/usr/lib/:/tmp/.mount_cursorKPCUrT/usr/lib32/:/tmp/.mount_cursorKPCUrT/usr/lib64/:/tmp/.mount_cursorKPCUrT/lib/:/tmp/.mount_cursorKPCUrT/lib/i386-linux-gnu/:/tmp/.mount_cursorKPCUrT/lib/x86_64-linux-gnu/:/tmp/.mount_cursorKPCUrT/lib/aarch64-linux-gnu/:/tmp/.mount_cursorKPCUrT/lib32/:/tmp/.mount_cursorKPCUrT/lib64/ /usr/bin/cmake --build /home/ibz/uav_ws/build/px4_ros_com -- -j12 -l12
[1.965s] [  8%] [32mBuilding CXX object CMakeFiles/frame_transforms.dir/src/lib/frame_transforms.cpp.o[0m
[1.974s] [ 16%] [32mBuilding CXX object CMakeFiles/offboard_control.dir/src/examples/offboard/offboard_control.cpp.o[0m
[1.980s] [ 25%] [32mBuilding CXX object CMakeFiles/sensor_combined_listener.dir/src/examples/listeners/sensor_combined_listener.cpp.o[0m
[1.982s] [ 33%] [32mBuilding CXX object CMakeFiles/vehicle_gps_position_listener.dir/src/examples/listeners/vehicle_gps_position_listener.cpp.o[0m
[1.988s] [ 41%] [32mBuilding CXX object CMakeFiles/debug_vect_advertiser.dir/src/examples/advertisers/debug_vect_advertiser.cpp.o[0m
[1.993s] [ 50%] [32mBuilding CXX object CMakeFiles/offboard_control_srv.dir/src/examples/offboard/offboard_control_srv.cpp.o[0m
[2.003s] [ 50%] Built target ament_cmake_python_symlink_px4_ros_com
[2.532s] running egg_info
[2.533s] creating px4_ros_com.egg-info
[2.533s] writing px4_ros_com.egg-info/PKG-INFO
[2.533s] writing dependency_links to px4_ros_com.egg-info/dependency_links.txt
[2.534s] writing top-level names to px4_ros_com.egg-info/top_level.txt
[2.534s] writing manifest file 'px4_ros_com.egg-info/SOURCES.txt'
[2.538s] reading manifest file 'px4_ros_com.egg-info/SOURCES.txt'
[2.540s] writing manifest file 'px4_ros_com.egg-info/SOURCES.txt'
[2.612s] [ 50%] Built target ament_cmake_python_build_px4_ros_com_egg
[7.511s] [ 58%] [32m[1mLinking CXX executable debug_vect_advertiser[0m
[7.878s] [ 58%] Built target debug_vect_advertiser
[8.336s] [ 66%] [32m[1mLinking CXX executable offboard_control[0m
[8.652s] [ 66%] Built target offboard_control
[9.069s] [ 75%] [32m[1mLinking CXX executable offboard_control_srv[0m
[9.358s] [ 75%] Built target offboard_control_srv
[10.673s] [ 83%] [32m[1mLinking CXX shared library libframe_transforms.so[0m
[10.986s] [ 83%] Built target frame_transforms
[11.636s] [ 91%] [32m[1mLinking CXX executable vehicle_gps_position_listener[0m
[11.795s] [100%] [32m[1mLinking CXX executable sensor_combined_listener[0m
[12.048s] [100%] Built target vehicle_gps_position_listener
[12.205s] [100%] Built target sensor_combined_listener
[12.224s] Invoked command in '/home/ibz/uav_ws/build/px4_ros_com' returned '0': CMAKE_PREFIX_PATH=/home/ibz/uav_ws/install/px4_msgs:/home/ibz/uav_ws/install/microxrcedds_agent:/home/ibz/uav_ws/install/px4_ros_com:/home/ibz/uav_ws/install/uav_simulation:/home/ibz/uav_ws/install/object_tracking:/home/ibz/uav_ws/install/object_detection:/opt/ros/humble LD_LIBRARY_PATH=/home/ibz/uav_ws/install/px4_msgs/lib:/home/ibz/uav_ws/install/microxrcedds_agent/lib:/home/ibz/uav_ws/install/px4_ros_com/lib:/opt/ros/humble/opt/rviz_ogre_vendor/lib:/opt/ros/humble/lib/x86_64-linux-gnu:/opt/ros/humble/lib:/tmp/.mount_cursorKPCUrT/usr/lib/:/tmp/.mount_cursorKPCUrT/usr/lib32/:/tmp/.mount_cursorKPCUrT/usr/lib64/:/tmp/.mount_cursorKPCUrT/lib/:/tmp/.mount_cursorKPCUrT/lib/i386-linux-gnu/:/tmp/.mount_cursorKPCUrT/lib/x86_64-linux-gnu/:/tmp/.mount_cursorKPCUrT/lib/aarch64-linux-gnu/:/tmp/.mount_cursorKPCUrT/lib32/:/tmp/.mount_cursorKPCUrT/lib64/ /usr/bin/cmake --build /home/ibz/uav_ws/build/px4_ros_com -- -j12 -l12
[12.225s] Invoking command in '/home/ibz/uav_ws/build/px4_ros_com': CMAKE_PREFIX_PATH=/home/ibz/uav_ws/install/px4_msgs:/home/ibz/uav_ws/install/microxrcedds_agent:/home/ibz/uav_ws/install/px4_ros_com:/home/ibz/uav_ws/install/uav_simulation:/home/ibz/uav_ws/install/object_tracking:/home/ibz/uav_ws/install/object_detection:/opt/ros/humble LD_LIBRARY_PATH=/home/ibz/uav_ws/install/px4_msgs/lib:/home/ibz/uav_ws/install/microxrcedds_agent/lib:/home/ibz/uav_ws/install/px4_ros_com/lib:/opt/ros/humble/opt/rviz_ogre_vendor/lib:/opt/ros/humble/lib/x86_64-linux-gnu:/opt/ros/humble/lib:/tmp/.mount_cursorKPCUrT/usr/lib/:/tmp/.mount_cursorKPCUrT/usr/lib32/:/tmp/.mount_cursorKPCUrT/usr/lib64/:/tmp/.mount_cursorKPCUrT/lib/:/tmp/.mount_cursorKPCUrT/lib/i386-linux-gnu/:/tmp/.mount_cursorKPCUrT/lib/x86_64-linux-gnu/:/tmp/.mount_cursorKPCUrT/lib/aarch64-linux-gnu/:/tmp/.mount_cursorKPCUrT/lib32/:/tmp/.mount_cursorKPCUrT/lib64/ /usr/bin/cmake --install /home/ibz/uav_ws/build/px4_ros_com
[12.237s] -- Install configuration: ""
[12.238s] -- Execute custom install script
[12.238s] -- Symlinking: /home/ibz/uav_ws/install/px4_ros_com/lib/px4_ros_com/sensor_combined_listener
[12.254s] -- Symlinking: /home/ibz/uav_ws/install/px4_ros_com/lib/px4_ros_com/vehicle_gps_position_listener
[12.266s] -- Symlinking: /home/ibz/uav_ws/install/px4_ros_com/lib/px4_ros_com/debug_vect_advertiser
[12.281s] -- Symlinking: /home/ibz/uav_ws/install/px4_ros_com/lib/px4_ros_com/offboard_control
[12.297s] -- Symlinking: /home/ibz/uav_ws/install/px4_ros_com/lib/px4_ros_com/offboard_control_srv
[12.310s] -- Symlinking: /home/ibz/uav_ws/install/px4_ros_com/share/px4_ros_com/environment/library_path.sh
[12.322s] -- Symlinking: /home/ibz/uav_ws/install/px4_ros_com/share/px4_ros_com/environment/library_path.dsv
[12.334s] -- Symlinking: /home/ibz/uav_ws/install/px4_ros_com/include/px4_ros_com/frame_transforms.h
[12.352s] -- Symlinking: /home/ibz/uav_ws/install/px4_ros_com/share/px4_ros_com//launch/offboard_control_launch.yaml
[12.363s] -- Symlinking: /home/ibz/uav_ws/install/px4_ros_com/share/px4_ros_com//launch/sensor_combined_listener.launch.py
[12.383s] -- Symlinking: /home/ibz/uav_ws/install/px4_ros_com/share/px4_ros_com//test/__init__.py
[12.397s] -- Symlinking: /home/ibz/uav_ws/install/px4_ros_com/share/px4_ros_com//test/pipeline_io_test.py
[12.416s] -- Symlinking: /home/ibz/uav_ws/install/px4_ros_com/share/px4_ros_com//test/test_input.py
[12.434s] -- Symlinking: /home/ibz/uav_ws/install/px4_ros_com/share/px4_ros_com//test/test_output.py
[12.448s] -- Symlinking: /home/ibz/uav_ws/install/px4_ros_com/share/px4_ros_com/environment/pythonpath.sh
[12.466s] -- Symlinking: /home/ibz/uav_ws/install/px4_ros_com/share/px4_ros_com/environment/pythonpath.dsv
[12.481s] -- Symlinking: /home/ibz/uav_ws/install/px4_ros_com/local/lib/python3.10/dist-packages/px4_ros_com-0.1.0-py3.10.egg-info/PKG-INFO
[12.493s] -- Symlinking: /home/ibz/uav_ws/install/px4_ros_com/local/lib/python3.10/dist-packages/px4_ros_com-0.1.0-py3.10.egg-info/SOURCES.txt
[12.506s] -- Symlinking: /home/ibz/uav_ws/install/px4_ros_com/local/lib/python3.10/dist-packages/px4_ros_com-0.1.0-py3.10.egg-info/dependency_links.txt
[12.521s] -- Symlinking: /home/ibz/uav_ws/install/px4_ros_com/local/lib/python3.10/dist-packages/px4_ros_com-0.1.0-py3.10.egg-info/top_level.txt
[12.544s] -- Symlinking: /home/ibz/uav_ws/install/px4_ros_com/local/lib/python3.10/dist-packages/px4_ros_com/__init__.py
[12.561s] -- Symlinking: /home/ibz/uav_ws/install/px4_ros_com/local/lib/python3.10/dist-packages/px4_ros_com/module_to_import.py
[12.576s] -- Symlinking: /home/ibz/uav_ws/install/px4_ros_com/lib/px4_ros_com/offboard_control.py
[12.594s] -- Symlinking: /home/ibz/uav_ws/install/px4_ros_com/share/ament_index/resource_index/package_run_dependencies/px4_ros_com
[12.616s] -- Symlinking: /home/ibz/uav_ws/install/px4_ros_com/share/ament_index/resource_index/parent_prefix_path/px4_ros_com
[12.631s] -- Symlinking: /home/ibz/uav_ws/install/px4_ros_com/share/px4_ros_com/environment/ament_prefix_path.sh
[12.650s] -- Symlinking: /home/ibz/uav_ws/install/px4_ros_com/share/px4_ros_com/environment/ament_prefix_path.dsv
[12.667s] -- Symlinking: /home/ibz/uav_ws/install/px4_ros_com/share/px4_ros_com/environment/path.sh
[12.684s] -- Symlinking: /home/ibz/uav_ws/install/px4_ros_com/share/px4_ros_com/environment/path.dsv
[12.703s] -- Symlinking: /home/ibz/uav_ws/install/px4_ros_com/share/px4_ros_com/local_setup.bash
[12.720s] -- Symlinking: /home/ibz/uav_ws/install/px4_ros_com/share/px4_ros_com/local_setup.sh
[12.737s] -- Symlinking: /home/ibz/uav_ws/install/px4_ros_com/share/px4_ros_com/local_setup.zsh
[12.754s] -- Symlinking: /home/ibz/uav_ws/install/px4_ros_com/share/px4_ros_com/local_setup.dsv
[12.773s] -- Symlinking: /home/ibz/uav_ws/install/px4_ros_com/share/px4_ros_com/package.dsv
[12.791s] -- Symlinking: /home/ibz/uav_ws/install/px4_ros_com/share/ament_index/resource_index/packages/px4_ros_com
[12.808s] -- Symlinking: /home/ibz/uav_ws/install/px4_ros_com/share/px4_ros_com/cmake/ament_cmake_export_dependencies-extras.cmake
[12.830s] -- Symlinking: /home/ibz/uav_ws/install/px4_ros_com/share/px4_ros_com/cmake/ament_cmake_export_targets-extras.cmake
[12.843s] -- Symlinking: /home/ibz/uav_ws/install/px4_ros_com/share/px4_ros_com/cmake/ament_cmake_export_include_directories-extras.cmake
[12.862s] -- Symlinking: /home/ibz/uav_ws/install/px4_ros_com/share/px4_ros_com/cmake/ament_cmake_export_libraries-extras.cmake
[12.879s] -- Symlinking: /home/ibz/uav_ws/install/px4_ros_com/share/px4_ros_com/cmake/px4_ros_comConfig.cmake
[12.890s] -- Symlinking: /home/ibz/uav_ws/install/px4_ros_com/share/px4_ros_com/cmake/px4_ros_comConfig-version.cmake
[12.902s] -- Symlinking: /home/ibz/uav_ws/install/px4_ros_com/share/px4_ros_com/package.xml
[12.917s] -- Installing: /home/ibz/uav_ws/install/px4_ros_com/lib/libframe_transforms.so
[12.920s] -- Set runtime path of "/home/ibz/uav_ws/install/px4_ros_com/lib/libframe_transforms.so" to ""
[12.960s] Listing '/home/ibz/uav_ws/install/px4_ros_com/local/lib/python3.10/dist-packages/px4_ros_com'...
[12.960s] Compiling '/home/ibz/uav_ws/install/px4_ros_com/local/lib/python3.10/dist-packages/px4_ros_com/__init__.py'...
[12.961s] Compiling '/home/ibz/uav_ws/install/px4_ros_com/local/lib/python3.10/dist-packages/px4_ros_com/module_to_import.py'...
[12.966s] -- Installing: /home/ibz/uav_ws/install/px4_ros_com/share/px4_ros_com/cmake/export_frame_transformsExport.cmake
[12.966s] -- Installing: /home/ibz/uav_ws/install/px4_ros_com/share/px4_ros_com/cmake/export_frame_transformsExport-noconfig.cmake
[12.969s] Invoked command in '/home/ibz/uav_ws/build/px4_ros_com' returned '0': CMAKE_PREFIX_PATH=/home/ibz/uav_ws/install/px4_msgs:/home/ibz/uav_ws/install/microxrcedds_agent:/home/ibz/uav_ws/install/px4_ros_com:/home/ibz/uav_ws/install/uav_simulation:/home/ibz/uav_ws/install/object_tracking:/home/ibz/uav_ws/install/object_detection:/opt/ros/humble LD_LIBRARY_PATH=/home/ibz/uav_ws/install/px4_msgs/lib:/home/ibz/uav_ws/install/microxrcedds_agent/lib:/home/ibz/uav_ws/install/px4_ros_com/lib:/opt/ros/humble/opt/rviz_ogre_vendor/lib:/opt/ros/humble/lib/x86_64-linux-gnu:/opt/ros/humble/lib:/tmp/.mount_cursorKPCUrT/usr/lib/:/tmp/.mount_cursorKPCUrT/usr/lib32/:/tmp/.mount_cursorKPCUrT/usr/lib64/:/tmp/.mount_cursorKPCUrT/lib/:/tmp/.mount_cursorKPCUrT/lib/i386-linux-gnu/:/tmp/.mount_cursorKPCUrT/lib/x86_64-linux-gnu/:/tmp/.mount_cursorKPCUrT/lib/aarch64-linux-gnu/:/tmp/.mount_cursorKPCUrT/lib32/:/tmp/.mount_cursorKPCUrT/lib64/ /usr/bin/cmake --install /home/ibz/uav_ws/build/px4_ros_com
